2023-11-23 09:08:45,912 [INFO] Activator:176 - 


2023-11-23 09:08:45,922 [INFO] Activator:177 - !SESSION log4j initialized
2023-11-23 09:08:55,474 [INFO] LogOutputStream:77 - [STDOUT_REDIRECT] 
2023-11-23 09:08:58,248 [INFO] ApplicationProperties:184 - Using Application install path: /home/cbiale/st/stm32cubeide_1.13.2/plugins/com.st.stm32cube.common.mx_6.9.2.202309101412
2023-11-23 09:08:58,294 [INFO] DbMcusXml:78 - Set database path to: /home/cbiale/st/stm32cubeide_1.13.2/plugins/com.st.stm32cube.common.mx_6.9.2.202309101412//db//mcu/
2023-11-23 09:08:58,295 [INFO] ApiDb:274 - Set plugin database path to: /home/cbiale/st/stm32cubeide_1.13.2/plugins/com.st.stm32cube.common.mx_6.9.2.202309101412//db//plugins/boardmanager/
2023-11-23 09:08:58,296 [WARN] ApiDb:259 - Overriding images path with different value:  => /home/cbiale/st/stm32cubeide_1.13.2/plugins/com.st.stm32cube.common.mx_6.9.2.202309101412//db//plugins/mcufinder/images/
2023-11-23 09:08:58,388 [INFO] ApiDb:250 - Set database path to: /home/cbiale/.stmcufinder/plugins/mcufinder//mcu/
2023-11-23 09:08:58,391 [INFO] DbMcusAds:125 - Set database path to: /home/cbiale/.stmcufinder/plugins/mcufinder//mcu/
2023-11-23 09:08:58,399 [INFO] CrossReferenceDbSqlite:203 - Set database path to: /home/cbiale/.stmcufinder/plugins/mcufinder//mcu/cs/
2023-11-23 09:08:58,806 [INFO] RulesReader:64 - Compatibility file has been processed (293 Rules)
2023-11-23 09:08:58,958 [INFO] DbMcusXml:78 - Set database path to: /home/cbiale/st/stm32cubeide_1.13.2/plugins/com.st.stm32cube.common.mx_6.9.2.202309101412//db//mcu/
2023-11-23 09:08:58,958 [INFO] ApiDb:274 - Set plugin database path to: /home/cbiale/st/stm32cubeide_1.13.2/plugins/com.st.stm32cube.common.mx_6.9.2.202309101412//db//plugins/boardmanager/
2023-11-23 09:08:58,959 [INFO] ApiDb:261 - Set plugin images path to: /home/cbiale/st/stm32cubeide_1.13.2/plugins/com.st.stm32cube.common.mx_6.9.2.202309101412//db//plugins/mcufinder/images/
2023-11-23 09:08:58,960 [WARN] DbFile:41 - Overriding database path with different value: /home/cbiale/.stmcufinder/plugins/mcufinder/ => /home/cbiale/.stmcufinder/plugins/mcufinder
2023-11-23 09:08:58,960 [INFO] ApiDb:250 - Set database path to: /home/cbiale/.stmcufinder/plugins/mcufinder//mcu/
2023-11-23 09:08:58,960 [WARN] DbFile:41 - Overriding database path with different value: /home/cbiale/.stmcufinder/plugins/mcufinder/ => /home/cbiale/.stmcufinder/plugins/mcufinder
2023-11-23 09:08:58,960 [INFO] DbMcusAds:125 - Set database path to: /home/cbiale/.stmcufinder/plugins/mcufinder//mcu/
2023-11-23 09:08:58,960 [WARN] DbFile:41 - Overriding database path with different value: /home/cbiale/.stmcufinder/plugins/mcufinder/ => /home/cbiale/.stmcufinder/plugins/mcufinder
2023-11-23 09:08:58,961 [WARN] DbFile:41 - Overriding database path with different value: /home/cbiale/.stmcufinder/plugins/mcufinder/ => /home/cbiale/.stmcufinder/plugins/mcufinder
2023-11-23 09:08:58,961 [INFO] CrossReferenceDbSqlite:203 - Set database path to: /home/cbiale/.stmcufinder/plugins/mcufinder//mcu/cs/
2023-11-23 09:08:59,165 [INFO] MainPanel:262 - HeapMemory: 268435456
2023-11-23 09:08:59,457 [INFO] DbMcusXml:78 - Set database path to: /home/cbiale/st/stm32cubeide_1.13.2/plugins/com.st.stm32cube.common.mx_6.9.2.202309101412//db//mcu/
2023-11-23 09:08:59,457 [INFO] ApiDb:274 - Set plugin database path to: /home/cbiale/st/stm32cubeide_1.13.2/plugins/com.st.stm32cube.common.mx_6.9.2.202309101412//db//plugins/boardmanager/
2023-11-23 09:08:59,457 [INFO] ApiDb:261 - Set plugin images path to: /home/cbiale/st/stm32cubeide_1.13.2/plugins/com.st.stm32cube.common.mx_6.9.2.202309101412//db//plugins/mcufinder/images/
2023-11-23 09:08:59,458 [WARN] DbFile:41 - Overriding database path with different value: /home/cbiale/.stmcufinder/plugins/mcufinder/ => /home/cbiale/.stmcufinder/plugins/mcufinder
2023-11-23 09:08:59,459 [INFO] ApiDb:250 - Set database path to: /home/cbiale/.stmcufinder/plugins/mcufinder//mcu/
2023-11-23 09:08:59,459 [WARN] DbFile:41 - Overriding database path with different value: /home/cbiale/.stmcufinder/plugins/mcufinder/ => /home/cbiale/.stmcufinder/plugins/mcufinder
2023-11-23 09:08:59,459 [INFO] DbMcusAds:125 - Set database path to: /home/cbiale/.stmcufinder/plugins/mcufinder//mcu/
2023-11-23 09:08:59,459 [WARN] DbFile:41 - Overriding database path with different value: /home/cbiale/.stmcufinder/plugins/mcufinder/ => /home/cbiale/.stmcufinder/plugins/mcufinder
2023-11-23 09:08:59,459 [WARN] DbFile:41 - Overriding database path with different value: /home/cbiale/.stmcufinder/plugins/mcufinder/ => /home/cbiale/.stmcufinder/plugins/mcufinder
2023-11-23 09:08:59,460 [INFO] CrossReferenceDbSqlite:203 - Set database path to: /home/cbiale/.stmcufinder/plugins/mcufinder//mcu/cs/
2023-11-23 09:08:59,492 [INFO] ApplicationProperties:184 - Using Application install path: /home/cbiale/st/stm32cubeide_1.13.2/plugins/com.st.stm32cube.common.mx_6.9.2.202309101412
2023-11-23 09:08:59,495 [INFO] PluginManage:196 - Search for loadable plugins [exclusion list=, ]
2023-11-23 09:08:59,499 [INFO] PluginManage:310 - Check plugin analytics
2023-11-23 09:08:59,874 [INFO] AnalyticsPlugin:253 - Accepted Software Licenses: 
2023-11-23 09:08:59,874 [INFO] AnalyticsPlugin:255 - Accepted CMSIS Pack Licenses: 
2023-11-23 09:08:59,875 [INFO] AnalyticsPlugin:257 - Accepted Firmware Licenses: FW.F4.1.27.0
2023-11-23 09:08:59,879 [INFO] PluginManage:359 - Loaded plugin analytics (category:tool,tabindex:-1)
2023-11-23 09:08:59,879 [INFO] PluginManage:310 - Check plugin cadmodel
2023-11-23 09:08:59,946 [INFO] CADModel:105 - Init CAD model plugin
2023-11-23 09:08:59,947 [INFO] PluginManage:359 - Loaded plugin cadmodel (category:power,tabindex:5)
2023-11-23 09:08:59,947 [INFO] PluginManage:310 - Check plugin clock
2023-11-23 09:08:59,969 [INFO] PluginManage:359 - Loaded plugin clock (category:base,tabindex:2)
2023-11-23 09:08:59,969 [INFO] PluginManage:310 - Check plugin ddr
2023-11-23 09:08:59,974 [INFO] PluginManage:359 - Loaded plugin ddr (category:tool,tabindex:6)
2023-11-23 09:08:59,975 [INFO] PluginManage:310 - Check plugin filemanager
2023-11-23 09:09:00,386 [INFO] PluginManage:359 - Loaded plugin filemanager (category:base,tabindex:10)
2023-11-23 09:09:00,387 [INFO] PluginManage:310 - Check plugin ipmanager
2023-11-23 09:09:00,399 [INFO] PluginManage:359 - Loaded plugin ipmanager (category:base,tabindex:5)
2023-11-23 09:09:00,400 [INFO] PluginManage:310 - Check plugin lpbam
2023-11-23 09:09:00,431 [INFO] PluginManage:359 - Loaded plugin lpbam (category:base,tabindex:0)
2023-11-23 09:09:00,431 [INFO] PluginManage:310 - Check plugin memorymap
2023-11-23 09:09:00,469 [INFO] PluginManage:359 - Loaded plugin memorymap (category:base,tabindex:4)
2023-11-23 09:09:00,470 [INFO] PluginManage:310 - Check plugin pinoutandconfiguration
2023-11-23 09:09:00,493 [INFO] PluginManage:359 - Loaded plugin pinoutandconfiguration (category:base,tabindex:1)
2023-11-23 09:09:00,494 [INFO] PluginManage:310 - Check plugin pinoutconfig
2023-11-23 09:09:00,773 [WARN] SupportedApi:132 - Cannot load RTOS API schema: s4s-elt-must-match.1: The content of 'definitions' must match (annotation?, (simpleType | complexType)?, (unique | key | keyref)*)). A problem was found starting at: attribute.
2023-11-23 09:09:01,059 [INFO] PluginManage:359 - Loaded plugin pinoutconfig (category:base,tabindex:0)
2023-11-23 09:09:01,059 [INFO] PluginManage:310 - Check plugin power
2023-11-23 09:09:01,143 [INFO] PluginManage:359 - Loaded plugin power (category:power,tabindex:4)
2023-11-23 09:09:01,143 [INFO] PluginManage:310 - Check plugin projectmanager
2023-11-23 09:09:01,171 [INFO] PluginManage:359 - Loaded plugin projectmanager (category:projectmanager,tabindex:3)
2023-11-23 09:09:01,171 [INFO] PluginManage:310 - Check plugin thirdparty
2023-11-23 09:09:01,445 [INFO] PluginManage:359 - Loaded plugin thirdparty (category:base,tabindex:-1)
2023-11-23 09:09:01,445 [WARN] IntegrityCheckThread:84 - waiting for thirdparty lock release [integrity check]
2023-11-23 09:09:01,446 [INFO] IntegrityCheckThread:86 - entering critical section [integrity check]
2023-11-23 09:09:01,446 [INFO] PluginManage:310 - Check plugin tools
2023-11-23 09:09:01,447 [INFO] ThirdPartyUpdaterWithRetryManager:70 - Updater plugin not ready yet. [1/15]
2023-11-23 09:09:01,450 [INFO] PluginManage:359 - Loaded plugin tools (category:base,tabindex:7)
2023-11-23 09:09:01,451 [INFO] PluginManage:310 - Check plugin tutovideos
2023-11-23 09:09:01,911 [INFO] PluginManage:359 - Loaded plugin tutovideos (category:base,tabindex:-1)
2023-11-23 09:09:01,912 [INFO] PluginManage:310 - Check plugin updater
2023-11-23 09:09:01,994 [INFO] PluginManage:359 - Loaded plugin updater (category:base,tabindex:12)
2023-11-23 09:09:01,994 [INFO] PluginManage:310 - Check plugin userauth
2023-11-23 09:09:02,007 [INFO] UserAuth:113 - Init User Auth plugin
2023-11-23 09:09:02,007 [INFO] PluginManage:359 - Loaded plugin userauth (category:base,tabindex:14)
2023-11-23 09:09:02,008 [INFO] PluginManage:283 - PluginManage : Loaded plugins [17]
2023-11-23 09:09:02,458 [INFO] PinOutPanel:1499 - setPackage(No Configuration,No Configuration)
2023-11-23 09:09:02,626 [INFO] CADModel:165 - CPN selected for project level
2023-11-23 09:09:02,626 [INFO] CADModel:114 - Register for checkConnection events
2023-11-23 09:09:02,656 [INFO] IPUIPlugin:80 - create IPUIPlugin
2023-11-23 09:09:02,657 [INFO] PluginManager:220 - loadIPPluginJar : add i2c
2023-11-23 09:09:02,672 [INFO] IPUIPlugin:80 - create IPUIPlugin
2023-11-23 09:09:02,678 [INFO] PluginManager:220 - loadIPPluginJar : add plateformsettings
2023-11-23 09:09:02,681 [INFO] IPUIPlugin:80 - create IPUIPlugin
2023-11-23 09:09:02,682 [INFO] PluginManager:220 - loadIPPluginJar : add ltdc
2023-11-23 09:09:02,686 [INFO] IPUIPlugin:80 - create IPUIPlugin
2023-11-23 09:09:02,686 [INFO] PluginManager:220 - loadIPPluginJar : add ucpd
2023-11-23 09:09:02,690 [INFO] IPUIPlugin:80 - create IPUIPlugin
2023-11-23 09:09:02,690 [INFO] PluginManager:220 - loadIPPluginJar : add genericplugin
2023-11-23 09:09:02,696 [INFO] IPUIPlugin:80 - create IPUIPlugin
2023-11-23 09:09:02,696 [INFO] PluginManager:220 - loadIPPluginJar : add pdm2pcm
2023-11-23 09:09:02,700 [INFO] IPUIPlugin:80 - create IPUIPlugin
2023-11-23 09:09:02,700 [INFO] PluginManager:220 - loadIPPluginJar : add tsc
2023-11-23 09:09:02,704 [INFO] IPUIPlugin:80 - create IPUIPlugin
2023-11-23 09:09:02,705 [INFO] PluginManager:220 - loadIPPluginJar : add tracer_emb
2023-11-23 09:09:02,711 [INFO] IPUIPlugin:80 - create IPUIPlugin
2023-11-23 09:09:02,711 [INFO] PluginManager:220 - loadIPPluginJar : add usbx
2023-11-23 09:09:02,724 [INFO] IPUIPlugin:80 - create IPUIPlugin
2023-11-23 09:09:02,726 [INFO] PluginManager:220 - loadIPPluginJar : add dma
2023-11-23 09:09:02,739 [INFO] IPUIPlugin:80 - create IPUIPlugin
2023-11-23 09:09:02,740 [INFO] PluginManager:220 - loadIPPluginJar : add stm32_wpan
2023-11-23 09:09:02,747 [INFO] IPUIPlugin:80 - create IPUIPlugin
2023-11-23 09:09:02,747 [INFO] PluginManager:220 - loadIPPluginJar : add touchsensing
2023-11-23 09:09:02,762 [INFO] IPUIPlugin:80 - create IPUIPlugin
2023-11-23 09:09:02,762 [INFO] PluginManager:220 - loadIPPluginJar : add linkedlist
2023-11-23 09:09:02,765 [INFO] IPUIPlugin:80 - create IPUIPlugin
2023-11-23 09:09:02,766 [INFO] PluginManager:220 - loadIPPluginJar : add quadspi
2023-11-23 09:09:02,771 [INFO] IPUIPlugin:80 - create IPUIPlugin
2023-11-23 09:09:02,772 [INFO] PluginManager:220 - loadIPPluginJar : add i3c
2023-11-23 09:09:02,776 [INFO] IPUIPlugin:80 - create IPUIPlugin
2023-11-23 09:09:02,777 [INFO] PluginManager:220 - loadIPPluginJar : add aes
2023-11-23 09:09:02,782 [INFO] IPUIPlugin:80 - create IPUIPlugin
2023-11-23 09:09:02,782 [INFO] PluginManager:220 - loadIPPluginJar : add can
2023-11-23 09:09:02,787 [INFO] IPUIPlugin:80 - create IPUIPlugin
2023-11-23 09:09:02,787 [INFO] PluginManager:220 - loadIPPluginJar : add i2s
2023-11-23 09:09:02,800 [INFO] IPUIPlugin:80 - create IPUIPlugin
2023-11-23 09:09:02,800 [INFO] PluginManager:220 - loadIPPluginJar : add mdma
2023-11-23 09:09:02,806 [INFO] IPUIPlugin:80 - create IPUIPlugin
2023-11-23 09:09:02,807 [INFO] PluginManager:220 - loadIPPluginJar : add openamp
2023-11-23 09:09:02,817 [INFO] IPUIPlugin:80 - create IPUIPlugin
2023-11-23 09:09:02,818 [INFO] PluginManager:220 - loadIPPluginJar : add gpio
2023-11-23 09:09:02,828 [INFO] IPUIPlugin:80 - create IPUIPlugin
2023-11-23 09:09:02,828 [INFO] PluginManager:220 - loadIPPluginJar : add fmc
2023-11-23 09:09:02,833 [INFO] IPUIPlugin:80 - create IPUIPlugin
2023-11-23 09:09:02,833 [INFO] PluginManager:220 - loadIPPluginJar : add hash
2023-11-23 09:09:02,838 [INFO] IPUIPlugin:80 - create IPUIPlugin
2023-11-23 09:09:02,839 [INFO] PluginManager:220 - loadIPPluginJar : add gfxmmu
2023-11-23 09:09:02,842 [INFO] IPUIPlugin:80 - create IPUIPlugin
2023-11-23 09:09:02,842 [INFO] PluginManager:220 - loadIPPluginJar : add comp
2023-11-23 09:09:02,846 [INFO] IPUIPlugin:80 - create IPUIPlugin
2023-11-23 09:09:02,846 [INFO] PluginManager:220 - loadIPPluginJar : add fatfs
2023-11-23 09:09:02,857 [INFO] IPUIPlugin:80 - create IPUIPlugin
2023-11-23 09:09:02,858 [INFO] PluginManager:220 - loadIPPluginJar : add freertos
2023-11-23 09:09:02,868 [INFO] IPUIPlugin:80 - create IPUIPlugin
2023-11-23 09:09:02,869 [INFO] PluginManager:220 - loadIPPluginJar : add gic
2023-11-23 09:09:02,876 [INFO] IPUIPlugin:80 - create IPUIPlugin
2023-11-23 09:09:02,876 [INFO] PluginManager:220 - loadIPPluginJar : add gtzc
2023-11-23 09:09:02,881 [INFO] IPUIPlugin:80 - create IPUIPlugin
2023-11-23 09:09:02,881 [INFO] PluginManager:220 - loadIPPluginJar : add dma3
2023-11-23 09:09:02,889 [INFO] IPUIPlugin:80 - create IPUIPlugin
2023-11-23 09:09:02,889 [INFO] PluginManager:220 - loadIPPluginJar : add resmgrutility
2023-11-23 09:09:02,954 [INFO] IPUIPlugin:80 - create IPUIPlugin
2023-11-23 09:09:02,955 [INFO] PluginManager:220 - loadIPPluginJar : add opamp
2023-11-23 09:09:02,960 [INFO] IPUIPlugin:80 - create IPUIPlugin
2023-11-23 09:09:02,960 [INFO] PluginManager:220 - loadIPPluginJar : add ts
2023-11-23 09:09:02,975 [INFO] IPUIPlugin:80 - create IPUIPlugin
2023-11-23 09:09:02,976 [INFO] PluginManager:220 - loadIPPluginJar : add adc
2023-11-23 09:09:02,980 [INFO] IPUIPlugin:80 - create IPUIPlugin
2023-11-23 09:09:02,980 [INFO] PluginManager:220 - loadIPPluginJar : add tim
2023-11-23 09:09:02,987 [INFO] IPUIPlugin:80 - create IPUIPlugin
2023-11-23 09:09:02,988 [INFO] PluginManager:220 - loadIPPluginJar : add usart
2023-11-23 09:09:02,994 [INFO] IPUIPlugin:80 - create IPUIPlugin
2023-11-23 09:09:02,994 [INFO] PluginManager:220 - loadIPPluginJar : add spi
2023-11-23 09:09:03,000 [INFO] IPUIPlugin:80 - create IPUIPlugin
2023-11-23 09:09:03,000 [INFO] PluginManager:220 - loadIPPluginJar : add lorawan
2023-11-23 09:09:03,009 [INFO] IPUIPlugin:80 - create IPUIPlugin
2023-11-23 09:09:03,010 [INFO] PluginManager:220 - loadIPPluginJar : add ipddr
2023-11-23 09:09:03,019 [INFO] IPUIPlugin:80 - create IPUIPlugin
2023-11-23 09:09:03,020 [INFO] PluginManager:220 - loadIPPluginJar : add nvic
2023-11-23 09:09:03,029 [INFO] IPUIPlugin:80 - create IPUIPlugin
2023-11-23 09:09:03,029 [INFO] PluginManager:220 - loadIPPluginJar : add sai
2023-11-23 09:09:03,034 [INFO] IPUIPlugin:80 - create IPUIPlugin
2023-11-23 09:09:03,035 [INFO] PluginManager:220 - loadIPPluginJar : add cryp
2023-11-23 09:09:03,040 [INFO] IPUIPlugin:80 - create IPUIPlugin
2023-11-23 09:09:03,041 [INFO] PluginManager:220 - loadIPPluginJar : add dfsdm
2023-11-23 09:09:03,180 [INFO] CADModel:165 - CPN selected for project level
2023-11-23 09:09:03,181 [INFO] CADModel:114 - Register for checkConnection events
2023-11-23 09:09:03,181 [FATAL] Updater:308 - Updater called before beeing initialized
2023-11-23 09:09:03,182 [ERROR] CADModel:125 - Updater not yet initialized, retry later 
2023-11-23 09:09:03,471 [INFO] CADModel:165 - CPN selected for project level
2023-11-23 09:09:03,472 [INFO] CADModel:114 - Register for checkConnection events
2023-11-23 09:09:03,472 [FATAL] Updater:308 - Updater called before beeing initialized
2023-11-23 09:09:03,472 [ERROR] CADModel:125 - Updater not yet initialized, retry later 
2023-11-23 09:09:03,480 [FATAL] Updater:308 - Updater called before beeing initialized
2023-11-23 09:09:03,652 [FATAL] Updater:308 - Updater called before beeing initialized
2023-11-23 09:09:03,663 [INFO] DbMcusAds:53 - JSON generation date=Tue Mar 07 05:50:55 ART 2023 (1678179055335)
2023-11-23 09:09:03,663 [FATAL] Updater:308 - Updater called before beeing initialized
2023-11-23 09:09:03,719 [WARN] DetailPanel:346 - Failed to get advertising image, set to default
2023-11-23 09:09:03,896 [FATAL] Updater:308 - Updater called before beeing initialized
2023-11-23 09:09:03,901 [FATAL] Updater:308 - Updater called before beeing initialized
2023-11-23 09:09:03,902 [FATAL] Updater:308 - Updater called before beeing initialized
2023-11-23 09:09:03,902 [WARN] DetailPanel:346 - Failed to get advertising image, set to default
2023-11-23 09:09:03,904 [FATAL] Updater:308 - Updater called before beeing initialized
2023-11-23 09:09:03,983 [ERROR] Updater:1120 - MainUpdater not yet initialized. External WinMGr cannot be set.
2023-11-23 09:09:03,989 [INFO] Updater:1056 - Updater Version found : 6.9.2
2023-11-23 09:09:04,053 [INFO] ApplicationProperties:184 - Using Application install path: /home/cbiale/st/stm32cubeide_1.13.2/plugins/com.st.stm32cube.common.mx_6.9.2.202309101412
2023-11-23 09:09:04,448 [INFO] ThirdPartyUpdaterWithRetryManager:70 - Updater plugin not ready yet. [2/15]
2023-11-23 09:09:04,641 [INFO] MainUpdater:2868 - connection check result : 10
2023-11-23 09:09:04,642 [INFO] MainUpdater:3562 - Updater definition file requires update
2023-11-23 09:09:04,644 [INFO] MainUpdater:285 - Updater Check For Update Now.
2023-11-23 09:09:04,645 [INFO] MicroXplorer:498 - Change Database Version : DB.6.0.92
2023-11-23 09:09:04,657 [INFO] McuFinderGlobals:63 - Set McuFinder mode to 2 (CubeIDE integrated)
2023-11-23 09:09:04,657 [INFO] UserAuth:179 - activating auth plugin
2023-11-23 09:09:04,677 [INFO] UserAuth:393 - Internet connection configuration mode: 1
2023-11-23 09:09:04,710 [INFO] JxBrowserEngine:151 - Initiate JxBrowser Engine with user profile folder
2023-11-23 09:09:04,817 [INFO] ServerAccessManage:473 - Download File updaters.zip
2023-11-23 09:09:05,572 [INFO] FileExtend:240 - Unzip File : updaters.zip
2023-11-23 09:09:05,572 [INFO] FileExtend:255 - Standard Zip Deflate
2023-11-23 09:09:05,969 [INFO] ServerAccessManage:473 - Download File PacksControlFlags.xml
2023-11-23 09:09:06,187 [INFO] ServerAccessManage:473 - Download File cubemx.pidx
2023-11-23 09:09:07,449 [WARN] MainUpdater:1189 - Updater busy. Cannot search thirdparties
2023-11-23 09:09:07,450 [INFO] ThirdPartyUpdaterWithRetryManager:96 - Updater plugin is busy. [1/15]
2023-11-23 09:09:08,561 [INFO] ServerAccessManage:473 - Download File STMicroelectronics.X-CUBE-TOF1.pdsc
2023-11-23 09:09:10,438 [ERROR] ServerAccessManage:1089 - Problem, file not found on Server
2023-11-23 09:09:10,451 [WARN] MainUpdater:1189 - Updater busy. Cannot search thirdparties
2023-11-23 09:09:10,452 [INFO] ThirdPartyUpdaterWithRetryManager:96 - Updater plugin is busy. [2/15]
2023-11-23 09:09:11,148 [INFO] WebApp:157 - Instantiating new browser for Auth
2023-11-23 09:09:12,800 [ERROR] ServerAccessManage:1096 - Problem, Http access forbiden
2023-11-23 09:09:12,802 [ERROR] ServerAccessManage:651 - Problem, Http access forbiden : RoweBots.I-CUBE-UNISONRTOS.pdsc.
2023-11-23 09:09:13,453 [WARN] MainUpdater:1189 - Updater busy. Cannot search thirdparties
2023-11-23 09:09:13,453 [INFO] ThirdPartyUpdaterWithRetryManager:96 - Updater plugin is busy. [3/15]
2023-11-23 09:09:13,669 [ERROR] ServerAccessManage:1172 - Problem during Server Connection :  IO error PKIX path building failed: sun.security.provider.certpath.SunCertPathBuilderException: unable to find valid certification path to requested target
2023-11-23 09:09:13,670 [ERROR] ServerAccessManage:651 - Problem during Server Connection :  : SEGGER.I-CUBE-embOS.pdsc.
2023-11-23 09:09:14,231 [WARN] PackLoader:240 - Cannot read IP mode file for STMicroelectronics.X-CUBE-TOF1.3.4.0
2023-11-23 09:09:14,284 [INFO] PopulateThirdPartyThread:66 - Ending populate Thread
2023-11-23 09:09:14,287 [INFO] ThirdParty:1030 - CMSIS Pack Vendor :STMicroelectronics X-CUBE-TOF1 3.4.0
2023-11-23 09:09:14,287 [INFO] LoadServerUpdatesThread:373 - End of LoadServerUpdate Thread
2023-11-23 09:09:14,358 [INFO] CheckServerUpdateThread:120 - End of CheckServer Thread
2023-11-23 09:09:14,591 [INFO] WebApp:753 - Register for checkConnection events
2023-11-23 09:09:14,591 [INFO] WebApp:390 - Apply proxy settings
2023-11-23 09:09:14,592 [INFO] WebApp:475 - Chromium requires no authentication
2023-11-23 09:09:14,603 [INFO] WebApp:418 - Direct internet connection detected
2023-11-23 09:09:14,928 [INFO] WebApp:188 - Starting web application
2023-11-23 09:09:14,929 [INFO] WebApp:520 - Web application path used /home/cbiale/st/stm32cubeide_1.13.2/plugins/com.st.stm32cube.common.mx_6.9.2.202309101412/db/plugins/mcufinder/reactClient1/index.html
2023-11-23 09:09:16,652 [WARN] PackLoader:240 - Cannot read IP mode file for STMicroelectronics.X-CUBE-SMBUS.2.1.0
2023-11-23 09:09:16,706 [WARN] PackLoader:240 - Cannot read IP mode file for STMicroelectronics.X-CUBE-AZRTOS-F7.1.1.0
2023-11-23 09:09:16,722 [WARN] PackLoader:240 - Cannot read IP mode file for STMicroelectronics.FP-SNS-MOTENV1.4.3.2
2023-11-23 09:09:16,782 [WARN] PackLoader:240 - Cannot read IP mode file for STMicroelectronics.FP-SNS-FLIGHT1.5.0.2
2023-11-23 09:09:16,793 [WARN] PackLoader:240 - Cannot read IP mode file for STMicroelectronics.X-CUBE-DISPLAY.3.0.0
2023-11-23 09:09:16,809 [WARN] PackLoader:240 - Cannot read IP mode file for STMicroelectronics.X-CUBE-BLE1.7.0.0
2023-11-23 09:09:16,817 [WARN] PackLoader:240 - Cannot read IP mode file for emotas.I-CUBE-CANOPEN.1.3.0
2023-11-23 09:09:16,822 [WARN] PackLoader:240 - Cannot read IP mode file for STMicroelectronics.X-CUBE-TOUCHGFX.4.22.1
2023-11-23 09:09:16,829 [WARN] PackLoader:240 - Cannot read IP mode file for STMicroelectronics.FP-SNS-SMARTAG2.1.2.0
2023-11-23 09:09:16,841 [INFO] LogOutputStream:77 - [STDOUT_REDIRECT] 1 : Invalid condition id : UX_CORESTACK_Condition cause : null
2023-11-23 09:09:16,843 [INFO] LogOutputStream:77 - [STDOUT_REDIRECT] 1 : Invalid condition id : UX_CORESTACK_Condition cause : null
2023-11-23 09:09:16,843 [INFO] LogOutputStream:77 - [STDOUT_REDIRECT] 1 : Invalid condition id : UX_CORESTACK_Condition cause : null
2023-11-23 09:09:16,844 [INFO] LogOutputStream:77 - [STDOUT_REDIRECT] 1 : Invalid condition id : UX_CORESTACK_Condition cause : null
2023-11-23 09:09:16,845 [INFO] LogOutputStream:77 - [STDOUT_REDIRECT] 1 : Invalid condition id : UX_CORESTACK_Condition cause : null
2023-11-23 09:09:16,851 [WARN] PackLoader:240 - Cannot read IP mode file for STMicroelectronics.X-CUBE-AZRTOS-WL.2.0.0
2023-11-23 09:09:16,863 [WARN] PackLoader:240 - Cannot read IP mode file for WES.I-CUBE-Cesium.1.3.0
2023-11-23 09:09:16,869 [WARN] PackLoader:240 - Cannot read IP mode file for STMicroelectronics.X-CUBE-BLE2.3.3.0
2023-11-23 09:09:16,878 [WARN] PackLoader:240 - Cannot read IP mode file for STMicroelectronics.X-CUBE-ALGOBUILD.1.3.0
2023-11-23 09:09:16,900 [WARN] PackLoader:240 - Cannot read IP mode file for STMicroelectronics.X-CUBE-AZRTOS-G0.1.1.0
2023-11-23 09:09:16,910 [WARN] PackLoader:240 - Cannot read IP mode file for STMicroelectronics.X-CUBE-NFC4.3.0.0
2023-11-23 09:09:16,923 [WARN] PackLoader:240 - Cannot read IP mode file for STMicroelectronics.X-CUBE-BLEMGR.3.0.0
2023-11-23 09:09:16,931 [WARN] PackLoader:240 - Cannot read IP mode file for STMicroelectronics.FP-ATR-SIGFOX1.3.2.0
2023-11-23 09:09:16,938 [WARN] PackLoader:240 - Cannot read IP mode file for STMicroelectronics.X-CUBE-GNSS1.6.0.0
2023-11-23 09:09:16,961 [WARN] PackLoader:240 - Cannot read IP mode file for STMicroelectronics.X-CUBE-AZRTOS-F4.1.1.0
2023-11-23 09:09:16,970 [WARN] PackLoader:240 - Cannot read IP mode file for wolfSSL.I-CUBE-wolfSSL.5.6.3
2023-11-23 09:09:16,991 [WARN] PackLoader:240 - Cannot read IP mode file for STMicroelectronics.X-CUBE-AZRTOS-L5.2.0.0
2023-11-23 09:09:17,001 [WARN] PackLoader:240 - Cannot read IP mode file for STMicroelectronics.X-CUBE-EEPRMA1.4.2.0
2023-11-23 09:09:17,008 [WARN] PackLoader:240 - Cannot read IP mode file for ITTIA_DB.I-CUBE-ITTIADB.8.8.0
2023-11-23 09:09:17,018 [WARN] PackLoader:240 - Cannot read IP mode file for STMicroelectronics.X-CUBE-BLEMGR.2.0.0
2023-11-23 09:09:17,040 [WARN] ConditionMgr:438 - getConditionDescription Invalid condition id : UX DEVICE CLASS RTOS Condition cause : null
2023-11-23 09:09:17,041 [WARN] ConditionMgr:438 - getConditionDescription Invalid condition id : UX DEVICE CLASS RTOS Condition cause : null
2023-11-23 09:09:17,046 [WARN] PackLoader:240 - Cannot read IP mode file for STMicroelectronics.X-CUBE-AZRTOS-H7.3.1.0
2023-11-23 09:09:17,048 [WARN] ConditionMgr:1039 - genDependencies : Invalid condition id : UX DEVICE CLASS RTOS Condition cause : null
2023-11-23 09:09:17,049 [WARN] ConditionMgr:1039 - genDependencies : Invalid condition id : UX DEVICE CLASS RTOS Condition cause : null
2023-11-23 09:09:17,050 [WARN] ConditionMgr:1039 - genDependencies : Invalid condition id : UX DEVICE CLASS RTOS Condition cause : null
2023-11-23 09:09:17,051 [WARN] ConditionMgr:1039 - genDependencies : Invalid condition id : UX DEVICE CLASS RTOS Condition cause : null
2023-11-23 09:09:17,051 [WARN] ConditionMgr:1039 - genDependencies : Invalid condition id : UX DEVICE CLASS RTOS Condition cause : null
2023-11-23 09:09:17,069 [WARN] PackLoader:240 - Cannot read IP mode file for STMicroelectronics.X-CUBE-NFC7.1.0.1
2023-11-23 09:09:17,080 [WARN] PackLoader:240 - Cannot read IP mode file for STMicroelectronics.X-CUBE-NFC6.3.0.0
2023-11-23 09:09:17,097 [WARN] PackLoader:240 - Cannot read IP mode file for STMicroelectronics.X-CUBE-AI.8.1.0
2023-11-23 09:09:17,120 [WARN] ConditionMgr:438 - getConditionDescription Invalid condition id : LAN8742 Phy interface Condition cause : null
2023-11-23 09:09:17,121 [WARN] PackLoader:240 - Cannot read IP mode file for STMicroelectronics.X-CUBE-AZRTOS-L4.2.0.0
2023-11-23 09:09:17,123 [WARN] ConditionMgr:1039 - genDependencies : Invalid condition id : LAN8742 Phy interface Condition cause : null
2023-11-23 09:09:17,123 [WARN] ConditionMgr:1039 - genDependencies : Invalid condition id : LAN8742 Phy interface Condition cause : null
2023-11-23 09:09:17,124 [WARN] ConditionMgr:1039 - genDependencies : Invalid condition id : LAN8742 Phy interface Condition cause : null
2023-11-23 09:09:17,170 [WARN] PackLoader:240 - Cannot read IP mode file for STMicroelectronics.X-CUBE-SFXS2LP1.4.0.0
2023-11-23 09:09:17,177 [WARN] PackLoader:240 - Cannot read IP mode file for STMicroelectronics.X-CUBE-ISPU.1.1.0
2023-11-23 09:09:17,191 [WARN] ConditionMgr:438 - getConditionDescription Invalid condition id : UX DEVICE CLASS RTOS Condition cause : null
2023-11-23 09:09:17,192 [WARN] ConditionMgr:438 - getConditionDescription Invalid condition id : UX DEVICE CLASS RTOS Condition cause : null
2023-11-23 09:09:17,195 [WARN] PackLoader:240 - Cannot read IP mode file for STMicroelectronics.X-CUBE-AZRTOS-WB.2.0.0
2023-11-23 09:09:17,196 [WARN] ConditionMgr:1039 - genDependencies : Invalid condition id : UX DEVICE CLASS RTOS Condition cause : null
2023-11-23 09:09:17,196 [WARN] ConditionMgr:1039 - genDependencies : Invalid condition id : UX DEVICE CLASS RTOS Condition cause : null
2023-11-23 09:09:17,197 [WARN] ConditionMgr:1039 - genDependencies : Invalid condition id : UX DEVICE CLASS RTOS Condition cause : null
2023-11-23 09:09:17,197 [WARN] ConditionMgr:1039 - genDependencies : Invalid condition id : UX DEVICE CLASS RTOS Condition cause : null
2023-11-23 09:09:17,197 [WARN] ConditionMgr:1039 - genDependencies : Invalid condition id : UX DEVICE CLASS RTOS Condition cause : null
2023-11-23 09:09:17,210 [WARN] PackLoader:240 - Cannot read IP mode file for STMicroelectronics.X-CUBE-SUBG2.5.0.0
2023-11-23 09:09:17,229 [WARN] PackLoader:240 - Cannot read IP mode file for STMicroelectronics.X-CUBE-TOF1.3.3.1
2023-11-23 09:09:17,259 [WARN] PackLoader:240 - Cannot read IP mode file for STMicroelectronics.X-CUBE-AZRTOS-G4.2.0.0
2023-11-23 09:09:17,276 [WARN] PackLoader:240 - Cannot read IP mode file for Infineon.AIROC-Wi-Fi-Bluetooth-STM32.1.5.1
2023-11-23 09:09:17,286 [WARN] PackLoader:240 - Cannot read IP mode file for STMicroelectronics.FP-SNS-MOTENVWB1.1.3.0
2023-11-23 09:09:17,346 [WARN] PackLoader:240 - Cannot read IP mode file for STMicroelectronics.X-CUBE-MEMS1.10.0.0
2023-11-23 09:09:17,570 [WARN] PackLoader:240 - Cannot read IP mode file for STMicroelectronics.X-CUBE-FREERTOS.1.1.0
2023-11-23 09:09:17,576 [WARN] PackLoader:240 - Cannot read IP mode file for portGmbH.I-Cube-SoM-uGOAL.1.1.0
2023-11-23 09:09:17,582 [WARN] PackLoader:240 - Cannot read IP mode file for STMicroelectronics.X-CUBE-ALS.1.0.1
2023-11-23 09:09:17,587 [WARN] PackLoader:240 - Cannot read IP mode file for STMicroelectronics.FP-ATR-ASTRA1.2.0.0
2023-11-23 09:09:17,599 [WARN] PackLoader:240 - Cannot read IP mode file for STMicroelectronics.X-CUBE-TOF1.3.4.0
2023-11-23 09:09:17,616 [INFO] ThirdParty:978 - Integrity check success = true
2023-11-23 09:09:17,617 [INFO] IntegrityCheckThread:100 - exiting critical section [integrity check]
2023-11-23 09:09:17,617 [INFO] IntegrityCheckThread:103 - End integrity checks thread
2023-11-23 09:09:36,744 [ERROR] LogOutputStream:75 - [STDERR_REDIRECT] SLF4J: Failed to load class "org.slf4j.impl.StaticLoggerBinder".
2023-11-23 09:09:36,745 [ERROR] LogOutputStream:75 - [STDERR_REDIRECT] SLF4J: Defaulting to no-operation (NOP) logger implementation
2023-11-23 09:09:36,747 [ERROR] LogOutputStream:75 - [STDERR_REDIRECT] SLF4J: See http://www.slf4j.org/codes.html#StaticLoggerBinder for further details.
