2023-11-03 11:11:59,300 [INFO] Activator:176 - 


2023-11-03 11:11:59,309 [INFO] Activator:177 - !SESSION log4j initialized
2023-11-03 11:12:06,759 [INFO] LogOutputStream:77 - [STDOUT_REDIRECT] 
2023-11-03 11:12:08,259 [INFO] ApplicationProperties:184 - Using Application install path: /home/cbiale/st/stm32cubeide_1.13.2/plugins/com.st.stm32cube.common.mx_6.9.2.202309101412
2023-11-03 11:12:08,293 [INFO] DbMcusXml:78 - Set database path to: /home/cbiale/st/stm32cubeide_1.13.2/plugins/com.st.stm32cube.common.mx_6.9.2.202309101412//db//mcu/
2023-11-03 11:12:08,293 [INFO] ApiDb:274 - Set plugin database path to: /home/cbiale/st/stm32cubeide_1.13.2/plugins/com.st.stm32cube.common.mx_6.9.2.202309101412//db//plugins/boardmanager/
2023-11-03 11:12:08,294 [WARN] ApiDb:259 - Overriding images path with different value:  => /home/cbiale/st/stm32cubeide_1.13.2/plugins/com.st.stm32cube.common.mx_6.9.2.202309101412//db//plugins/mcufinder/images/
2023-11-03 11:12:08,315 [INFO] ApiDb:250 - Set database path to: /home/cbiale/.stmcufinder/plugins/mcufinder//mcu/
2023-11-03 11:12:08,318 [INFO] DbMcusAds:125 - Set database path to: /home/cbiale/.stmcufinder/plugins/mcufinder//mcu/
2023-11-03 11:12:08,323 [INFO] CrossReferenceDbSqlite:203 - Set database path to: /home/cbiale/.stmcufinder/plugins/mcufinder//mcu/cs/
2023-11-03 11:12:08,578 [INFO] RulesReader:64 - Compatibility file has been processed (293 Rules)
2023-11-03 11:12:08,763 [INFO] DbMcusXml:78 - Set database path to: /home/cbiale/st/stm32cubeide_1.13.2/plugins/com.st.stm32cube.common.mx_6.9.2.202309101412//db//mcu/
2023-11-03 11:12:08,764 [INFO] ApiDb:274 - Set plugin database path to: /home/cbiale/st/stm32cubeide_1.13.2/plugins/com.st.stm32cube.common.mx_6.9.2.202309101412//db//plugins/boardmanager/
2023-11-03 11:12:08,765 [INFO] ApiDb:261 - Set plugin images path to: /home/cbiale/st/stm32cubeide_1.13.2/plugins/com.st.stm32cube.common.mx_6.9.2.202309101412//db//plugins/mcufinder/images/
2023-11-03 11:12:08,766 [WARN] DbFile:41 - Overriding database path with different value: /home/cbiale/.stmcufinder/plugins/mcufinder/ => /home/cbiale/.stmcufinder/plugins/mcufinder
2023-11-03 11:12:08,766 [INFO] ApiDb:250 - Set database path to: /home/cbiale/.stmcufinder/plugins/mcufinder//mcu/
2023-11-03 11:12:08,767 [WARN] DbFile:41 - Overriding database path with different value: /home/cbiale/.stmcufinder/plugins/mcufinder/ => /home/cbiale/.stmcufinder/plugins/mcufinder
2023-11-03 11:12:08,767 [INFO] DbMcusAds:125 - Set database path to: /home/cbiale/.stmcufinder/plugins/mcufinder//mcu/
2023-11-03 11:12:08,767 [WARN] DbFile:41 - Overriding database path with different value: /home/cbiale/.stmcufinder/plugins/mcufinder/ => /home/cbiale/.stmcufinder/plugins/mcufinder
2023-11-03 11:12:08,767 [WARN] DbFile:41 - Overriding database path with different value: /home/cbiale/.stmcufinder/plugins/mcufinder/ => /home/cbiale/.stmcufinder/plugins/mcufinder
2023-11-03 11:12:08,768 [INFO] CrossReferenceDbSqlite:203 - Set database path to: /home/cbiale/.stmcufinder/plugins/mcufinder//mcu/cs/
2023-11-03 11:12:08,935 [INFO] MainPanel:262 - HeapMemory: 268435456
2023-11-03 11:12:09,136 [INFO] DbMcusXml:78 - Set database path to: /home/cbiale/st/stm32cubeide_1.13.2/plugins/com.st.stm32cube.common.mx_6.9.2.202309101412//db//mcu/
2023-11-03 11:12:09,136 [INFO] ApiDb:274 - Set plugin database path to: /home/cbiale/st/stm32cubeide_1.13.2/plugins/com.st.stm32cube.common.mx_6.9.2.202309101412//db//plugins/boardmanager/
2023-11-03 11:12:09,136 [INFO] ApiDb:261 - Set plugin images path to: /home/cbiale/st/stm32cubeide_1.13.2/plugins/com.st.stm32cube.common.mx_6.9.2.202309101412//db//plugins/mcufinder/images/
2023-11-03 11:12:09,137 [WARN] DbFile:41 - Overriding database path with different value: /home/cbiale/.stmcufinder/plugins/mcufinder/ => /home/cbiale/.stmcufinder/plugins/mcufinder
2023-11-03 11:12:09,138 [INFO] ApiDb:250 - Set database path to: /home/cbiale/.stmcufinder/plugins/mcufinder//mcu/
2023-11-03 11:12:09,138 [WARN] DbFile:41 - Overriding database path with different value: /home/cbiale/.stmcufinder/plugins/mcufinder/ => /home/cbiale/.stmcufinder/plugins/mcufinder
2023-11-03 11:12:09,138 [INFO] DbMcusAds:125 - Set database path to: /home/cbiale/.stmcufinder/plugins/mcufinder//mcu/
2023-11-03 11:12:09,138 [WARN] DbFile:41 - Overriding database path with different value: /home/cbiale/.stmcufinder/plugins/mcufinder/ => /home/cbiale/.stmcufinder/plugins/mcufinder
2023-11-03 11:12:09,138 [WARN] DbFile:41 - Overriding database path with different value: /home/cbiale/.stmcufinder/plugins/mcufinder/ => /home/cbiale/.stmcufinder/plugins/mcufinder
2023-11-03 11:12:09,139 [INFO] CrossReferenceDbSqlite:203 - Set database path to: /home/cbiale/.stmcufinder/plugins/mcufinder//mcu/cs/
2023-11-03 11:12:09,171 [INFO] ApplicationProperties:184 - Using Application install path: /home/cbiale/st/stm32cubeide_1.13.2/plugins/com.st.stm32cube.common.mx_6.9.2.202309101412
2023-11-03 11:12:09,175 [INFO] PluginManage:196 - Search for loadable plugins [exclusion list=, ]
2023-11-03 11:12:09,178 [INFO] PluginManage:310 - Check plugin analytics
2023-11-03 11:12:09,507 [INFO] AnalyticsPlugin:253 - Accepted Software Licenses: 
2023-11-03 11:12:09,508 [INFO] AnalyticsPlugin:255 - Accepted CMSIS Pack Licenses: 
2023-11-03 11:12:09,508 [INFO] AnalyticsPlugin:257 - Accepted Firmware Licenses: FW.F4.1.27.0
2023-11-03 11:12:09,512 [INFO] PluginManage:359 - Loaded plugin analytics (category:tool,tabindex:-1)
2023-11-03 11:12:09,513 [INFO] PluginManage:310 - Check plugin cadmodel
2023-11-03 11:12:09,586 [INFO] CADModel:105 - Init CAD model plugin
2023-11-03 11:12:09,587 [INFO] PluginManage:359 - Loaded plugin cadmodel (category:power,tabindex:5)
2023-11-03 11:12:09,587 [INFO] PluginManage:310 - Check plugin clock
2023-11-03 11:12:09,607 [INFO] PluginManage:359 - Loaded plugin clock (category:base,tabindex:2)
2023-11-03 11:12:09,608 [INFO] PluginManage:310 - Check plugin ddr
2023-11-03 11:12:09,613 [INFO] PluginManage:359 - Loaded plugin ddr (category:tool,tabindex:6)
2023-11-03 11:12:09,613 [INFO] PluginManage:310 - Check plugin filemanager
2023-11-03 11:12:09,904 [INFO] PluginManage:359 - Loaded plugin filemanager (category:base,tabindex:10)
2023-11-03 11:12:09,905 [INFO] PluginManage:310 - Check plugin ipmanager
2023-11-03 11:12:09,917 [INFO] PluginManage:359 - Loaded plugin ipmanager (category:base,tabindex:5)
2023-11-03 11:12:09,918 [INFO] PluginManage:310 - Check plugin lpbam
2023-11-03 11:12:09,940 [INFO] PluginManage:359 - Loaded plugin lpbam (category:base,tabindex:0)
2023-11-03 11:12:09,941 [INFO] PluginManage:310 - Check plugin memorymap
2023-11-03 11:12:09,966 [INFO] PluginManage:359 - Loaded plugin memorymap (category:base,tabindex:4)
2023-11-03 11:12:09,966 [INFO] PluginManage:310 - Check plugin pinoutandconfiguration
2023-11-03 11:12:09,980 [INFO] PluginManage:359 - Loaded plugin pinoutandconfiguration (category:base,tabindex:1)
2023-11-03 11:12:09,981 [INFO] PluginManage:310 - Check plugin pinoutconfig
2023-11-03 11:12:10,138 [WARN] SupportedApi:132 - Cannot load RTOS API schema: s4s-elt-must-match.1: The content of 'definitions' must match (annotation?, (simpleType | complexType)?, (unique | key | keyref)*)). A problem was found starting at: attribute.
2023-11-03 11:12:10,409 [INFO] PluginManage:359 - Loaded plugin pinoutconfig (category:base,tabindex:0)
2023-11-03 11:12:10,409 [INFO] PluginManage:310 - Check plugin power
2023-11-03 11:12:10,430 [INFO] PluginManage:359 - Loaded plugin power (category:power,tabindex:4)
2023-11-03 11:12:10,431 [INFO] PluginManage:310 - Check plugin projectmanager
2023-11-03 11:12:10,456 [INFO] PluginManage:359 - Loaded plugin projectmanager (category:projectmanager,tabindex:3)
2023-11-03 11:12:10,456 [INFO] PluginManage:310 - Check plugin thirdparty
2023-11-03 11:12:10,712 [INFO] PluginManage:359 - Loaded plugin thirdparty (category:base,tabindex:-1)
2023-11-03 11:12:10,712 [WARN] IntegrityCheckThread:84 - waiting for thirdparty lock release [integrity check]
2023-11-03 11:12:10,712 [INFO] IntegrityCheckThread:86 - entering critical section [integrity check]
2023-11-03 11:12:10,712 [INFO] PluginManage:310 - Check plugin tools
2023-11-03 11:12:10,713 [INFO] ThirdPartyUpdaterWithRetryManager:70 - Updater plugin not ready yet. [1/15]
2023-11-03 11:12:10,717 [INFO] PluginManage:359 - Loaded plugin tools (category:base,tabindex:7)
2023-11-03 11:12:10,718 [INFO] PluginManage:310 - Check plugin tutovideos
2023-11-03 11:12:11,218 [INFO] PluginManage:359 - Loaded plugin tutovideos (category:base,tabindex:-1)
2023-11-03 11:12:11,219 [INFO] PluginManage:310 - Check plugin updater
2023-11-03 11:12:11,248 [INFO] PluginManage:359 - Loaded plugin updater (category:base,tabindex:12)
2023-11-03 11:12:11,249 [INFO] PluginManage:310 - Check plugin userauth
2023-11-03 11:12:11,280 [INFO] UserAuth:113 - Init User Auth plugin
2023-11-03 11:12:11,281 [INFO] PluginManage:359 - Loaded plugin userauth (category:base,tabindex:14)
2023-11-03 11:12:11,282 [INFO] PluginManage:283 - PluginManage : Loaded plugins [17]
2023-11-03 11:12:11,826 [INFO] PinOutPanel:1499 - setPackage(No Configuration,No Configuration)
2023-11-03 11:12:11,999 [INFO] CADModel:165 - CPN selected for project level
2023-11-03 11:12:11,999 [INFO] CADModel:114 - Register for checkConnection events
2023-11-03 11:12:12,026 [INFO] IPUIPlugin:80 - create IPUIPlugin
2023-11-03 11:12:12,026 [INFO] PluginManager:220 - loadIPPluginJar : add i2c
2023-11-03 11:12:12,041 [INFO] IPUIPlugin:80 - create IPUIPlugin
2023-11-03 11:12:12,047 [INFO] PluginManager:220 - loadIPPluginJar : add plateformsettings
2023-11-03 11:12:12,050 [INFO] IPUIPlugin:80 - create IPUIPlugin
2023-11-03 11:12:12,051 [INFO] PluginManager:220 - loadIPPluginJar : add ltdc
2023-11-03 11:12:12,054 [INFO] IPUIPlugin:80 - create IPUIPlugin
2023-11-03 11:12:12,055 [INFO] PluginManager:220 - loadIPPluginJar : add ucpd
2023-11-03 11:12:12,058 [INFO] IPUIPlugin:80 - create IPUIPlugin
2023-11-03 11:12:12,058 [INFO] PluginManager:220 - loadIPPluginJar : add genericplugin
2023-11-03 11:12:12,064 [INFO] IPUIPlugin:80 - create IPUIPlugin
2023-11-03 11:12:12,065 [INFO] PluginManager:220 - loadIPPluginJar : add pdm2pcm
2023-11-03 11:12:12,068 [INFO] IPUIPlugin:80 - create IPUIPlugin
2023-11-03 11:12:12,068 [INFO] PluginManager:220 - loadIPPluginJar : add tsc
2023-11-03 11:12:12,072 [INFO] IPUIPlugin:80 - create IPUIPlugin
2023-11-03 11:12:12,073 [INFO] PluginManager:220 - loadIPPluginJar : add tracer_emb
2023-11-03 11:12:12,078 [INFO] IPUIPlugin:80 - create IPUIPlugin
2023-11-03 11:12:12,078 [INFO] PluginManager:220 - loadIPPluginJar : add usbx
2023-11-03 11:12:12,090 [INFO] IPUIPlugin:80 - create IPUIPlugin
2023-11-03 11:12:12,092 [INFO] PluginManager:220 - loadIPPluginJar : add dma
2023-11-03 11:12:12,125 [INFO] IPUIPlugin:80 - create IPUIPlugin
2023-11-03 11:12:12,127 [INFO] PluginManager:220 - loadIPPluginJar : add stm32_wpan
2023-11-03 11:12:12,135 [INFO] IPUIPlugin:80 - create IPUIPlugin
2023-11-03 11:12:12,136 [INFO] PluginManager:220 - loadIPPluginJar : add touchsensing
2023-11-03 11:12:12,155 [INFO] IPUIPlugin:80 - create IPUIPlugin
2023-11-03 11:12:12,155 [INFO] PluginManager:220 - loadIPPluginJar : add linkedlist
2023-11-03 11:12:12,158 [INFO] IPUIPlugin:80 - create IPUIPlugin
2023-11-03 11:12:12,159 [INFO] PluginManager:220 - loadIPPluginJar : add quadspi
2023-11-03 11:12:12,165 [INFO] IPUIPlugin:80 - create IPUIPlugin
2023-11-03 11:12:12,165 [INFO] PluginManager:220 - loadIPPluginJar : add i3c
2023-11-03 11:12:12,170 [INFO] IPUIPlugin:80 - create IPUIPlugin
2023-11-03 11:12:12,171 [INFO] PluginManager:220 - loadIPPluginJar : add aes
2023-11-03 11:12:12,176 [INFO] IPUIPlugin:80 - create IPUIPlugin
2023-11-03 11:12:12,177 [INFO] PluginManager:220 - loadIPPluginJar : add can
2023-11-03 11:12:12,182 [INFO] IPUIPlugin:80 - create IPUIPlugin
2023-11-03 11:12:12,182 [INFO] PluginManager:220 - loadIPPluginJar : add i2s
2023-11-03 11:12:12,196 [INFO] IPUIPlugin:80 - create IPUIPlugin
2023-11-03 11:12:12,196 [INFO] PluginManager:220 - loadIPPluginJar : add mdma
2023-11-03 11:12:12,202 [INFO] IPUIPlugin:80 - create IPUIPlugin
2023-11-03 11:12:12,202 [INFO] PluginManager:220 - loadIPPluginJar : add openamp
2023-11-03 11:12:12,215 [INFO] IPUIPlugin:80 - create IPUIPlugin
2023-11-03 11:12:12,216 [INFO] PluginManager:220 - loadIPPluginJar : add gpio
2023-11-03 11:12:12,226 [INFO] IPUIPlugin:80 - create IPUIPlugin
2023-11-03 11:12:12,226 [INFO] PluginManager:220 - loadIPPluginJar : add fmc
2023-11-03 11:12:12,232 [INFO] IPUIPlugin:80 - create IPUIPlugin
2023-11-03 11:12:12,232 [INFO] PluginManager:220 - loadIPPluginJar : add hash
2023-11-03 11:12:12,238 [INFO] IPUIPlugin:80 - create IPUIPlugin
2023-11-03 11:12:12,239 [INFO] PluginManager:220 - loadIPPluginJar : add gfxmmu
2023-11-03 11:12:12,242 [INFO] IPUIPlugin:80 - create IPUIPlugin
2023-11-03 11:12:12,243 [INFO] PluginManager:220 - loadIPPluginJar : add comp
2023-11-03 11:12:12,247 [INFO] IPUIPlugin:80 - create IPUIPlugin
2023-11-03 11:12:12,248 [INFO] PluginManager:220 - loadIPPluginJar : add fatfs
2023-11-03 11:12:12,261 [INFO] IPUIPlugin:80 - create IPUIPlugin
2023-11-03 11:12:12,262 [INFO] PluginManager:220 - loadIPPluginJar : add freertos
2023-11-03 11:12:12,276 [INFO] IPUIPlugin:80 - create IPUIPlugin
2023-11-03 11:12:12,277 [INFO] PluginManager:220 - loadIPPluginJar : add gic
2023-11-03 11:12:12,283 [INFO] IPUIPlugin:80 - create IPUIPlugin
2023-11-03 11:12:12,284 [INFO] PluginManager:220 - loadIPPluginJar : add gtzc
2023-11-03 11:12:12,288 [INFO] IPUIPlugin:80 - create IPUIPlugin
2023-11-03 11:12:12,289 [INFO] PluginManager:220 - loadIPPluginJar : add dma3
2023-11-03 11:12:12,297 [INFO] IPUIPlugin:80 - create IPUIPlugin
2023-11-03 11:12:12,297 [INFO] PluginManager:220 - loadIPPluginJar : add resmgrutility
2023-11-03 11:12:12,303 [INFO] IPUIPlugin:80 - create IPUIPlugin
2023-11-03 11:12:12,303 [INFO] PluginManager:220 - loadIPPluginJar : add opamp
2023-11-03 11:12:12,307 [INFO] IPUIPlugin:80 - create IPUIPlugin
2023-11-03 11:12:12,307 [INFO] PluginManager:220 - loadIPPluginJar : add ts
2023-11-03 11:12:12,320 [INFO] IPUIPlugin:80 - create IPUIPlugin
2023-11-03 11:12:12,320 [INFO] PluginManager:220 - loadIPPluginJar : add adc
2023-11-03 11:12:12,324 [INFO] IPUIPlugin:80 - create IPUIPlugin
2023-11-03 11:12:12,324 [INFO] PluginManager:220 - loadIPPluginJar : add tim
2023-11-03 11:12:12,329 [INFO] IPUIPlugin:80 - create IPUIPlugin
2023-11-03 11:12:12,330 [INFO] PluginManager:220 - loadIPPluginJar : add usart
2023-11-03 11:12:12,334 [INFO] IPUIPlugin:80 - create IPUIPlugin
2023-11-03 11:12:12,334 [INFO] PluginManager:220 - loadIPPluginJar : add spi
2023-11-03 11:12:12,339 [INFO] IPUIPlugin:80 - create IPUIPlugin
2023-11-03 11:12:12,340 [INFO] PluginManager:220 - loadIPPluginJar : add lorawan
2023-11-03 11:12:12,348 [INFO] IPUIPlugin:80 - create IPUIPlugin
2023-11-03 11:12:12,348 [INFO] PluginManager:220 - loadIPPluginJar : add ipddr
2023-11-03 11:12:12,355 [INFO] IPUIPlugin:80 - create IPUIPlugin
2023-11-03 11:12:12,356 [INFO] PluginManager:220 - loadIPPluginJar : add nvic
2023-11-03 11:12:12,361 [INFO] IPUIPlugin:80 - create IPUIPlugin
2023-11-03 11:12:12,362 [INFO] PluginManager:220 - loadIPPluginJar : add sai
2023-11-03 11:12:12,367 [INFO] IPUIPlugin:80 - create IPUIPlugin
2023-11-03 11:12:12,367 [INFO] PluginManager:220 - loadIPPluginJar : add cryp
2023-11-03 11:12:12,372 [INFO] IPUIPlugin:80 - create IPUIPlugin
2023-11-03 11:12:12,372 [INFO] PluginManager:220 - loadIPPluginJar : add dfsdm
2023-11-03 11:12:12,512 [INFO] CADModel:165 - CPN selected for project level
2023-11-03 11:12:12,512 [INFO] CADModel:114 - Register for checkConnection events
2023-11-03 11:12:12,513 [FATAL] Updater:308 - Updater called before beeing initialized
2023-11-03 11:12:12,513 [ERROR] CADModel:125 - Updater not yet initialized, retry later 
2023-11-03 11:12:12,780 [INFO] CADModel:165 - CPN selected for project level
2023-11-03 11:12:12,781 [INFO] CADModel:114 - Register for checkConnection events
2023-11-03 11:12:12,781 [FATAL] Updater:308 - Updater called before beeing initialized
2023-11-03 11:12:12,781 [ERROR] CADModel:125 - Updater not yet initialized, retry later 
2023-11-03 11:12:12,793 [FATAL] Updater:308 - Updater called before beeing initialized
2023-11-03 11:12:12,941 [FATAL] Updater:308 - Updater called before beeing initialized
2023-11-03 11:12:12,953 [INFO] DbMcusAds:53 - JSON generation date=Tue Mar 07 05:50:55 ART 2023 (1678179055114)
2023-11-03 11:12:12,953 [FATAL] Updater:308 - Updater called before beeing initialized
2023-11-03 11:12:13,008 [WARN] DetailPanel:346 - Failed to get advertising image, set to default
2023-11-03 11:12:13,142 [FATAL] Updater:308 - Updater called before beeing initialized
2023-11-03 11:12:13,146 [FATAL] Updater:308 - Updater called before beeing initialized
2023-11-03 11:12:13,146 [FATAL] Updater:308 - Updater called before beeing initialized
2023-11-03 11:12:13,147 [WARN] DetailPanel:346 - Failed to get advertising image, set to default
2023-11-03 11:12:13,149 [FATAL] Updater:308 - Updater called before beeing initialized
2023-11-03 11:12:13,215 [ERROR] Updater:1120 - MainUpdater not yet initialized. External WinMGr cannot be set.
2023-11-03 11:12:13,220 [INFO] Updater:1056 - Updater Version found : 6.9.2
2023-11-03 11:12:13,288 [INFO] ApplicationProperties:184 - Using Application install path: /home/cbiale/st/stm32cubeide_1.13.2/plugins/com.st.stm32cube.common.mx_6.9.2.202309101412
2023-11-03 11:12:13,559 [INFO] MainUpdater:2868 - connection check result : 10
2023-11-03 11:12:13,561 [INFO] MainUpdater:285 - Updater Check For Update Now.
2023-11-03 11:12:13,562 [INFO] MicroXplorer:498 - Change Database Version : DB.6.0.92
2023-11-03 11:12:13,574 [INFO] McuFinderGlobals:63 - Set McuFinder mode to 2 (CubeIDE integrated)
2023-11-03 11:12:13,575 [INFO] UserAuth:179 - activating auth plugin
2023-11-03 11:12:13,613 [INFO] UserAuth:393 - Internet connection configuration mode: 1
2023-11-03 11:12:13,660 [INFO] JxBrowserEngine:151 - Initiate JxBrowser Engine with user profile folder
2023-11-03 11:12:13,715 [WARN] MainUpdater:1189 - Updater busy. Cannot search thirdparties
2023-11-03 11:12:13,716 [INFO] ThirdPartyUpdaterWithRetryManager:96 - Updater plugin is busy. [1/15]
2023-11-03 11:12:13,857 [INFO] CheckServerUpdateThread:120 - End of CheckServer Thread
2023-11-03 11:12:15,344 [INFO] WebApp:157 - Instantiating new browser for Auth
2023-11-03 11:12:16,592 [INFO] WebApp:753 - Register for checkConnection events
2023-11-03 11:12:16,593 [INFO] WebApp:390 - Apply proxy settings
2023-11-03 11:12:16,593 [INFO] WebApp:475 - Chromium requires no authentication
2023-11-03 11:12:16,607 [INFO] WebApp:418 - Direct internet connection detected
2023-11-03 11:12:16,881 [INFO] WebApp:188 - Starting web application
2023-11-03 11:12:16,882 [INFO] WebApp:520 - Web application path used /home/cbiale/st/stm32cubeide_1.13.2/plugins/com.st.stm32cube.common.mx_6.9.2.202309101412/db/plugins/mcufinder/reactClient1/index.html
2023-11-03 11:12:16,952 [WARN] PackLoader:240 - Cannot read IP mode file for STMicroelectronics.X-CUBE-SMBUS.2.1.0
2023-11-03 11:12:17,020 [WARN] PackLoader:240 - Cannot read IP mode file for STMicroelectronics.X-CUBE-AZRTOS-F7.1.1.0
2023-11-03 11:12:17,042 [WARN] PackLoader:240 - Cannot read IP mode file for STMicroelectronics.FP-SNS-MOTENV1.4.3.2
2023-11-03 11:12:17,054 [WARN] PackLoader:240 - Cannot read IP mode file for STMicroelectronics.FP-SNS-FLIGHT1.5.0.2
2023-11-03 11:12:17,073 [WARN] PackLoader:240 - Cannot read IP mode file for STMicroelectronics.X-CUBE-DISPLAY.3.0.0
2023-11-03 11:12:17,099 [WARN] PackLoader:240 - Cannot read IP mode file for STMicroelectronics.X-CUBE-BLE1.7.0.0
2023-11-03 11:12:17,114 [WARN] PackLoader:240 - Cannot read IP mode file for emotas.I-CUBE-CANOPEN.1.3.0
2023-11-03 11:12:17,127 [WARN] PackLoader:240 - Cannot read IP mode file for STMicroelectronics.X-CUBE-TOUCHGFX.4.22.1
2023-11-03 11:12:17,139 [WARN] PackLoader:240 - Cannot read IP mode file for STMicroelectronics.FP-SNS-SMARTAG2.1.2.0
2023-11-03 11:12:17,170 [INFO] LogOutputStream:77 - [STDOUT_REDIRECT] 1 : Invalid condition id : UX_CORESTACK_Condition cause : null
2023-11-03 11:12:17,172 [INFO] LogOutputStream:77 - [STDOUT_REDIRECT] 1 : Invalid condition id : UX_CORESTACK_Condition cause : null
2023-11-03 11:12:17,172 [INFO] LogOutputStream:77 - [STDOUT_REDIRECT] 1 : Invalid condition id : UX_CORESTACK_Condition cause : null
2023-11-03 11:12:17,173 [INFO] LogOutputStream:77 - [STDOUT_REDIRECT] 1 : Invalid condition id : UX_CORESTACK_Condition cause : null
2023-11-03 11:12:17,174 [INFO] LogOutputStream:77 - [STDOUT_REDIRECT] 1 : Invalid condition id : UX_CORESTACK_Condition cause : null
2023-11-03 11:12:17,184 [WARN] PackLoader:240 - Cannot read IP mode file for STMicroelectronics.X-CUBE-AZRTOS-WL.2.0.0
2023-11-03 11:12:17,202 [WARN] PackLoader:240 - Cannot read IP mode file for WES.I-CUBE-Cesium.1.3.0
2023-11-03 11:12:17,211 [WARN] PackLoader:240 - Cannot read IP mode file for STMicroelectronics.X-CUBE-BLE2.3.3.0
2023-11-03 11:12:17,224 [WARN] PackLoader:240 - Cannot read IP mode file for STMicroelectronics.X-CUBE-ALGOBUILD.1.3.0
2023-11-03 11:12:17,263 [WARN] PackLoader:240 - Cannot read IP mode file for STMicroelectronics.X-CUBE-AZRTOS-G0.1.1.0
2023-11-03 11:12:17,276 [WARN] PackLoader:240 - Cannot read IP mode file for STMicroelectronics.X-CUBE-NFC4.3.0.0
2023-11-03 11:12:17,294 [WARN] PackLoader:240 - Cannot read IP mode file for STMicroelectronics.X-CUBE-BLEMGR.3.0.0
2023-11-03 11:12:17,303 [WARN] PackLoader:240 - Cannot read IP mode file for STMicroelectronics.FP-ATR-SIGFOX1.3.2.0
2023-11-03 11:12:17,312 [WARN] PackLoader:240 - Cannot read IP mode file for STMicroelectronics.X-CUBE-GNSS1.6.0.0
2023-11-03 11:12:17,360 [WARN] PackLoader:240 - Cannot read IP mode file for STMicroelectronics.X-CUBE-AZRTOS-F4.1.1.0
2023-11-03 11:12:17,371 [WARN] PackLoader:240 - Cannot read IP mode file for wolfSSL.I-CUBE-wolfSSL.5.6.3
2023-11-03 11:12:17,421 [WARN] PackLoader:240 - Cannot read IP mode file for STMicroelectronics.X-CUBE-AZRTOS-L5.2.0.0
2023-11-03 11:12:17,440 [WARN] PackLoader:240 - Cannot read IP mode file for STMicroelectronics.X-CUBE-EEPRMA1.4.2.0
2023-11-03 11:12:17,453 [WARN] PackLoader:240 - Cannot read IP mode file for ITTIA_DB.I-CUBE-ITTIADB.8.8.0
2023-11-03 11:12:17,464 [WARN] PackLoader:240 - Cannot read IP mode file for STMicroelectronics.X-CUBE-BLEMGR.2.0.0
2023-11-03 11:12:17,495 [WARN] ConditionMgr:438 - getConditionDescription Invalid condition id : UX DEVICE CLASS RTOS Condition cause : null
2023-11-03 11:12:17,496 [WARN] ConditionMgr:438 - getConditionDescription Invalid condition id : UX DEVICE CLASS RTOS Condition cause : null
2023-11-03 11:12:17,502 [WARN] PackLoader:240 - Cannot read IP mode file for STMicroelectronics.X-CUBE-AZRTOS-H7.3.1.0
2023-11-03 11:12:17,504 [WARN] ConditionMgr:1039 - genDependencies : Invalid condition id : UX DEVICE CLASS RTOS Condition cause : null
2023-11-03 11:12:17,504 [WARN] ConditionMgr:1039 - genDependencies : Invalid condition id : UX DEVICE CLASS RTOS Condition cause : null
2023-11-03 11:12:17,505 [WARN] ConditionMgr:1039 - genDependencies : Invalid condition id : UX DEVICE CLASS RTOS Condition cause : null
2023-11-03 11:12:17,506 [WARN] ConditionMgr:1039 - genDependencies : Invalid condition id : UX DEVICE CLASS RTOS Condition cause : null
2023-11-03 11:12:17,507 [WARN] ConditionMgr:1039 - genDependencies : Invalid condition id : UX DEVICE CLASS RTOS Condition cause : null
2023-11-03 11:12:17,517 [WARN] PackLoader:240 - Cannot read IP mode file for STMicroelectronics.X-CUBE-NFC7.1.0.1
2023-11-03 11:12:17,529 [WARN] PackLoader:240 - Cannot read IP mode file for STMicroelectronics.X-CUBE-NFC6.3.0.0
2023-11-03 11:12:17,538 [WARN] PackLoader:240 - Cannot read IP mode file for STMicroelectronics.X-CUBE-AI.8.1.0
2023-11-03 11:12:17,570 [WARN] ConditionMgr:438 - getConditionDescription Invalid condition id : LAN8742 Phy interface Condition cause : null
2023-11-03 11:12:17,572 [WARN] PackLoader:240 - Cannot read IP mode file for STMicroelectronics.X-CUBE-AZRTOS-L4.2.0.0
2023-11-03 11:12:17,574 [WARN] ConditionMgr:1039 - genDependencies : Invalid condition id : LAN8742 Phy interface Condition cause : null
2023-11-03 11:12:17,575 [WARN] ConditionMgr:1039 - genDependencies : Invalid condition id : LAN8742 Phy interface Condition cause : null
2023-11-03 11:12:17,576 [WARN] ConditionMgr:1039 - genDependencies : Invalid condition id : LAN8742 Phy interface Condition cause : null
2023-11-03 11:12:17,588 [WARN] PackLoader:240 - Cannot read IP mode file for STMicroelectronics.X-CUBE-SFXS2LP1.4.0.0
2023-11-03 11:12:17,599 [WARN] PackLoader:240 - Cannot read IP mode file for STMicroelectronics.X-CUBE-ISPU.1.1.0
2023-11-03 11:12:17,621 [WARN] ConditionMgr:438 - getConditionDescription Invalid condition id : UX DEVICE CLASS RTOS Condition cause : null
2023-11-03 11:12:17,622 [WARN] ConditionMgr:438 - getConditionDescription Invalid condition id : UX DEVICE CLASS RTOS Condition cause : null
2023-11-03 11:12:17,627 [WARN] PackLoader:240 - Cannot read IP mode file for STMicroelectronics.X-CUBE-AZRTOS-WB.2.0.0
2023-11-03 11:12:17,628 [WARN] ConditionMgr:1039 - genDependencies : Invalid condition id : UX DEVICE CLASS RTOS Condition cause : null
2023-11-03 11:12:17,628 [WARN] ConditionMgr:1039 - genDependencies : Invalid condition id : UX DEVICE CLASS RTOS Condition cause : null
2023-11-03 11:12:17,629 [WARN] ConditionMgr:1039 - genDependencies : Invalid condition id : UX DEVICE CLASS RTOS Condition cause : null
2023-11-03 11:12:17,629 [WARN] ConditionMgr:1039 - genDependencies : Invalid condition id : UX DEVICE CLASS RTOS Condition cause : null
2023-11-03 11:12:17,630 [WARN] ConditionMgr:1039 - genDependencies : Invalid condition id : UX DEVICE CLASS RTOS Condition cause : null
2023-11-03 11:12:17,646 [WARN] PackLoader:240 - Cannot read IP mode file for STMicroelectronics.X-CUBE-SUBG2.5.0.0
2023-11-03 11:12:17,670 [WARN] PackLoader:240 - Cannot read IP mode file for STMicroelectronics.X-CUBE-TOF1.3.3.1
2023-11-03 11:12:17,710 [WARN] PackLoader:240 - Cannot read IP mode file for STMicroelectronics.X-CUBE-AZRTOS-G4.2.0.0
2023-11-03 11:12:17,731 [WARN] PackLoader:240 - Cannot read IP mode file for Infineon.AIROC-Wi-Fi-Bluetooth-STM32.1.5.1
2023-11-03 11:12:17,805 [WARN] PackLoader:240 - Cannot read IP mode file for STMicroelectronics.X-CUBE-MEMS1.10.0.0
2023-11-03 11:12:18,055 [WARN] PackLoader:240 - Cannot read IP mode file for STMicroelectronics.X-CUBE-FREERTOS.1.1.0
2023-11-03 11:12:18,062 [WARN] PackLoader:240 - Cannot read IP mode file for portGmbH.I-Cube-SoM-uGOAL.1.1.0
2023-11-03 11:12:18,067 [WARN] PackLoader:240 - Cannot read IP mode file for STMicroelectronics.X-CUBE-ALS.1.0.1
2023-11-03 11:12:18,073 [WARN] PackLoader:240 - Cannot read IP mode file for STMicroelectronics.FP-ATR-ASTRA1.2.0.0
2023-11-03 11:12:18,074 [INFO] ThirdParty:978 - Integrity check success = true
2023-11-03 11:12:18,075 [INFO] IntegrityCheckThread:100 - exiting critical section [integrity check]
2023-11-03 11:12:18,075 [INFO] IntegrityCheckThread:103 - End integrity checks thread
2023-11-03 11:12:38,362 [ERROR] LogOutputStream:75 - [STDERR_REDIRECT] SLF4J: Failed to load class "org.slf4j.impl.StaticLoggerBinder".
2023-11-03 11:12:38,362 [ERROR] LogOutputStream:75 - [STDERR_REDIRECT] SLF4J: Defaulting to no-operation (NOP) logger implementation
2023-11-03 11:12:38,363 [ERROR] LogOutputStream:75 - [STDERR_REDIRECT] SLF4J: See http://www.slf4j.org/codes.html#StaticLoggerBinder for further details.
