2023-11-01 07:35:47,078 [INFO] Activator:176 - 


2023-11-01 07:35:47,097 [INFO] Activator:177 - !SESSION log4j initialized
2023-11-01 07:35:54,548 [INFO] LogOutputStream:77 - [STDOUT_REDIRECT] 
2023-11-01 07:35:56,226 [INFO] ApplicationProperties:184 - Using Application install path: /home/cbiale/st/stm32cubeide_1.13.2/plugins/com.st.stm32cube.common.mx_6.9.2.202309101412
2023-11-01 07:35:56,273 [INFO] DbMcusXml:78 - Set database path to: /home/cbiale/st/stm32cubeide_1.13.2/plugins/com.st.stm32cube.common.mx_6.9.2.202309101412//db//mcu/
2023-11-01 07:35:56,274 [INFO] ApiDb:274 - Set plugin database path to: /home/cbiale/st/stm32cubeide_1.13.2/plugins/com.st.stm32cube.common.mx_6.9.2.202309101412//db//plugins/boardmanager/
2023-11-01 07:35:56,276 [WARN] ApiDb:259 - Overriding images path with different value:  => /home/cbiale/st/stm32cubeide_1.13.2/plugins/com.st.stm32cube.common.mx_6.9.2.202309101412//db//plugins/mcufinder/images/
2023-11-01 07:35:56,308 [INFO] ApiDb:250 - Set database path to: /home/cbiale/.stmcufinder/plugins/mcufinder//mcu/
2023-11-01 07:35:56,311 [INFO] DbMcusAds:125 - Set database path to: /home/cbiale/.stmcufinder/plugins/mcufinder//mcu/
2023-11-01 07:35:56,324 [INFO] CrossReferenceDbSqlite:203 - Set database path to: /home/cbiale/.stmcufinder/plugins/mcufinder//mcu/cs/
2023-11-01 07:35:56,590 [INFO] RulesReader:64 - Compatibility file has been processed (293 Rules)
2023-11-01 07:35:56,733 [INFO] DbMcusXml:78 - Set database path to: /home/cbiale/st/stm32cubeide_1.13.2/plugins/com.st.stm32cube.common.mx_6.9.2.202309101412//db//mcu/
2023-11-01 07:35:56,734 [INFO] ApiDb:274 - Set plugin database path to: /home/cbiale/st/stm32cubeide_1.13.2/plugins/com.st.stm32cube.common.mx_6.9.2.202309101412//db//plugins/boardmanager/
2023-11-01 07:35:56,734 [INFO] ApiDb:261 - Set plugin images path to: /home/cbiale/st/stm32cubeide_1.13.2/plugins/com.st.stm32cube.common.mx_6.9.2.202309101412//db//plugins/mcufinder/images/
2023-11-01 07:35:56,735 [WARN] DbFile:41 - Overriding database path with different value: /home/cbiale/.stmcufinder/plugins/mcufinder/ => /home/cbiale/.stmcufinder/plugins/mcufinder
2023-11-01 07:35:56,735 [INFO] ApiDb:250 - Set database path to: /home/cbiale/.stmcufinder/plugins/mcufinder//mcu/
2023-11-01 07:35:56,735 [WARN] DbFile:41 - Overriding database path with different value: /home/cbiale/.stmcufinder/plugins/mcufinder/ => /home/cbiale/.stmcufinder/plugins/mcufinder
2023-11-01 07:35:56,735 [INFO] DbMcusAds:125 - Set database path to: /home/cbiale/.stmcufinder/plugins/mcufinder//mcu/
2023-11-01 07:35:56,736 [WARN] DbFile:41 - Overriding database path with different value: /home/cbiale/.stmcufinder/plugins/mcufinder/ => /home/cbiale/.stmcufinder/plugins/mcufinder
2023-11-01 07:35:56,736 [WARN] DbFile:41 - Overriding database path with different value: /home/cbiale/.stmcufinder/plugins/mcufinder/ => /home/cbiale/.stmcufinder/plugins/mcufinder
2023-11-01 07:35:56,736 [INFO] CrossReferenceDbSqlite:203 - Set database path to: /home/cbiale/.stmcufinder/plugins/mcufinder//mcu/cs/
2023-11-01 07:35:56,866 [INFO] MainPanel:262 - HeapMemory: 268435456
2023-11-01 07:35:57,063 [INFO] DbMcusXml:78 - Set database path to: /home/cbiale/st/stm32cubeide_1.13.2/plugins/com.st.stm32cube.common.mx_6.9.2.202309101412//db//mcu/
2023-11-01 07:35:57,064 [INFO] ApiDb:274 - Set plugin database path to: /home/cbiale/st/stm32cubeide_1.13.2/plugins/com.st.stm32cube.common.mx_6.9.2.202309101412//db//plugins/boardmanager/
2023-11-01 07:35:57,064 [INFO] ApiDb:261 - Set plugin images path to: /home/cbiale/st/stm32cubeide_1.13.2/plugins/com.st.stm32cube.common.mx_6.9.2.202309101412//db//plugins/mcufinder/images/
2023-11-01 07:35:57,066 [WARN] DbFile:41 - Overriding database path with different value: /home/cbiale/.stmcufinder/plugins/mcufinder/ => /home/cbiale/.stmcufinder/plugins/mcufinder
2023-11-01 07:35:57,066 [INFO] ApiDb:250 - Set database path to: /home/cbiale/.stmcufinder/plugins/mcufinder//mcu/
2023-11-01 07:35:57,066 [WARN] DbFile:41 - Overriding database path with different value: /home/cbiale/.stmcufinder/plugins/mcufinder/ => /home/cbiale/.stmcufinder/plugins/mcufinder
2023-11-01 07:35:57,066 [INFO] DbMcusAds:125 - Set database path to: /home/cbiale/.stmcufinder/plugins/mcufinder//mcu/
2023-11-01 07:35:57,066 [WARN] DbFile:41 - Overriding database path with different value: /home/cbiale/.stmcufinder/plugins/mcufinder/ => /home/cbiale/.stmcufinder/plugins/mcufinder
2023-11-01 07:35:57,067 [WARN] DbFile:41 - Overriding database path with different value: /home/cbiale/.stmcufinder/plugins/mcufinder/ => /home/cbiale/.stmcufinder/plugins/mcufinder
2023-11-01 07:35:57,067 [INFO] CrossReferenceDbSqlite:203 - Set database path to: /home/cbiale/.stmcufinder/plugins/mcufinder//mcu/cs/
2023-11-01 07:35:57,102 [INFO] ApplicationProperties:184 - Using Application install path: /home/cbiale/st/stm32cubeide_1.13.2/plugins/com.st.stm32cube.common.mx_6.9.2.202309101412
2023-11-01 07:35:57,105 [INFO] PluginManage:196 - Search for loadable plugins [exclusion list=, ]
2023-11-01 07:35:57,108 [INFO] PluginManage:310 - Check plugin analytics
2023-11-01 07:35:57,480 [INFO] AnalyticsPlugin:253 - Accepted Software Licenses: 
2023-11-01 07:35:57,481 [INFO] AnalyticsPlugin:255 - Accepted CMSIS Pack Licenses: 
2023-11-01 07:35:57,482 [INFO] AnalyticsPlugin:257 - Accepted Firmware Licenses: FW.F4.1.27.0
2023-11-01 07:35:57,493 [INFO] PluginManage:359 - Loaded plugin analytics (category:tool,tabindex:-1)
2023-11-01 07:35:57,494 [INFO] PluginManage:310 - Check plugin cadmodel
2023-11-01 07:35:57,587 [INFO] CADModel:105 - Init CAD model plugin
2023-11-01 07:35:57,588 [INFO] PluginManage:359 - Loaded plugin cadmodel (category:power,tabindex:5)
2023-11-01 07:35:57,589 [INFO] PluginManage:310 - Check plugin clock
2023-11-01 07:35:57,624 [INFO] PluginManage:359 - Loaded plugin clock (category:base,tabindex:2)
2023-11-01 07:35:57,625 [INFO] PluginManage:310 - Check plugin ddr
2023-11-01 07:35:57,631 [INFO] PluginManage:359 - Loaded plugin ddr (category:tool,tabindex:6)
2023-11-01 07:35:57,632 [INFO] PluginManage:310 - Check plugin filemanager
2023-11-01 07:35:57,992 [INFO] PluginManage:359 - Loaded plugin filemanager (category:base,tabindex:10)
2023-11-01 07:35:57,993 [INFO] PluginManage:310 - Check plugin ipmanager
2023-11-01 07:35:58,009 [INFO] PluginManage:359 - Loaded plugin ipmanager (category:base,tabindex:5)
2023-11-01 07:35:58,010 [INFO] PluginManage:310 - Check plugin lpbam
2023-11-01 07:35:58,039 [INFO] PluginManage:359 - Loaded plugin lpbam (category:base,tabindex:0)
2023-11-01 07:35:58,039 [INFO] PluginManage:310 - Check plugin memorymap
2023-11-01 07:35:58,072 [INFO] PluginManage:359 - Loaded plugin memorymap (category:base,tabindex:4)
2023-11-01 07:35:58,073 [INFO] PluginManage:310 - Check plugin pinoutandconfiguration
2023-11-01 07:35:58,094 [INFO] PluginManage:359 - Loaded plugin pinoutandconfiguration (category:base,tabindex:1)
2023-11-01 07:35:58,095 [INFO] PluginManage:310 - Check plugin pinoutconfig
2023-11-01 07:35:58,323 [WARN] SupportedApi:132 - Cannot load RTOS API schema: s4s-elt-must-match.1: The content of 'definitions' must match (annotation?, (simpleType | complexType)?, (unique | key | keyref)*)). A problem was found starting at: attribute.
2023-11-01 07:35:58,781 [INFO] PluginManage:359 - Loaded plugin pinoutconfig (category:base,tabindex:0)
2023-11-01 07:35:58,782 [INFO] PluginManage:310 - Check plugin power
2023-11-01 07:35:58,810 [INFO] PluginManage:359 - Loaded plugin power (category:power,tabindex:4)
2023-11-01 07:35:58,810 [INFO] PluginManage:310 - Check plugin projectmanager
2023-11-01 07:35:58,853 [INFO] PluginManage:359 - Loaded plugin projectmanager (category:projectmanager,tabindex:3)
2023-11-01 07:35:58,854 [INFO] PluginManage:310 - Check plugin thirdparty
2023-11-01 07:35:59,258 [WARN] IntegrityCheckThread:84 - waiting for thirdparty lock release [integrity check]
2023-11-01 07:35:59,258 [INFO] PluginManage:359 - Loaded plugin thirdparty (category:base,tabindex:-1)
2023-11-01 07:35:59,259 [INFO] IntegrityCheckThread:86 - entering critical section [integrity check]
2023-11-01 07:35:59,259 [INFO] PluginManage:310 - Check plugin tools
2023-11-01 07:35:59,261 [INFO] ThirdPartyUpdaterWithRetryManager:70 - Updater plugin not ready yet. [1/15]
2023-11-01 07:35:59,266 [INFO] PluginManage:359 - Loaded plugin tools (category:base,tabindex:7)
2023-11-01 07:35:59,266 [INFO] PluginManage:310 - Check plugin tutovideos
2023-11-01 07:35:59,607 [INFO] PluginManage:359 - Loaded plugin tutovideos (category:base,tabindex:-1)
2023-11-01 07:35:59,607 [INFO] PluginManage:310 - Check plugin updater
2023-11-01 07:35:59,635 [INFO] PluginManage:359 - Loaded plugin updater (category:base,tabindex:12)
2023-11-01 07:35:59,636 [INFO] PluginManage:310 - Check plugin userauth
2023-11-01 07:35:59,649 [INFO] UserAuth:113 - Init User Auth plugin
2023-11-01 07:35:59,650 [INFO] PluginManage:359 - Loaded plugin userauth (category:base,tabindex:14)
2023-11-01 07:35:59,652 [INFO] PluginManage:283 - PluginManage : Loaded plugins [17]
2023-11-01 07:36:00,208 [INFO] PinOutPanel:1499 - setPackage(No Configuration,No Configuration)
2023-11-01 07:36:00,398 [INFO] CADModel:165 - CPN selected for project level
2023-11-01 07:36:00,398 [INFO] CADModel:114 - Register for checkConnection events
2023-11-01 07:36:00,427 [INFO] IPUIPlugin:80 - create IPUIPlugin
2023-11-01 07:36:00,428 [INFO] PluginManager:220 - loadIPPluginJar : add i2c
2023-11-01 07:36:00,444 [INFO] IPUIPlugin:80 - create IPUIPlugin
2023-11-01 07:36:00,451 [INFO] PluginManager:220 - loadIPPluginJar : add plateformsettings
2023-11-01 07:36:00,455 [INFO] IPUIPlugin:80 - create IPUIPlugin
2023-11-01 07:36:00,455 [INFO] PluginManager:220 - loadIPPluginJar : add ltdc
2023-11-01 07:36:00,460 [INFO] IPUIPlugin:80 - create IPUIPlugin
2023-11-01 07:36:00,460 [INFO] PluginManager:220 - loadIPPluginJar : add ucpd
2023-11-01 07:36:00,464 [INFO] IPUIPlugin:80 - create IPUIPlugin
2023-11-01 07:36:00,465 [INFO] PluginManager:220 - loadIPPluginJar : add genericplugin
2023-11-01 07:36:00,472 [INFO] IPUIPlugin:80 - create IPUIPlugin
2023-11-01 07:36:00,472 [INFO] PluginManager:220 - loadIPPluginJar : add pdm2pcm
2023-11-01 07:36:00,476 [INFO] IPUIPlugin:80 - create IPUIPlugin
2023-11-01 07:36:00,476 [INFO] PluginManager:220 - loadIPPluginJar : add tsc
2023-11-01 07:36:00,481 [INFO] IPUIPlugin:80 - create IPUIPlugin
2023-11-01 07:36:00,481 [INFO] PluginManager:220 - loadIPPluginJar : add tracer_emb
2023-11-01 07:36:00,488 [INFO] IPUIPlugin:80 - create IPUIPlugin
2023-11-01 07:36:00,488 [INFO] PluginManager:220 - loadIPPluginJar : add usbx
2023-11-01 07:36:00,501 [INFO] IPUIPlugin:80 - create IPUIPlugin
2023-11-01 07:36:00,503 [INFO] PluginManager:220 - loadIPPluginJar : add dma
2023-11-01 07:36:00,517 [INFO] IPUIPlugin:80 - create IPUIPlugin
2023-11-01 07:36:00,518 [INFO] PluginManager:220 - loadIPPluginJar : add stm32_wpan
2023-11-01 07:36:00,524 [INFO] IPUIPlugin:80 - create IPUIPlugin
2023-11-01 07:36:00,525 [INFO] PluginManager:220 - loadIPPluginJar : add touchsensing
2023-11-01 07:36:00,539 [INFO] IPUIPlugin:80 - create IPUIPlugin
2023-11-01 07:36:00,540 [INFO] PluginManager:220 - loadIPPluginJar : add linkedlist
2023-11-01 07:36:00,543 [INFO] IPUIPlugin:80 - create IPUIPlugin
2023-11-01 07:36:00,544 [INFO] PluginManager:220 - loadIPPluginJar : add quadspi
2023-11-01 07:36:00,549 [INFO] IPUIPlugin:80 - create IPUIPlugin
2023-11-01 07:36:00,549 [INFO] PluginManager:220 - loadIPPluginJar : add i3c
2023-11-01 07:36:00,553 [INFO] IPUIPlugin:80 - create IPUIPlugin
2023-11-01 07:36:00,554 [INFO] PluginManager:220 - loadIPPluginJar : add aes
2023-11-01 07:36:00,559 [INFO] IPUIPlugin:80 - create IPUIPlugin
2023-11-01 07:36:00,560 [INFO] PluginManager:220 - loadIPPluginJar : add can
2023-11-01 07:36:00,565 [INFO] IPUIPlugin:80 - create IPUIPlugin
2023-11-01 07:36:00,565 [INFO] PluginManager:220 - loadIPPluginJar : add i2s
2023-11-01 07:36:00,579 [INFO] IPUIPlugin:80 - create IPUIPlugin
2023-11-01 07:36:00,579 [INFO] PluginManager:220 - loadIPPluginJar : add mdma
2023-11-01 07:36:00,585 [INFO] IPUIPlugin:80 - create IPUIPlugin
2023-11-01 07:36:00,586 [INFO] PluginManager:220 - loadIPPluginJar : add openamp
2023-11-01 07:36:00,596 [INFO] IPUIPlugin:80 - create IPUIPlugin
2023-11-01 07:36:00,596 [INFO] PluginManager:220 - loadIPPluginJar : add gpio
2023-11-01 07:36:00,605 [INFO] IPUIPlugin:80 - create IPUIPlugin
2023-11-01 07:36:00,606 [INFO] PluginManager:220 - loadIPPluginJar : add fmc
2023-11-01 07:36:00,610 [INFO] IPUIPlugin:80 - create IPUIPlugin
2023-11-01 07:36:00,610 [INFO] PluginManager:220 - loadIPPluginJar : add hash
2023-11-01 07:36:00,615 [INFO] IPUIPlugin:80 - create IPUIPlugin
2023-11-01 07:36:00,616 [INFO] PluginManager:220 - loadIPPluginJar : add gfxmmu
2023-11-01 07:36:00,619 [INFO] IPUIPlugin:80 - create IPUIPlugin
2023-11-01 07:36:00,620 [INFO] PluginManager:220 - loadIPPluginJar : add comp
2023-11-01 07:36:00,624 [INFO] IPUIPlugin:80 - create IPUIPlugin
2023-11-01 07:36:00,624 [INFO] PluginManager:220 - loadIPPluginJar : add fatfs
2023-11-01 07:36:00,636 [INFO] IPUIPlugin:80 - create IPUIPlugin
2023-11-01 07:36:00,636 [INFO] PluginManager:220 - loadIPPluginJar : add freertos
2023-11-01 07:36:00,648 [INFO] IPUIPlugin:80 - create IPUIPlugin
2023-11-01 07:36:00,648 [INFO] PluginManager:220 - loadIPPluginJar : add gic
2023-11-01 07:36:00,654 [INFO] IPUIPlugin:80 - create IPUIPlugin
2023-11-01 07:36:00,654 [INFO] PluginManager:220 - loadIPPluginJar : add gtzc
2023-11-01 07:36:00,659 [INFO] IPUIPlugin:80 - create IPUIPlugin
2023-11-01 07:36:00,659 [INFO] PluginManager:220 - loadIPPluginJar : add dma3
2023-11-01 07:36:00,666 [INFO] IPUIPlugin:80 - create IPUIPlugin
2023-11-01 07:36:00,667 [INFO] PluginManager:220 - loadIPPluginJar : add resmgrutility
2023-11-01 07:36:00,672 [INFO] IPUIPlugin:80 - create IPUIPlugin
2023-11-01 07:36:00,673 [INFO] PluginManager:220 - loadIPPluginJar : add opamp
2023-11-01 07:36:00,677 [INFO] IPUIPlugin:80 - create IPUIPlugin
2023-11-01 07:36:00,678 [INFO] PluginManager:220 - loadIPPluginJar : add ts
2023-11-01 07:36:00,689 [INFO] IPUIPlugin:80 - create IPUIPlugin
2023-11-01 07:36:00,690 [INFO] PluginManager:220 - loadIPPluginJar : add adc
2023-11-01 07:36:00,693 [INFO] IPUIPlugin:80 - create IPUIPlugin
2023-11-01 07:36:00,694 [INFO] PluginManager:220 - loadIPPluginJar : add tim
2023-11-01 07:36:00,698 [INFO] IPUIPlugin:80 - create IPUIPlugin
2023-11-01 07:36:00,699 [INFO] PluginManager:220 - loadIPPluginJar : add usart
2023-11-01 07:36:00,703 [INFO] IPUIPlugin:80 - create IPUIPlugin
2023-11-01 07:36:00,703 [INFO] PluginManager:220 - loadIPPluginJar : add spi
2023-11-01 07:36:00,708 [INFO] IPUIPlugin:80 - create IPUIPlugin
2023-11-01 07:36:00,709 [INFO] PluginManager:220 - loadIPPluginJar : add lorawan
2023-11-01 07:36:00,714 [INFO] IPUIPlugin:80 - create IPUIPlugin
2023-11-01 07:36:00,715 [INFO] PluginManager:220 - loadIPPluginJar : add ipddr
2023-11-01 07:36:00,721 [INFO] IPUIPlugin:80 - create IPUIPlugin
2023-11-01 07:36:00,722 [INFO] PluginManager:220 - loadIPPluginJar : add nvic
2023-11-01 07:36:00,727 [INFO] IPUIPlugin:80 - create IPUIPlugin
2023-11-01 07:36:00,728 [INFO] PluginManager:220 - loadIPPluginJar : add sai
2023-11-01 07:36:00,732 [INFO] IPUIPlugin:80 - create IPUIPlugin
2023-11-01 07:36:00,732 [INFO] PluginManager:220 - loadIPPluginJar : add cryp
2023-11-01 07:36:00,737 [INFO] IPUIPlugin:80 - create IPUIPlugin
2023-11-01 07:36:00,737 [INFO] PluginManager:220 - loadIPPluginJar : add dfsdm
2023-11-01 07:36:00,877 [INFO] CADModel:165 - CPN selected for project level
2023-11-01 07:36:00,877 [INFO] CADModel:114 - Register for checkConnection events
2023-11-01 07:36:00,878 [FATAL] Updater:308 - Updater called before beeing initialized
2023-11-01 07:36:00,878 [ERROR] CADModel:125 - Updater not yet initialized, retry later 
2023-11-01 07:36:01,140 [INFO] CADModel:165 - CPN selected for project level
2023-11-01 07:36:01,141 [INFO] CADModel:114 - Register for checkConnection events
2023-11-01 07:36:01,141 [FATAL] Updater:308 - Updater called before beeing initialized
2023-11-01 07:36:01,141 [ERROR] CADModel:125 - Updater not yet initialized, retry later 
2023-11-01 07:36:01,148 [FATAL] Updater:308 - Updater called before beeing initialized
2023-11-01 07:36:01,346 [FATAL] Updater:308 - Updater called before beeing initialized
2023-11-01 07:36:01,358 [INFO] DbMcusAds:53 - JSON generation date=Tue Mar 07 05:50:55 ART 2023 (1678179055114)
2023-11-01 07:36:01,359 [FATAL] Updater:308 - Updater called before beeing initialized
2023-11-01 07:36:01,427 [WARN] DetailPanel:346 - Failed to get advertising image, set to default
2023-11-01 07:36:01,575 [FATAL] Updater:308 - Updater called before beeing initialized
2023-11-01 07:36:01,580 [FATAL] Updater:308 - Updater called before beeing initialized
2023-11-01 07:36:01,580 [FATAL] Updater:308 - Updater called before beeing initialized
2023-11-01 07:36:01,580 [WARN] DetailPanel:346 - Failed to get advertising image, set to default
2023-11-01 07:36:01,583 [FATAL] Updater:308 - Updater called before beeing initialized
2023-11-01 07:36:01,663 [ERROR] Updater:1120 - MainUpdater not yet initialized. External WinMGr cannot be set.
2023-11-01 07:36:01,668 [INFO] Updater:1056 - Updater Version found : 6.9.2
2023-11-01 07:36:01,714 [INFO] ApplicationProperties:184 - Using Application install path: /home/cbiale/st/stm32cubeide_1.13.2/plugins/com.st.stm32cube.common.mx_6.9.2.202309101412
2023-11-01 07:36:01,960 [INFO] MainUpdater:2868 - connection check result : 10
2023-11-01 07:36:01,961 [INFO] MainUpdater:3562 - Updater definition file requires update
2023-11-01 07:36:01,963 [INFO] MainUpdater:285 - Updater Check For Update Now.
2023-11-01 07:36:01,964 [INFO] MicroXplorer:498 - Change Database Version : DB.6.0.92
2023-11-01 07:36:01,976 [INFO] McuFinderGlobals:63 - Set McuFinder mode to 2 (CubeIDE integrated)
2023-11-01 07:36:01,976 [INFO] UserAuth:179 - activating auth plugin
2023-11-01 07:36:01,984 [INFO] UserAuth:393 - Internet connection configuration mode: 1
2023-11-01 07:36:02,014 [INFO] JxBrowserEngine:151 - Initiate JxBrowser Engine with user profile folder
2023-11-01 07:36:02,043 [INFO] ServerAccessManage:473 - Download File updaters.zip
2023-11-01 07:36:02,263 [WARN] MainUpdater:1189 - Updater busy. Cannot search thirdparties
2023-11-01 07:36:02,264 [INFO] ThirdPartyUpdaterWithRetryManager:96 - Updater plugin is busy. [1/15]
2023-11-01 07:36:02,275 [INFO] FileExtend:240 - Unzip File : updaters.zip
2023-11-01 07:36:02,276 [INFO] FileExtend:255 - Standard Zip Deflate
2023-11-01 07:36:02,696 [INFO] ServerAccessManage:473 - Download File PacksControlFlags.xml
2023-11-01 07:36:02,844 [INFO] ServerAccessManage:473 - Download File cubemx.pidx
2023-11-01 07:36:04,189 [INFO] WebApp:157 - Instantiating new browser for Auth
2023-11-01 07:36:04,729 [INFO] ServerAccessManage:473 - Download File STMicroelectronics.X-CUBE-BLEMGR.pdsc
2023-11-01 07:36:05,266 [WARN] MainUpdater:1189 - Updater busy. Cannot search thirdparties
2023-11-01 07:36:05,267 [INFO] ThirdPartyUpdaterWithRetryManager:96 - Updater plugin is busy. [2/15]
2023-11-01 07:36:05,471 [INFO] WebApp:753 - Register for checkConnection events
2023-11-01 07:36:05,471 [INFO] WebApp:390 - Apply proxy settings
2023-11-01 07:36:05,471 [INFO] WebApp:475 - Chromium requires no authentication
2023-11-01 07:36:05,486 [INFO] WebApp:418 - Direct internet connection detected
2023-11-01 07:36:05,847 [INFO] WebApp:188 - Starting web application
2023-11-01 07:36:05,848 [INFO] WebApp:520 - Web application path used /home/cbiale/st/stm32cubeide_1.13.2/plugins/com.st.stm32cube.common.mx_6.9.2.202309101412/db/plugins/mcufinder/reactClient1/index.html
2023-11-01 07:36:08,268 [WARN] MainUpdater:1189 - Updater busy. Cannot search thirdparties
2023-11-01 07:36:08,268 [INFO] ThirdPartyUpdaterWithRetryManager:96 - Updater plugin is busy. [3/15]
2023-11-01 07:36:11,269 [WARN] MainUpdater:1189 - Updater busy. Cannot search thirdparties
2023-11-01 07:36:11,269 [INFO] ThirdPartyUpdaterWithRetryManager:96 - Updater plugin is busy. [4/15]
2023-11-01 07:36:14,270 [WARN] MainUpdater:1189 - Updater busy. Cannot search thirdparties
2023-11-01 07:36:14,270 [INFO] ThirdPartyUpdaterWithRetryManager:96 - Updater plugin is busy. [5/15]
2023-11-01 07:36:15,478 [ERROR] ServerAccessManage:1096 - Problem, Http access forbiden
2023-11-01 07:36:15,480 [ERROR] ServerAccessManage:651 - Problem, Http access forbiden : RoweBots.I-CUBE-UNISONRTOS.pdsc.
2023-11-01 07:36:16,514 [ERROR] ServerAccessManage:1172 - Problem during Server Connection :  IO error PKIX path building failed: sun.security.provider.certpath.SunCertPathBuilderException: unable to find valid certification path to requested target
2023-11-01 07:36:16,514 [ERROR] ServerAccessManage:651 - Problem during Server Connection :  : SEGGER.I-CUBE-embOS.pdsc.
2023-11-01 07:36:16,731 [WARN] PackLoader:240 - Cannot read IP mode file for STMicroelectronics.X-CUBE-BLEMGR.3.0.0
2023-11-01 07:36:16,741 [INFO] PopulateThirdPartyThread:66 - Ending populate Thread
2023-11-01 07:36:16,745 [INFO] ThirdParty:1030 - CMSIS Pack Vendor :STMicroelectronics X-CUBE-BLEMGR 3.0.0
2023-11-01 07:36:16,746 [INFO] LoadServerUpdatesThread:373 - End of LoadServerUpdate Thread
2023-11-01 07:36:16,862 [INFO] CheckServerUpdateThread:120 - End of CheckServer Thread
2023-11-01 07:36:17,461 [WARN] PackLoader:240 - Cannot read IP mode file for STMicroelectronics.X-CUBE-SMBUS.2.1.0
2023-11-01 07:36:17,507 [WARN] PackLoader:240 - Cannot read IP mode file for STMicroelectronics.X-CUBE-AZRTOS-F7.1.1.0
2023-11-01 07:36:17,524 [WARN] PackLoader:240 - Cannot read IP mode file for STMicroelectronics.FP-SNS-MOTENV1.4.3.2
2023-11-01 07:36:17,536 [WARN] PackLoader:240 - Cannot read IP mode file for STMicroelectronics.FP-SNS-FLIGHT1.5.0.2
2023-11-01 07:36:17,550 [WARN] PackLoader:240 - Cannot read IP mode file for STMicroelectronics.X-CUBE-DISPLAY.3.0.0
2023-11-01 07:36:17,576 [WARN] PackLoader:240 - Cannot read IP mode file for STMicroelectronics.X-CUBE-BLE1.7.0.0
2023-11-01 07:36:17,585 [WARN] PackLoader:240 - Cannot read IP mode file for emotas.I-CUBE-CANOPEN.1.3.0
2023-11-01 07:36:17,591 [WARN] PackLoader:240 - Cannot read IP mode file for STMicroelectronics.X-CUBE-TOUCHGFX.4.22.1
2023-11-01 07:36:17,598 [WARN] PackLoader:240 - Cannot read IP mode file for STMicroelectronics.FP-SNS-SMARTAG2.1.2.0
2023-11-01 07:36:17,613 [INFO] LogOutputStream:77 - [STDOUT_REDIRECT] 1 : Invalid condition id : UX_CORESTACK_Condition cause : null
2023-11-01 07:36:17,615 [INFO] LogOutputStream:77 - [STDOUT_REDIRECT] 1 : Invalid condition id : UX_CORESTACK_Condition cause : null
2023-11-01 07:36:17,615 [INFO] LogOutputStream:77 - [STDOUT_REDIRECT] 1 : Invalid condition id : UX_CORESTACK_Condition cause : null
2023-11-01 07:36:17,615 [INFO] LogOutputStream:77 - [STDOUT_REDIRECT] 1 : Invalid condition id : UX_CORESTACK_Condition cause : null
2023-11-01 07:36:17,616 [INFO] LogOutputStream:77 - [STDOUT_REDIRECT] 1 : Invalid condition id : UX_CORESTACK_Condition cause : null
2023-11-01 07:36:17,623 [WARN] PackLoader:240 - Cannot read IP mode file for STMicroelectronics.X-CUBE-AZRTOS-WL.2.0.0
2023-11-01 07:36:17,637 [WARN] PackLoader:240 - Cannot read IP mode file for WES.I-CUBE-Cesium.1.3.0
2023-11-01 07:36:17,646 [WARN] PackLoader:240 - Cannot read IP mode file for STMicroelectronics.X-CUBE-BLE2.3.3.0
2023-11-01 07:36:17,656 [WARN] PackLoader:240 - Cannot read IP mode file for STMicroelectronics.X-CUBE-ALGOBUILD.1.3.0
2023-11-01 07:36:17,683 [WARN] PackLoader:240 - Cannot read IP mode file for STMicroelectronics.X-CUBE-AZRTOS-G0.1.1.0
2023-11-01 07:36:17,696 [WARN] PackLoader:240 - Cannot read IP mode file for STMicroelectronics.X-CUBE-NFC4.3.0.0
2023-11-01 07:36:17,711 [WARN] PackLoader:240 - Cannot read IP mode file for STMicroelectronics.X-CUBE-BLEMGR.3.0.0
2023-11-01 07:36:17,721 [WARN] PackLoader:240 - Cannot read IP mode file for STMicroelectronics.FP-ATR-SIGFOX1.3.2.0
2023-11-01 07:36:17,729 [WARN] PackLoader:240 - Cannot read IP mode file for STMicroelectronics.X-CUBE-GNSS1.6.0.0
2023-11-01 07:36:17,753 [WARN] PackLoader:240 - Cannot read IP mode file for STMicroelectronics.X-CUBE-AZRTOS-F4.1.1.0
2023-11-01 07:36:17,763 [WARN] PackLoader:240 - Cannot read IP mode file for wolfSSL.I-CUBE-wolfSSL.5.6.3
2023-11-01 07:36:17,784 [WARN] PackLoader:240 - Cannot read IP mode file for STMicroelectronics.X-CUBE-AZRTOS-L5.2.0.0
2023-11-01 07:36:17,794 [WARN] PackLoader:240 - Cannot read IP mode file for STMicroelectronics.X-CUBE-EEPRMA1.4.2.0
2023-11-01 07:36:17,803 [WARN] PackLoader:240 - Cannot read IP mode file for ITTIA_DB.I-CUBE-ITTIADB.8.8.0
2023-11-01 07:36:17,826 [WARN] PackLoader:240 - Cannot read IP mode file for STMicroelectronics.X-CUBE-BLEMGR.2.0.0
2023-11-01 07:36:17,864 [WARN] ConditionMgr:438 - getConditionDescription Invalid condition id : UX DEVICE CLASS RTOS Condition cause : null
2023-11-01 07:36:17,864 [WARN] ConditionMgr:438 - getConditionDescription Invalid condition id : UX DEVICE CLASS RTOS Condition cause : null
2023-11-01 07:36:17,868 [WARN] PackLoader:240 - Cannot read IP mode file for STMicroelectronics.X-CUBE-AZRTOS-H7.3.1.0
2023-11-01 07:36:17,871 [WARN] ConditionMgr:1039 - genDependencies : Invalid condition id : UX DEVICE CLASS RTOS Condition cause : null
2023-11-01 07:36:17,871 [WARN] ConditionMgr:1039 - genDependencies : Invalid condition id : UX DEVICE CLASS RTOS Condition cause : null
2023-11-01 07:36:17,873 [WARN] ConditionMgr:1039 - genDependencies : Invalid condition id : UX DEVICE CLASS RTOS Condition cause : null
2023-11-01 07:36:17,874 [WARN] ConditionMgr:1039 - genDependencies : Invalid condition id : UX DEVICE CLASS RTOS Condition cause : null
2023-11-01 07:36:17,874 [WARN] ConditionMgr:1039 - genDependencies : Invalid condition id : UX DEVICE CLASS RTOS Condition cause : null
2023-11-01 07:36:17,884 [WARN] PackLoader:240 - Cannot read IP mode file for STMicroelectronics.X-CUBE-NFC7.1.0.1
2023-11-01 07:36:17,895 [WARN] PackLoader:240 - Cannot read IP mode file for STMicroelectronics.X-CUBE-NFC6.3.0.0
2023-11-01 07:36:17,904 [WARN] PackLoader:240 - Cannot read IP mode file for STMicroelectronics.X-CUBE-AI.8.1.0
2023-11-01 07:36:17,925 [WARN] ConditionMgr:438 - getConditionDescription Invalid condition id : LAN8742 Phy interface Condition cause : null
2023-11-01 07:36:17,926 [WARN] PackLoader:240 - Cannot read IP mode file for STMicroelectronics.X-CUBE-AZRTOS-L4.2.0.0
2023-11-01 07:36:17,928 [WARN] ConditionMgr:1039 - genDependencies : Invalid condition id : LAN8742 Phy interface Condition cause : null
2023-11-01 07:36:17,929 [WARN] ConditionMgr:1039 - genDependencies : Invalid condition id : LAN8742 Phy interface Condition cause : null
2023-11-01 07:36:17,930 [WARN] ConditionMgr:1039 - genDependencies : Invalid condition id : LAN8742 Phy interface Condition cause : null
2023-11-01 07:36:17,939 [WARN] PackLoader:240 - Cannot read IP mode file for STMicroelectronics.X-CUBE-SFXS2LP1.4.0.0
2023-11-01 07:36:17,947 [WARN] PackLoader:240 - Cannot read IP mode file for STMicroelectronics.X-CUBE-ISPU.1.1.0
2023-11-01 07:36:17,962 [WARN] ConditionMgr:438 - getConditionDescription Invalid condition id : UX DEVICE CLASS RTOS Condition cause : null
2023-11-01 07:36:17,962 [WARN] ConditionMgr:438 - getConditionDescription Invalid condition id : UX DEVICE CLASS RTOS Condition cause : null
2023-11-01 07:36:17,965 [WARN] PackLoader:240 - Cannot read IP mode file for STMicroelectronics.X-CUBE-AZRTOS-WB.2.0.0
2023-11-01 07:36:17,966 [WARN] ConditionMgr:1039 - genDependencies : Invalid condition id : UX DEVICE CLASS RTOS Condition cause : null
2023-11-01 07:36:17,966 [WARN] ConditionMgr:1039 - genDependencies : Invalid condition id : UX DEVICE CLASS RTOS Condition cause : null
2023-11-01 07:36:17,967 [WARN] ConditionMgr:1039 - genDependencies : Invalid condition id : UX DEVICE CLASS RTOS Condition cause : null
2023-11-01 07:36:17,968 [WARN] ConditionMgr:1039 - genDependencies : Invalid condition id : UX DEVICE CLASS RTOS Condition cause : null
2023-11-01 07:36:17,968 [WARN] ConditionMgr:1039 - genDependencies : Invalid condition id : UX DEVICE CLASS RTOS Condition cause : null
2023-11-01 07:36:17,980 [WARN] PackLoader:240 - Cannot read IP mode file for STMicroelectronics.X-CUBE-SUBG2.5.0.0
2023-11-01 07:36:18,004 [WARN] PackLoader:240 - Cannot read IP mode file for STMicroelectronics.X-CUBE-TOF1.3.3.1
2023-11-01 07:36:18,044 [WARN] PackLoader:240 - Cannot read IP mode file for STMicroelectronics.X-CUBE-AZRTOS-G4.2.0.0
2023-11-01 07:36:18,061 [WARN] PackLoader:240 - Cannot read IP mode file for Infineon.AIROC-Wi-Fi-Bluetooth-STM32.1.5.1
2023-11-01 07:36:18,113 [WARN] PackLoader:240 - Cannot read IP mode file for STMicroelectronics.X-CUBE-MEMS1.10.0.0
2023-11-01 07:36:18,415 [WARN] PackLoader:240 - Cannot read IP mode file for STMicroelectronics.X-CUBE-FREERTOS.1.1.0
2023-11-01 07:36:18,421 [WARN] PackLoader:240 - Cannot read IP mode file for portGmbH.I-Cube-SoM-uGOAL.1.1.0
2023-11-01 07:36:18,426 [WARN] PackLoader:240 - Cannot read IP mode file for STMicroelectronics.X-CUBE-ALS.1.0.1
2023-11-01 07:36:18,432 [WARN] PackLoader:240 - Cannot read IP mode file for STMicroelectronics.FP-ATR-ASTRA1.2.0.0
2023-11-01 07:36:18,434 [INFO] ThirdParty:978 - Integrity check success = true
2023-11-01 07:36:18,434 [INFO] IntegrityCheckThread:100 - exiting critical section [integrity check]
2023-11-01 07:36:18,434 [INFO] IntegrityCheckThread:103 - End integrity checks thread
2023-11-01 07:36:27,358 [ERROR] LogOutputStream:75 - [STDERR_REDIRECT] SLF4J: Failed to load class "org.slf4j.impl.StaticLoggerBinder".
2023-11-01 07:36:27,359 [ERROR] LogOutputStream:75 - [STDERR_REDIRECT] SLF4J: Defaulting to no-operation (NOP) logger implementation
2023-11-01 07:36:27,360 [ERROR] LogOutputStream:75 - [STDERR_REDIRECT] SLF4J: See http://www.slf4j.org/codes.html#StaticLoggerBinder for further details.
2023-11-01 07:37:22,366 [INFO] McuFinderGlobals:63 - Set McuFinder mode to 2 (CubeIDE integrated)
2023-11-01 07:37:22,371 [INFO] MainUpdater:2868 - connection check result : 10
2023-11-01 07:37:22,876 [INFO] ApiDb:581 - Connected to CubeFinder SQLite database (/home/cbiale/.stmcufinder/plugins/mcufinder/mcu/cube-finder-db.db)
2023-11-01 07:37:22,968 [INFO] ApiDb:668 - CubeFinder database Data Model version=2.1
2023-11-01 07:37:22,969 [INFO] ApiDb:669 - CubeFinder database Configuration version=3.0.37
2023-11-01 07:37:22,969 [INFO] ApiDb:670 - CubeFinder database generation date=2023-10-13 (1697197505)
2023-11-01 07:37:22,970 [INFO] ApiDb:671 - CubeFinder database FW Pack versions=[FP-ATR-ASTRA1_V2.0.0, FP-SNS-FLIGHT1_V5.0.1, FP-SNS-FLIGHT1_V5.0.2, FP-SNS-MOTENV1_V4.3.1, FP-SNS-MOTENV1_V4.3.2, FP-SNS-SMARTAG2_V1.2.0, I-CUBE-ITTIADB_V8.6.3-1, STM32Cube_FW_C0_V1.1.0, STM32Cube_FW_F4_V1.27.1, STM32Cube_FW_F7_V1.17.0, STM32Cube_FW_G0_V1.6.1, STM32Cube_FW_G4_V1.5.1, STM32Cube_FW_H5_V0.5.1, STM32Cube_FW_H5_V1.1.1, STM32Cube_FW_H7_V1.11.0, STM32Cube_FW_L0_V1.12.2, STM32Cube_FW_L5_V1.5.0, STM32Cube_FW_U5_V1.3.0, STM32Cube_FW_U5_V1.3.0RC4, STM32Cube_FW_WBA_V1.0.0RC1, STM32Cube_FW_WBA_V1.1.0RC1, STM32Cube_FW_WBA_V1.1.1, STM32Cube_FW_WB_V1.15.0RC1, STM32Cube_FW_WB_V1.16.0, STM32Cube_FW_WB_V1.16.0RC2, STM32Cube_FW_WB_V1.17.3, STM32Cube_FW_WL_V1.3.0, X-CUBE-ALGOBUILD_V1.3.0, X-CUBE-ALS_V1.0.1, X-CUBE-AZRTOS-F4_V1.1.0, X-CUBE-AZRTOS-F7_V1.1.0, X-CUBE-AZRTOS-G0_V1.1.0, X-CUBE-AZRTOS-G4_V2.0.0, X-CUBE-AZRTOS-H7_V3.1.0, X-CUBE-AZRTOS-L4_V1.0.0, X-CUBE-AZRTOS-L4_V2.0.0, X-CUBE-AZRTOS-L5_V1.1.0, X-CUBE-AZRTOS-WB_V2.0.0, X-CUBE-AZRTOS-WL_V2.0.0, X-CUBE-BLE1_V7.0.0, X-CUBE-BLE2_V3.3.0, X-CUBE-BLEMGR_V2.0.0, X-CUBE-EEPRMA1_V4.1.0, X-CUBE-FREERTOS_V1.1.0, X-CUBE-GNSS1_V6.0.0, X-CUBE-MEMS1_V10.0.0, X-CUBE-MEMS1_V9.1.0, X-CUBE-MEMS1_V9.4.0, X-CUBE-MEMS1_V9.6.0, X-CUBE-NFC4_V3.0.0, X-CUBE-NFC7_V1.0.1, X-CUBE-SFXS2LP1_V4.0.0, X-CUBE-SUBG2_V5.0.0, X-CUBE-TOF1_V3.3.1]
2023-11-01 07:37:23,153 [INFO] DbBoardsSqlite:226 - include board P-NUCLEO-WB55-NUCLEO as a kit item of type 'Nucleo-64'
2023-11-01 07:37:23,154 [INFO] DbBoardsSqlite:226 - include board P-NUCLEO-WB55-USBDONGLE as a kit item of type 'Nucleo USB Dongle'
2023-11-01 07:37:23,155 [INFO] DbBoardsSqlite:226 - include board STEVAL-IDP005V1 as a kit item of type 'Evaluation Board'
2023-11-01 07:37:23,156 [INFO] DbBoardsSqlite:226 - include board STEVAL-IDP005V2 as a kit item of type 'Evaluation Board'
2023-11-01 07:37:23,336 [INFO] ApiDb:240 - Found 323 in-development CPN: [B-G473E-ZEST1S, B-WB1M-WPAN1, B-WL5M-SUBG1, NUCLEO-C031C6, NUCLEO-H503RB, NUCLEO-H563ZI, NUCLEO-U545RE-Q, NUCLEO-U5A5ZJ-Q, NUCLEO-WBA52CG, STEVAL-PROTEUS1, STEVAL-SMARTAG2, STEVAL-STWINBX1, STM320518-EVAL, STM32C0116-DK, STM32C011D6Y3TR, STM32C011D6Y6TR, STM32C011F4P3, STM32C011F4P6, STM32C011F4U3, STM32C011F4U6TR, STM32C011F6P3, STM32C011F6P6, STM32C011F6U3, STM32C011F6U6TR, STM32C011J4M3, STM32C011J4M6, STM32C011J6M3, STM32C011J6M6, STM32C0316-DK, STM32C031C4T3, STM32C031C4T6, STM32C031C4U3, STM32C031C4U6, STM32C031C6T3, STM32C031C6T6, STM32C031C6U3, STM32C031C6U6, STM32C031F4P3, STM32C031F4P6, STM32C031F6P3, STM32C031F6P6, STM32C031G4U3, STM32C031G4U6, STM32C031G6U3, STM32C031G6U6, STM32C031K4T3, STM32C031K4T6, STM32C031K4U3, STM32C031K4U6, STM32C031K6T3, STM32C031K6T6, STM32C031K6U3, STM32C031K6U6, STM32G071K8TXN, STM32G071K8UXN, STM32G081GBU6N, STM32G081KBT6N, STM32G081KBUXN, STM32G0B1CCT6N, STM32G0B1KCT6, STM32G0B1NEY6TR, STM32G0B1RCT6N, STM32G0C1CCT6, STM32G0C1CCT6N, STM32G0C1CCU6N, STM32G0C1CET6N, STM32G0C1CEU6N, STM32G0C1KCT6, STM32G0C1NEY6TR, STM32G0C1RCI6N, STM32G0C1RCT6N, STM32G0C1REI6N, STM32G0C1RET6N, STM32G0C1VCI6, STM32G0C1VEI6, STM32G471CCT6, STM32G471CCU6, STM32G471CET3, STM32G471CET6, STM32G471CEU3, STM32G471CEU6, STM32G471MCT6, STM32G471MET3, STM32G471MET6, STM32G471MEY6TR, STM32G471QCT6, STM32G471QET3, STM32G471RCT6, STM32G471RET3, STM32G471RET6, STM32G471VCH6, STM32G471VCI6, STM32G471VCT6, STM32G471VEH3, STM32G471VEH6, STM32G471VEI3, STM32G471VEI6, STM32G471VET3, STM32G471VET6, STM32G474CCT6, STM32H503CBT6, STM32H503CBU6, STM32H503EBY6TR, STM32H503KBU6, STM32H503RBT6, STM32H562AGI6, STM32H562AII6, STM32H562IGK6, STM32H562IGT6, STM32H562IIK6, STM32H562IIT6, STM32H562RGT6, STM32H562RGV6, STM32H562RIT6, STM32H562RIV6, STM32H562VGT6, STM32H562VIT6, STM32H562ZGT6, STM32H562ZIT6, STM32H563AGI6, STM32H563AII3Q, STM32H563AII6, STM32H563IGK6, STM32H563IGT6, STM32H563IIK3Q, STM32H563IIK6, STM32H563IIT3Q, STM32H563IIT6, STM32H563MIY3QTR, STM32H563RGT6, STM32H563RGV6, STM32H563RIT6, STM32H563RIV6, STM32H563VGT6, STM32H563VIT3Q, STM32H563VIT6, STM32H563ZGT6, STM32H563ZIT3Q, STM32H563ZIT6, STM32H573AII3Q, STM32H573AII6, STM32H573I-DK, STM32H573IIK3Q, STM32H573IIK6, STM32H573IIT3Q, STM32H573IIT6, STM32H573MIY3QTR, STM32H573RIT6, STM32H573RIV6, STM32H573VIT3Q, STM32H573VIT6, STM32H573ZIT3Q, STM32H573ZIT6, STM32L4R5QGI6STR, STM32MP131AAE3, STM32MP131AAF3, STM32MP131AAG3, STM32MP131CAE3, STM32MP131CAF3, STM32MP131CAG3, STM32MP131DAE7, STM32MP131DAF7, STM32MP131DAG7, STM32MP131FAE7, STM32MP131FAF7, STM32MP131FAG7, STM32MP133AAE3, STM32MP133AAF3, STM32MP133AAG3, STM32MP133CAE3, STM32MP133CAF3, STM32MP133CAG3, STM32MP133DAE7, STM32MP133DAF7, STM32MP133DAG7, STM32MP133FAE7, STM32MP133FAF7, STM32MP133FAG7, STM32MP135AAE3, STM32MP135AAF3, STM32MP135AAG3, STM32MP135CAE3, STM32MP135CAF3, STM32MP135CAG3, STM32MP135DAE7, STM32MP135DAF7, STM32MP135DAG7, STM32MP135F-DK, STM32MP135FAE7, STM32MP135FAF7, STM32MP135FAF7T, STM32MP135FAF7U, STM32MP135FAG7, STM32U535CBT6, STM32U535CBT6Q, STM32U535CBU6, STM32U535CBU6Q, STM32U535CCT6, STM32U535CCT6Q, STM32U535CCU6, STM32U535CCU6Q, STM32U535CET6, STM32U535CET6Q, STM32U535CEU6, STM32U535CEU6Q, STM32U535JEY6QTR, STM32U535NCY6QTR, STM32U535NEY6QTR, STM32U535RBI6, STM32U535RBI6Q, STM32U535RBT6, STM32U535RBT6Q, STM32U535RCI6, STM32U535RCI6Q, STM32U535RCT6, STM32U535RCT6Q, STM32U535REI6, STM32U535REI6Q, STM32U535RET6, STM32U535RET6Q, STM32U535VCI6, STM32U535VCI6Q, STM32U535VCT6, STM32U535VCT6Q, STM32U535VEI6, STM32U535VEI6Q, STM32U535VET6, STM32U535VET6Q, STM32U545CET6, STM32U545CET6Q, STM32U545CEU6, STM32U545CEU6Q, STM32U545JEY6QTR, STM32U545NEY6QTR, STM32U545REI6, STM32U545REI6Q, STM32U545RET6, STM32U545RET6Q, STM32U545VEI6, STM32U545VEI6Q, STM32U545VET6, STM32U545VET6Q, STM32U595AIH6, STM32U595AIH6Q, STM32U595AJH6, STM32U595AJH6Q, STM32U595QII6, STM32U595QII6Q, STM32U595QJI6, STM32U595QJI6Q, STM32U595RIT6, STM32U595RIT6Q, STM32U595RJT6, STM32U595RJT6Q, STM32U595VIT6, STM32U595VIT6Q, STM32U595VJT6, STM32U595VJT6Q, STM32U595ZIT6, STM32U595ZIT6Q, STM32U595ZIY6QTR, STM32U595ZJT6, STM32U595ZJT6Q, STM32U595ZJY6QTR, STM32U599BJY6QTR, STM32U599NIH6Q, STM32U599NJH6Q, STM32U599VIT6Q, STM32U599VJT6, STM32U599VJT6Q, STM32U599ZIT6Q, STM32U599ZIY6QTR, STM32U599ZJT6Q, STM32U599ZJY6QTR, STM32U5A5AJH6, STM32U5A5AJH6Q, STM32U5A5QJI6, STM32U5A5QJI6Q, STM32U5A5RJT6, STM32U5A5RJT6Q, STM32U5A5VJT6, STM32U5A5VJT6Q, STM32U5A5ZJT6, STM32U5A5ZJT6Q, STM32U5A5ZJY6QTR, STM32U5A9BJY6QTR, STM32U5A9J-DK, STM32U5A9NJH6Q, STM32U5A9VJT6Q, STM32U5A9ZJT6Q, STM32U5A9ZJY6QTR, STM32U5F7VIT6, STM32U5F7VIT6Q, STM32U5F7VJT6, STM32U5F7VJT6Q, STM32U5F9BJY6QTR, STM32U5F9NJH6Q, STM32U5F9VIT6Q, STM32U5F9VJT6Q, STM32U5F9ZIJ6QTR, STM32U5F9ZIT6Q, STM32U5F9ZJJ6QTR, STM32U5F9ZJT6Q, STM32U5G7VJT6, STM32U5G7VJT6Q, STM32U5G9BJY6QTR, STM32U5G9J-DK1, STM32U5G9J-DK2, STM32U5G9NJH6Q, STM32U5G9VJT6Q, STM32U5G9ZJJ6QTR, STM32U5G9ZJT6Q, STM32WB1MMCH6, STM32WBA52CEU6, STM32WBA52CEU6T, STM32WBA52CGU6, STM32WBA52CGU6T, STM32WBA52KEU6, STM32WBA52KEU6T, STM32WBA52KGU6, STM32WBA52KGU6T, STM32WL5MOCH6, STM32WL5MOCH6TR]
2023-11-01 07:37:23,511 [INFO] BoardInfo:880 - No configuration file found for board P-NUCLEO-WB55
2023-11-01 07:37:23,512 [INFO] DbBoards:157 - Kit is not supported: P-NUCLEO-WB55
2023-11-01 07:37:23,518 [INFO] BoardInfo:880 - No configuration file found for board STEVAL-BFA001V1B
2023-11-01 07:37:23,519 [INFO] DbBoards:157 - Kit is not supported: STEVAL-BFA001V1B
2023-11-01 07:37:23,520 [INFO] BoardInfo:880 - No configuration file found for board STEVAL-BFA001V2B
2023-11-01 07:37:23,520 [INFO] DbBoards:157 - Kit is not supported: STEVAL-BFA001V2B
2023-11-01 07:37:23,658 [INFO] DbBoards:161 - Found 190 boards, 187 are supported
2023-11-01 07:37:23,667 [INFO] ApiDb:668 - CubeFinder database Data Model version=2.1
2023-11-01 07:37:23,667 [INFO] ApiDb:669 - CubeFinder database Configuration version=3.0.37
2023-11-01 07:37:23,668 [INFO] ApiDb:670 - CubeFinder database generation date=2023-10-13 (1697197505)
2023-11-01 07:37:23,668 [INFO] ApiDb:671 - CubeFinder database FW Pack versions=[FP-ATR-ASTRA1_V2.0.0, FP-SNS-FLIGHT1_V5.0.1, FP-SNS-FLIGHT1_V5.0.2, FP-SNS-MOTENV1_V4.3.1, FP-SNS-MOTENV1_V4.3.2, FP-SNS-SMARTAG2_V1.2.0, I-CUBE-ITTIADB_V8.6.3-1, STM32Cube_FW_C0_V1.1.0, STM32Cube_FW_F4_V1.27.1, STM32Cube_FW_F7_V1.17.0, STM32Cube_FW_G0_V1.6.1, STM32Cube_FW_G4_V1.5.1, STM32Cube_FW_H5_V0.5.1, STM32Cube_FW_H5_V1.1.1, STM32Cube_FW_H7_V1.11.0, STM32Cube_FW_L0_V1.12.2, STM32Cube_FW_L5_V1.5.0, STM32Cube_FW_U5_V1.3.0, STM32Cube_FW_U5_V1.3.0RC4, STM32Cube_FW_WBA_V1.0.0RC1, STM32Cube_FW_WBA_V1.1.0RC1, STM32Cube_FW_WBA_V1.1.1, STM32Cube_FW_WB_V1.15.0RC1, STM32Cube_FW_WB_V1.16.0, STM32Cube_FW_WB_V1.16.0RC2, STM32Cube_FW_WB_V1.17.3, STM32Cube_FW_WL_V1.3.0, X-CUBE-ALGOBUILD_V1.3.0, X-CUBE-ALS_V1.0.1, X-CUBE-AZRTOS-F4_V1.1.0, X-CUBE-AZRTOS-F7_V1.1.0, X-CUBE-AZRTOS-G0_V1.1.0, X-CUBE-AZRTOS-G4_V2.0.0, X-CUBE-AZRTOS-H7_V3.1.0, X-CUBE-AZRTOS-L4_V1.0.0, X-CUBE-AZRTOS-L4_V2.0.0, X-CUBE-AZRTOS-L5_V1.1.0, X-CUBE-AZRTOS-WB_V2.0.0, X-CUBE-AZRTOS-WL_V2.0.0, X-CUBE-BLE1_V7.0.0, X-CUBE-BLE2_V3.3.0, X-CUBE-BLEMGR_V2.0.0, X-CUBE-EEPRMA1_V4.1.0, X-CUBE-FREERTOS_V1.1.0, X-CUBE-GNSS1_V6.0.0, X-CUBE-MEMS1_V10.0.0, X-CUBE-MEMS1_V9.1.0, X-CUBE-MEMS1_V9.4.0, X-CUBE-MEMS1_V9.6.0, X-CUBE-NFC4_V3.0.0, X-CUBE-NFC7_V1.0.1, X-CUBE-SFXS2LP1_V4.0.0, X-CUBE-SUBG2_V5.0.0, X-CUBE-TOF1_V3.3.1]
2023-11-01 07:37:27,237 [INFO] ApiDb:240 - Found 323 in-development CPN: [B-G473E-ZEST1S, B-WB1M-WPAN1, B-WL5M-SUBG1, NUCLEO-C031C6, NUCLEO-H503RB, NUCLEO-H563ZI, NUCLEO-U545RE-Q, NUCLEO-U5A5ZJ-Q, NUCLEO-WBA52CG, STEVAL-PROTEUS1, STEVAL-SMARTAG2, STEVAL-STWINBX1, STM320518-EVAL, STM32C0116-DK, STM32C011D6Y3TR, STM32C011D6Y6TR, STM32C011F4P3, STM32C011F4P6, STM32C011F4U3, STM32C011F4U6TR, STM32C011F6P3, STM32C011F6P6, STM32C011F6U3, STM32C011F6U6TR, STM32C011J4M3, STM32C011J4M6, STM32C011J6M3, STM32C011J6M6, STM32C0316-DK, STM32C031C4T3, STM32C031C4T6, STM32C031C4U3, STM32C031C4U6, STM32C031C6T3, STM32C031C6T6, STM32C031C6U3, STM32C031C6U6, STM32C031F4P3, STM32C031F4P6, STM32C031F6P3, STM32C031F6P6, STM32C031G4U3, STM32C031G4U6, STM32C031G6U3, STM32C031G6U6, STM32C031K4T3, STM32C031K4T6, STM32C031K4U3, STM32C031K4U6, STM32C031K6T3, STM32C031K6T6, STM32C031K6U3, STM32C031K6U6, STM32G071K8TXN, STM32G071K8UXN, STM32G081GBU6N, STM32G081KBT6N, STM32G081KBUXN, STM32G0B1CCT6N, STM32G0B1KCT6, STM32G0B1NEY6TR, STM32G0B1RCT6N, STM32G0C1CCT6, STM32G0C1CCT6N, STM32G0C1CCU6N, STM32G0C1CET6N, STM32G0C1CEU6N, STM32G0C1KCT6, STM32G0C1NEY6TR, STM32G0C1RCI6N, STM32G0C1RCT6N, STM32G0C1REI6N, STM32G0C1RET6N, STM32G0C1VCI6, STM32G0C1VEI6, STM32G471CCT6, STM32G471CCU6, STM32G471CET3, STM32G471CET6, STM32G471CEU3, STM32G471CEU6, STM32G471MCT6, STM32G471MET3, STM32G471MET6, STM32G471MEY6TR, STM32G471QCT6, STM32G471QET3, STM32G471RCT6, STM32G471RET3, STM32G471RET6, STM32G471VCH6, STM32G471VCI6, STM32G471VCT6, STM32G471VEH3, STM32G471VEH6, STM32G471VEI3, STM32G471VEI6, STM32G471VET3, STM32G471VET6, STM32G474CCT6, STM32H503CBT6, STM32H503CBU6, STM32H503EBY6TR, STM32H503KBU6, STM32H503RBT6, STM32H562AGI6, STM32H562AII6, STM32H562IGK6, STM32H562IGT6, STM32H562IIK6, STM32H562IIT6, STM32H562RGT6, STM32H562RGV6, STM32H562RIT6, STM32H562RIV6, STM32H562VGT6, STM32H562VIT6, STM32H562ZGT6, STM32H562ZIT6, STM32H563AGI6, STM32H563AII3Q, STM32H563AII6, STM32H563IGK6, STM32H563IGT6, STM32H563IIK3Q, STM32H563IIK6, STM32H563IIT3Q, STM32H563IIT6, STM32H563MIY3QTR, STM32H563RGT6, STM32H563RGV6, STM32H563RIT6, STM32H563RIV6, STM32H563VGT6, STM32H563VIT3Q, STM32H563VIT6, STM32H563ZGT6, STM32H563ZIT3Q, STM32H563ZIT6, STM32H573AII3Q, STM32H573AII6, STM32H573I-DK, STM32H573IIK3Q, STM32H573IIK6, STM32H573IIT3Q, STM32H573IIT6, STM32H573MIY3QTR, STM32H573RIT6, STM32H573RIV6, STM32H573VIT3Q, STM32H573VIT6, STM32H573ZIT3Q, STM32H573ZIT6, STM32L4R5QGI6STR, STM32MP131AAE3, STM32MP131AAF3, STM32MP131AAG3, STM32MP131CAE3, STM32MP131CAF3, STM32MP131CAG3, STM32MP131DAE7, STM32MP131DAF7, STM32MP131DAG7, STM32MP131FAE7, STM32MP131FAF7, STM32MP131FAG7, STM32MP133AAE3, STM32MP133AAF3, STM32MP133AAG3, STM32MP133CAE3, STM32MP133CAF3, STM32MP133CAG3, STM32MP133DAE7, STM32MP133DAF7, STM32MP133DAG7, STM32MP133FAE7, STM32MP133FAF7, STM32MP133FAG7, STM32MP135AAE3, STM32MP135AAF3, STM32MP135AAG3, STM32MP135CAE3, STM32MP135CAF3, STM32MP135CAG3, STM32MP135DAE7, STM32MP135DAF7, STM32MP135DAG7, STM32MP135F-DK, STM32MP135FAE7, STM32MP135FAF7, STM32MP135FAF7T, STM32MP135FAF7U, STM32MP135FAG7, STM32U535CBT6, STM32U535CBT6Q, STM32U535CBU6, STM32U535CBU6Q, STM32U535CCT6, STM32U535CCT6Q, STM32U535CCU6, STM32U535CCU6Q, STM32U535CET6, STM32U535CET6Q, STM32U535CEU6, STM32U535CEU6Q, STM32U535JEY6QTR, STM32U535NCY6QTR, STM32U535NEY6QTR, STM32U535RBI6, STM32U535RBI6Q, STM32U535RBT6, STM32U535RBT6Q, STM32U535RCI6, STM32U535RCI6Q, STM32U535RCT6, STM32U535RCT6Q, STM32U535REI6, STM32U535REI6Q, STM32U535RET6, STM32U535RET6Q, STM32U535VCI6, STM32U535VCI6Q, STM32U535VCT6, STM32U535VCT6Q, STM32U535VEI6, STM32U535VEI6Q, STM32U535VET6, STM32U535VET6Q, STM32U545CET6, STM32U545CET6Q, STM32U545CEU6, STM32U545CEU6Q, STM32U545JEY6QTR, STM32U545NEY6QTR, STM32U545REI6, STM32U545REI6Q, STM32U545RET6, STM32U545RET6Q, STM32U545VEI6, STM32U545VEI6Q, STM32U545VET6, STM32U545VET6Q, STM32U595AIH6, STM32U595AIH6Q, STM32U595AJH6, STM32U595AJH6Q, STM32U595QII6, STM32U595QII6Q, STM32U595QJI6, STM32U595QJI6Q, STM32U595RIT6, STM32U595RIT6Q, STM32U595RJT6, STM32U595RJT6Q, STM32U595VIT6, STM32U595VIT6Q, STM32U595VJT6, STM32U595VJT6Q, STM32U595ZIT6, STM32U595ZIT6Q, STM32U595ZIY6QTR, STM32U595ZJT6, STM32U595ZJT6Q, STM32U595ZJY6QTR, STM32U599BJY6QTR, STM32U599NIH6Q, STM32U599NJH6Q, STM32U599VIT6Q, STM32U599VJT6, STM32U599VJT6Q, STM32U599ZIT6Q, STM32U599ZIY6QTR, STM32U599ZJT6Q, STM32U599ZJY6QTR, STM32U5A5AJH6, STM32U5A5AJH6Q, STM32U5A5QJI6, STM32U5A5QJI6Q, STM32U5A5RJT6, STM32U5A5RJT6Q, STM32U5A5VJT6, STM32U5A5VJT6Q, STM32U5A5ZJT6, STM32U5A5ZJT6Q, STM32U5A5ZJY6QTR, STM32U5A9BJY6QTR, STM32U5A9J-DK, STM32U5A9NJH6Q, STM32U5A9VJT6Q, STM32U5A9ZJT6Q, STM32U5A9ZJY6QTR, STM32U5F7VIT6, STM32U5F7VIT6Q, STM32U5F7VJT6, STM32U5F7VJT6Q, STM32U5F9BJY6QTR, STM32U5F9NJH6Q, STM32U5F9VIT6Q, STM32U5F9VJT6Q, STM32U5F9ZIJ6QTR, STM32U5F9ZIT6Q, STM32U5F9ZJJ6QTR, STM32U5F9ZJT6Q, STM32U5G7VJT6, STM32U5G7VJT6Q, STM32U5G9BJY6QTR, STM32U5G9J-DK1, STM32U5G9J-DK2, STM32U5G9NJH6Q, STM32U5G9VJT6Q, STM32U5G9ZJJ6QTR, STM32U5G9ZJT6Q, STM32WB1MMCH6, STM32WBA52CEU6, STM32WBA52CEU6T, STM32WBA52CGU6, STM32WBA52CGU6T, STM32WBA52KEU6, STM32WBA52KEU6T, STM32WBA52KGU6, STM32WBA52KGU6T, STM32WL5MOCH6, STM32WL5MOCH6TR]
2023-11-01 07:37:27,246 [INFO] DbMcus:217 - Found 3848 MCUs, 3848 are supported
2023-11-01 07:37:27,248 [INFO] ApiDb:423 - Load user favorites file /home/cbiale/.stm32cubeide/favorites.mcus.txt: 0 item(s)
2023-11-01 07:37:27,248 [INFO] ApiDb:427 - User favorites MCUs=[]
2023-11-01 07:37:27,249 [INFO] DbMcus:223 - Set 0 / 0 favorites MCUs
2023-11-01 07:37:27,980 [INFO] ApiDb:423 - Load user favorites file /home/cbiale/.stm32cubeide/favorites.boards.txt: 1 item(s)
2023-11-01 07:37:27,981 [INFO] ApiDb:427 - User favorites Boards=[NUCLEO-F429ZI]
2023-11-01 07:37:27,982 [INFO] DbBoards:190 - Set 1 / 1 favorites Boards
2023-11-01 07:37:27,983 [INFO] McuFinderGlobals:76 - Set McuFinderConnectedMode to true
2023-11-01 07:37:28,000 [INFO] MultiScanPanel:200 - Auto-refresh data requested => check proxy status ongoing
2023-11-01 07:37:28,006 [INFO] FinderPluginLoader:95 - Searching for filters in installed packs
2023-11-01 07:37:31,576 [INFO] LoadUrlFilesThread:185 - End of LoadServerUrlFiles without Thread
2023-11-01 07:37:31,593 [INFO] DetailPanel:341 - Set advertising image to /home/cbiale/STM32Cube/Repository//en.prom-stm32h5-mcu-finder.jpg
2023-11-01 10:26:13,204 [ERROR] LogOutputStream:75 - [STDERR_REDIRECT] 
