2023-11-10 13:55:37,235 [INFO] Activator:176 - 


2023-11-10 13:55:37,246 [INFO] Activator:177 - !SESSION log4j initialized
2023-11-10 13:55:45,393 [INFO] LogOutputStream:77 - [STDOUT_REDIRECT] 
2023-11-10 13:55:47,701 [INFO] ApplicationProperties:184 - Using Application install path: /home/cbiale/st/stm32cubeide_1.13.2/plugins/com.st.stm32cube.common.mx_6.9.2.202309101412
2023-11-10 13:55:47,744 [INFO] DbMcusXml:78 - Set database path to: /home/cbiale/st/stm32cubeide_1.13.2/plugins/com.st.stm32cube.common.mx_6.9.2.202309101412//db//mcu/
2023-11-10 13:55:47,745 [INFO] ApiDb:274 - Set plugin database path to: /home/cbiale/st/stm32cubeide_1.13.2/plugins/com.st.stm32cube.common.mx_6.9.2.202309101412//db//plugins/boardmanager/
2023-11-10 13:55:47,746 [WARN] ApiDb:259 - Overriding images path with different value:  => /home/cbiale/st/stm32cubeide_1.13.2/plugins/com.st.stm32cube.common.mx_6.9.2.202309101412//db//plugins/mcufinder/images/
2023-11-10 13:55:47,770 [INFO] ApiDb:250 - Set database path to: /home/cbiale/.stmcufinder/plugins/mcufinder//mcu/
2023-11-10 13:55:47,773 [INFO] DbMcusAds:125 - Set database path to: /home/cbiale/.stmcufinder/plugins/mcufinder//mcu/
2023-11-10 13:55:47,781 [INFO] CrossReferenceDbSqlite:203 - Set database path to: /home/cbiale/.stmcufinder/plugins/mcufinder//mcu/cs/
2023-11-10 13:55:48,054 [INFO] RulesReader:64 - Compatibility file has been processed (293 Rules)
2023-11-10 13:55:48,186 [INFO] DbMcusXml:78 - Set database path to: /home/cbiale/st/stm32cubeide_1.13.2/plugins/com.st.stm32cube.common.mx_6.9.2.202309101412//db//mcu/
2023-11-10 13:55:48,186 [INFO] ApiDb:274 - Set plugin database path to: /home/cbiale/st/stm32cubeide_1.13.2/plugins/com.st.stm32cube.common.mx_6.9.2.202309101412//db//plugins/boardmanager/
2023-11-10 13:55:48,187 [INFO] ApiDb:261 - Set plugin images path to: /home/cbiale/st/stm32cubeide_1.13.2/plugins/com.st.stm32cube.common.mx_6.9.2.202309101412//db//plugins/mcufinder/images/
2023-11-10 13:55:48,188 [WARN] DbFile:41 - Overriding database path with different value: /home/cbiale/.stmcufinder/plugins/mcufinder/ => /home/cbiale/.stmcufinder/plugins/mcufinder
2023-11-10 13:55:48,188 [INFO] ApiDb:250 - Set database path to: /home/cbiale/.stmcufinder/plugins/mcufinder//mcu/
2023-11-10 13:55:48,189 [WARN] DbFile:41 - Overriding database path with different value: /home/cbiale/.stmcufinder/plugins/mcufinder/ => /home/cbiale/.stmcufinder/plugins/mcufinder
2023-11-10 13:55:48,189 [INFO] DbMcusAds:125 - Set database path to: /home/cbiale/.stmcufinder/plugins/mcufinder//mcu/
2023-11-10 13:55:48,189 [WARN] DbFile:41 - Overriding database path with different value: /home/cbiale/.stmcufinder/plugins/mcufinder/ => /home/cbiale/.stmcufinder/plugins/mcufinder
2023-11-10 13:55:48,190 [WARN] DbFile:41 - Overriding database path with different value: /home/cbiale/.stmcufinder/plugins/mcufinder/ => /home/cbiale/.stmcufinder/plugins/mcufinder
2023-11-10 13:55:48,190 [INFO] CrossReferenceDbSqlite:203 - Set database path to: /home/cbiale/.stmcufinder/plugins/mcufinder//mcu/cs/
2023-11-10 13:55:48,350 [INFO] MainPanel:262 - HeapMemory: 268435456
2023-11-10 13:55:48,562 [INFO] DbMcusXml:78 - Set database path to: /home/cbiale/st/stm32cubeide_1.13.2/plugins/com.st.stm32cube.common.mx_6.9.2.202309101412//db//mcu/
2023-11-10 13:55:48,562 [INFO] ApiDb:274 - Set plugin database path to: /home/cbiale/st/stm32cubeide_1.13.2/plugins/com.st.stm32cube.common.mx_6.9.2.202309101412//db//plugins/boardmanager/
2023-11-10 13:55:48,562 [INFO] ApiDb:261 - Set plugin images path to: /home/cbiale/st/stm32cubeide_1.13.2/plugins/com.st.stm32cube.common.mx_6.9.2.202309101412//db//plugins/mcufinder/images/
2023-11-10 13:55:48,564 [WARN] DbFile:41 - Overriding database path with different value: /home/cbiale/.stmcufinder/plugins/mcufinder/ => /home/cbiale/.stmcufinder/plugins/mcufinder
2023-11-10 13:55:48,564 [INFO] ApiDb:250 - Set database path to: /home/cbiale/.stmcufinder/plugins/mcufinder//mcu/
2023-11-10 13:55:48,564 [WARN] DbFile:41 - Overriding database path with different value: /home/cbiale/.stmcufinder/plugins/mcufinder/ => /home/cbiale/.stmcufinder/plugins/mcufinder
2023-11-10 13:55:48,565 [INFO] DbMcusAds:125 - Set database path to: /home/cbiale/.stmcufinder/plugins/mcufinder//mcu/
2023-11-10 13:55:48,565 [WARN] DbFile:41 - Overriding database path with different value: /home/cbiale/.stmcufinder/plugins/mcufinder/ => /home/cbiale/.stmcufinder/plugins/mcufinder
2023-11-10 13:55:48,565 [WARN] DbFile:41 - Overriding database path with different value: /home/cbiale/.stmcufinder/plugins/mcufinder/ => /home/cbiale/.stmcufinder/plugins/mcufinder
2023-11-10 13:55:48,565 [INFO] CrossReferenceDbSqlite:203 - Set database path to: /home/cbiale/.stmcufinder/plugins/mcufinder//mcu/cs/
2023-11-10 13:55:48,600 [INFO] ApplicationProperties:184 - Using Application install path: /home/cbiale/st/stm32cubeide_1.13.2/plugins/com.st.stm32cube.common.mx_6.9.2.202309101412
2023-11-10 13:55:48,604 [INFO] PluginManage:196 - Search for loadable plugins [exclusion list=, ]
2023-11-10 13:55:48,607 [INFO] PluginManage:310 - Check plugin analytics
2023-11-10 13:55:48,993 [INFO] AnalyticsPlugin:253 - Accepted Software Licenses: 
2023-11-10 13:55:48,994 [INFO] AnalyticsPlugin:255 - Accepted CMSIS Pack Licenses: 
2023-11-10 13:55:48,995 [INFO] AnalyticsPlugin:257 - Accepted Firmware Licenses: FW.F4.1.27.0
2023-11-10 13:55:49,004 [INFO] PluginManage:359 - Loaded plugin analytics (category:tool,tabindex:-1)
2023-11-10 13:55:49,005 [INFO] PluginManage:310 - Check plugin cadmodel
2023-11-10 13:55:49,243 [INFO] CADModel:105 - Init CAD model plugin
2023-11-10 13:55:49,244 [INFO] PluginManage:359 - Loaded plugin cadmodel (category:power,tabindex:5)
2023-11-10 13:55:49,244 [INFO] PluginManage:310 - Check plugin clock
2023-11-10 13:55:49,274 [INFO] PluginManage:359 - Loaded plugin clock (category:base,tabindex:2)
2023-11-10 13:55:49,274 [INFO] PluginManage:310 - Check plugin ddr
2023-11-10 13:55:49,281 [INFO] PluginManage:359 - Loaded plugin ddr (category:tool,tabindex:6)
2023-11-10 13:55:49,281 [INFO] PluginManage:310 - Check plugin filemanager
2023-11-10 13:55:49,580 [INFO] PluginManage:359 - Loaded plugin filemanager (category:base,tabindex:10)
2023-11-10 13:55:49,581 [INFO] PluginManage:310 - Check plugin ipmanager
2023-11-10 13:55:49,591 [INFO] PluginManage:359 - Loaded plugin ipmanager (category:base,tabindex:5)
2023-11-10 13:55:49,592 [INFO] PluginManage:310 - Check plugin lpbam
2023-11-10 13:55:49,611 [INFO] PluginManage:359 - Loaded plugin lpbam (category:base,tabindex:0)
2023-11-10 13:55:49,612 [INFO] PluginManage:310 - Check plugin memorymap
2023-11-10 13:55:49,637 [INFO] PluginManage:359 - Loaded plugin memorymap (category:base,tabindex:4)
2023-11-10 13:55:49,638 [INFO] PluginManage:310 - Check plugin pinoutandconfiguration
2023-11-10 13:55:49,653 [INFO] PluginManage:359 - Loaded plugin pinoutandconfiguration (category:base,tabindex:1)
2023-11-10 13:55:49,653 [INFO] PluginManage:310 - Check plugin pinoutconfig
2023-11-10 13:55:49,840 [WARN] SupportedApi:132 - Cannot load RTOS API schema: s4s-elt-must-match.1: The content of 'definitions' must match (annotation?, (simpleType | complexType)?, (unique | key | keyref)*)). A problem was found starting at: attribute.
2023-11-10 13:55:50,150 [INFO] PluginManage:359 - Loaded plugin pinoutconfig (category:base,tabindex:0)
2023-11-10 13:55:50,150 [INFO] PluginManage:310 - Check plugin power
2023-11-10 13:55:50,172 [INFO] PluginManage:359 - Loaded plugin power (category:power,tabindex:4)
2023-11-10 13:55:50,172 [INFO] PluginManage:310 - Check plugin projectmanager
2023-11-10 13:55:50,201 [INFO] PluginManage:359 - Loaded plugin projectmanager (category:projectmanager,tabindex:3)
2023-11-10 13:55:50,201 [INFO] PluginManage:310 - Check plugin thirdparty
2023-11-10 13:55:50,481 [INFO] PluginManage:359 - Loaded plugin thirdparty (category:base,tabindex:-1)
2023-11-10 13:55:50,481 [WARN] IntegrityCheckThread:84 - waiting for thirdparty lock release [integrity check]
2023-11-10 13:55:50,482 [INFO] IntegrityCheckThread:86 - entering critical section [integrity check]
2023-11-10 13:55:50,482 [INFO] PluginManage:310 - Check plugin tools
2023-11-10 13:55:50,484 [INFO] ThirdPartyUpdaterWithRetryManager:70 - Updater plugin not ready yet. [1/15]
2023-11-10 13:55:50,489 [INFO] PluginManage:359 - Loaded plugin tools (category:base,tabindex:7)
2023-11-10 13:55:50,489 [INFO] PluginManage:310 - Check plugin tutovideos
2023-11-10 13:55:50,820 [INFO] PluginManage:359 - Loaded plugin tutovideos (category:base,tabindex:-1)
2023-11-10 13:55:50,820 [INFO] PluginManage:310 - Check plugin updater
2023-11-10 13:55:50,847 [INFO] PluginManage:359 - Loaded plugin updater (category:base,tabindex:12)
2023-11-10 13:55:50,847 [INFO] PluginManage:310 - Check plugin userauth
2023-11-10 13:55:50,860 [INFO] UserAuth:113 - Init User Auth plugin
2023-11-10 13:55:50,860 [INFO] PluginManage:359 - Loaded plugin userauth (category:base,tabindex:14)
2023-11-10 13:55:50,861 [INFO] PluginManage:283 - PluginManage : Loaded plugins [17]
2023-11-10 13:55:51,221 [INFO] PinOutPanel:1499 - setPackage(No Configuration,No Configuration)
2023-11-10 13:55:51,393 [INFO] CADModel:165 - CPN selected for project level
2023-11-10 13:55:51,394 [INFO] CADModel:114 - Register for checkConnection events
2023-11-10 13:55:51,425 [INFO] IPUIPlugin:80 - create IPUIPlugin
2023-11-10 13:55:51,426 [INFO] PluginManager:220 - loadIPPluginJar : add i2c
2023-11-10 13:55:51,441 [INFO] IPUIPlugin:80 - create IPUIPlugin
2023-11-10 13:55:51,447 [INFO] PluginManager:220 - loadIPPluginJar : add plateformsettings
2023-11-10 13:55:51,450 [INFO] IPUIPlugin:80 - create IPUIPlugin
2023-11-10 13:55:51,450 [INFO] PluginManager:220 - loadIPPluginJar : add ltdc
2023-11-10 13:55:51,454 [INFO] IPUIPlugin:80 - create IPUIPlugin
2023-11-10 13:55:51,454 [INFO] PluginManager:220 - loadIPPluginJar : add ucpd
2023-11-10 13:55:51,457 [INFO] IPUIPlugin:80 - create IPUIPlugin
2023-11-10 13:55:51,458 [INFO] PluginManager:220 - loadIPPluginJar : add genericplugin
2023-11-10 13:55:51,463 [INFO] IPUIPlugin:80 - create IPUIPlugin
2023-11-10 13:55:51,464 [INFO] PluginManager:220 - loadIPPluginJar : add pdm2pcm
2023-11-10 13:55:51,467 [INFO] IPUIPlugin:80 - create IPUIPlugin
2023-11-10 13:55:51,467 [INFO] PluginManager:220 - loadIPPluginJar : add tsc
2023-11-10 13:55:51,471 [INFO] IPUIPlugin:80 - create IPUIPlugin
2023-11-10 13:55:51,471 [INFO] PluginManager:220 - loadIPPluginJar : add tracer_emb
2023-11-10 13:55:51,476 [INFO] IPUIPlugin:80 - create IPUIPlugin
2023-11-10 13:55:51,477 [INFO] PluginManager:220 - loadIPPluginJar : add usbx
2023-11-10 13:55:51,488 [INFO] IPUIPlugin:80 - create IPUIPlugin
2023-11-10 13:55:51,489 [INFO] PluginManager:220 - loadIPPluginJar : add dma
2023-11-10 13:55:51,500 [INFO] IPUIPlugin:80 - create IPUIPlugin
2023-11-10 13:55:51,501 [INFO] PluginManager:220 - loadIPPluginJar : add stm32_wpan
2023-11-10 13:55:51,507 [INFO] IPUIPlugin:80 - create IPUIPlugin
2023-11-10 13:55:51,508 [INFO] PluginManager:220 - loadIPPluginJar : add touchsensing
2023-11-10 13:55:51,519 [INFO] IPUIPlugin:80 - create IPUIPlugin
2023-11-10 13:55:51,520 [INFO] PluginManager:220 - loadIPPluginJar : add linkedlist
2023-11-10 13:55:51,523 [INFO] IPUIPlugin:80 - create IPUIPlugin
2023-11-10 13:55:51,523 [INFO] PluginManager:220 - loadIPPluginJar : add quadspi
2023-11-10 13:55:51,528 [INFO] IPUIPlugin:80 - create IPUIPlugin
2023-11-10 13:55:51,529 [INFO] PluginManager:220 - loadIPPluginJar : add i3c
2023-11-10 13:55:51,533 [INFO] IPUIPlugin:80 - create IPUIPlugin
2023-11-10 13:55:51,533 [INFO] PluginManager:220 - loadIPPluginJar : add aes
2023-11-10 13:55:51,538 [INFO] IPUIPlugin:80 - create IPUIPlugin
2023-11-10 13:55:51,539 [INFO] PluginManager:220 - loadIPPluginJar : add can
2023-11-10 13:55:51,543 [INFO] IPUIPlugin:80 - create IPUIPlugin
2023-11-10 13:55:51,543 [INFO] PluginManager:220 - loadIPPluginJar : add i2s
2023-11-10 13:55:51,555 [INFO] IPUIPlugin:80 - create IPUIPlugin
2023-11-10 13:55:51,555 [INFO] PluginManager:220 - loadIPPluginJar : add mdma
2023-11-10 13:55:51,560 [INFO] IPUIPlugin:80 - create IPUIPlugin
2023-11-10 13:55:51,561 [INFO] PluginManager:220 - loadIPPluginJar : add openamp
2023-11-10 13:55:51,570 [INFO] IPUIPlugin:80 - create IPUIPlugin
2023-11-10 13:55:51,570 [INFO] PluginManager:220 - loadIPPluginJar : add gpio
2023-11-10 13:55:51,579 [INFO] IPUIPlugin:80 - create IPUIPlugin
2023-11-10 13:55:51,579 [INFO] PluginManager:220 - loadIPPluginJar : add fmc
2023-11-10 13:55:51,583 [INFO] IPUIPlugin:80 - create IPUIPlugin
2023-11-10 13:55:51,584 [INFO] PluginManager:220 - loadIPPluginJar : add hash
2023-11-10 13:55:51,588 [INFO] IPUIPlugin:80 - create IPUIPlugin
2023-11-10 13:55:51,589 [INFO] PluginManager:220 - loadIPPluginJar : add gfxmmu
2023-11-10 13:55:51,592 [INFO] IPUIPlugin:80 - create IPUIPlugin
2023-11-10 13:55:51,593 [INFO] PluginManager:220 - loadIPPluginJar : add comp
2023-11-10 13:55:51,596 [INFO] IPUIPlugin:80 - create IPUIPlugin
2023-11-10 13:55:51,596 [INFO] PluginManager:220 - loadIPPluginJar : add fatfs
2023-11-10 13:55:51,606 [INFO] IPUIPlugin:80 - create IPUIPlugin
2023-11-10 13:55:51,607 [INFO] PluginManager:220 - loadIPPluginJar : add freertos
2023-11-10 13:55:51,618 [INFO] IPUIPlugin:80 - create IPUIPlugin
2023-11-10 13:55:51,618 [INFO] PluginManager:220 - loadIPPluginJar : add gic
2023-11-10 13:55:51,625 [INFO] IPUIPlugin:80 - create IPUIPlugin
2023-11-10 13:55:51,625 [INFO] PluginManager:220 - loadIPPluginJar : add gtzc
2023-11-10 13:55:51,630 [INFO] IPUIPlugin:80 - create IPUIPlugin
2023-11-10 13:55:51,631 [INFO] PluginManager:220 - loadIPPluginJar : add dma3
2023-11-10 13:55:51,639 [INFO] IPUIPlugin:80 - create IPUIPlugin
2023-11-10 13:55:51,639 [INFO] PluginManager:220 - loadIPPluginJar : add resmgrutility
2023-11-10 13:55:51,682 [INFO] IPUIPlugin:80 - create IPUIPlugin
2023-11-10 13:55:51,682 [INFO] PluginManager:220 - loadIPPluginJar : add opamp
2023-11-10 13:55:51,686 [INFO] IPUIPlugin:80 - create IPUIPlugin
2023-11-10 13:55:51,687 [INFO] PluginManager:220 - loadIPPluginJar : add ts
2023-11-10 13:55:51,699 [INFO] IPUIPlugin:80 - create IPUIPlugin
2023-11-10 13:55:51,699 [INFO] PluginManager:220 - loadIPPluginJar : add adc
2023-11-10 13:55:51,703 [INFO] IPUIPlugin:80 - create IPUIPlugin
2023-11-10 13:55:51,703 [INFO] PluginManager:220 - loadIPPluginJar : add tim
2023-11-10 13:55:51,709 [INFO] IPUIPlugin:80 - create IPUIPlugin
2023-11-10 13:55:51,710 [INFO] PluginManager:220 - loadIPPluginJar : add usart
2023-11-10 13:55:51,728 [INFO] IPUIPlugin:80 - create IPUIPlugin
2023-11-10 13:55:51,729 [INFO] PluginManager:220 - loadIPPluginJar : add spi
2023-11-10 13:55:51,735 [INFO] IPUIPlugin:80 - create IPUIPlugin
2023-11-10 13:55:51,735 [INFO] PluginManager:220 - loadIPPluginJar : add lorawan
2023-11-10 13:55:51,742 [INFO] IPUIPlugin:80 - create IPUIPlugin
2023-11-10 13:55:51,743 [INFO] PluginManager:220 - loadIPPluginJar : add ipddr
2023-11-10 13:55:51,751 [INFO] IPUIPlugin:80 - create IPUIPlugin
2023-11-10 13:55:51,752 [INFO] PluginManager:220 - loadIPPluginJar : add nvic
2023-11-10 13:55:51,759 [INFO] IPUIPlugin:80 - create IPUIPlugin
2023-11-10 13:55:51,759 [INFO] PluginManager:220 - loadIPPluginJar : add sai
2023-11-10 13:55:51,764 [INFO] IPUIPlugin:80 - create IPUIPlugin
2023-11-10 13:55:51,765 [INFO] PluginManager:220 - loadIPPluginJar : add cryp
2023-11-10 13:55:51,771 [INFO] IPUIPlugin:80 - create IPUIPlugin
2023-11-10 13:55:51,771 [INFO] PluginManager:220 - loadIPPluginJar : add dfsdm
2023-11-10 13:55:51,905 [INFO] CADModel:165 - CPN selected for project level
2023-11-10 13:55:51,906 [INFO] CADModel:114 - Register for checkConnection events
2023-11-10 13:55:51,906 [FATAL] Updater:308 - Updater called before beeing initialized
2023-11-10 13:55:51,907 [ERROR] CADModel:125 - Updater not yet initialized, retry later 
2023-11-10 13:55:52,164 [INFO] CADModel:165 - CPN selected for project level
2023-11-10 13:55:52,165 [INFO] CADModel:114 - Register for checkConnection events
2023-11-10 13:55:52,165 [FATAL] Updater:308 - Updater called before beeing initialized
2023-11-10 13:55:52,165 [ERROR] CADModel:125 - Updater not yet initialized, retry later 
2023-11-10 13:55:52,172 [FATAL] Updater:308 - Updater called before beeing initialized
2023-11-10 13:55:52,327 [FATAL] Updater:308 - Updater called before beeing initialized
2023-11-10 13:55:52,338 [INFO] DbMcusAds:53 - JSON generation date=Tue Mar 07 05:50:55 ART 2023 (1678179055335)
2023-11-10 13:55:52,339 [FATAL] Updater:308 - Updater called before beeing initialized
2023-11-10 13:55:52,395 [WARN] DetailPanel:346 - Failed to get advertising image, set to default
2023-11-10 13:55:52,533 [FATAL] Updater:308 - Updater called before beeing initialized
2023-11-10 13:55:52,539 [FATAL] Updater:308 - Updater called before beeing initialized
2023-11-10 13:55:52,540 [FATAL] Updater:308 - Updater called before beeing initialized
2023-11-10 13:55:52,540 [WARN] DetailPanel:346 - Failed to get advertising image, set to default
2023-11-10 13:55:52,542 [FATAL] Updater:308 - Updater called before beeing initialized
2023-11-10 13:55:52,618 [ERROR] Updater:1120 - MainUpdater not yet initialized. External WinMGr cannot be set.
2023-11-10 13:55:52,623 [INFO] Updater:1056 - Updater Version found : 6.9.2
2023-11-10 13:55:52,684 [INFO] ApplicationProperties:184 - Using Application install path: /home/cbiale/st/stm32cubeide_1.13.2/plugins/com.st.stm32cube.common.mx_6.9.2.202309101412
2023-11-10 13:55:52,877 [INFO] MainUpdater:2868 - connection check result : 10
2023-11-10 13:55:52,879 [INFO] MainUpdater:285 - Updater Check For Update Now.
2023-11-10 13:55:52,879 [INFO] MicroXplorer:498 - Change Database Version : DB.6.0.92
2023-11-10 13:55:52,891 [INFO] McuFinderGlobals:63 - Set McuFinder mode to 2 (CubeIDE integrated)
2023-11-10 13:55:52,892 [INFO] UserAuth:179 - activating auth plugin
2023-11-10 13:55:52,899 [INFO] UserAuth:393 - Internet connection configuration mode: 1
2023-11-10 13:55:52,937 [INFO] JxBrowserEngine:151 - Initiate JxBrowser Engine with user profile folder
2023-11-10 13:55:53,181 [INFO] CheckServerUpdateThread:120 - End of CheckServer Thread
2023-11-10 13:55:53,770 [WARN] PackLoader:240 - Cannot read IP mode file for STMicroelectronics.X-CUBE-SMBUS.2.1.0
2023-11-10 13:55:53,853 [WARN] PackLoader:240 - Cannot read IP mode file for STMicroelectronics.X-CUBE-AZRTOS-F7.1.1.0
2023-11-10 13:55:53,881 [WARN] PackLoader:240 - Cannot read IP mode file for STMicroelectronics.FP-SNS-MOTENV1.4.3.2
2023-11-10 13:55:53,899 [WARN] PackLoader:240 - Cannot read IP mode file for STMicroelectronics.FP-SNS-FLIGHT1.5.0.2
2023-11-10 13:55:53,922 [WARN] PackLoader:240 - Cannot read IP mode file for STMicroelectronics.X-CUBE-DISPLAY.3.0.0
2023-11-10 13:55:53,956 [WARN] PackLoader:240 - Cannot read IP mode file for STMicroelectronics.X-CUBE-BLE1.7.0.0
2023-11-10 13:55:53,969 [WARN] PackLoader:240 - Cannot read IP mode file for emotas.I-CUBE-CANOPEN.1.3.0
2023-11-10 13:55:53,980 [WARN] PackLoader:240 - Cannot read IP mode file for STMicroelectronics.X-CUBE-TOUCHGFX.4.22.1
2023-11-10 13:55:53,990 [WARN] PackLoader:240 - Cannot read IP mode file for STMicroelectronics.FP-SNS-SMARTAG2.1.2.0
2023-11-10 13:55:54,013 [INFO] LogOutputStream:77 - [STDOUT_REDIRECT] 1 : Invalid condition id : UX_CORESTACK_Condition cause : null
2023-11-10 13:55:54,015 [INFO] LogOutputStream:77 - [STDOUT_REDIRECT] 1 : Invalid condition id : UX_CORESTACK_Condition cause : null
2023-11-10 13:55:54,016 [INFO] LogOutputStream:77 - [STDOUT_REDIRECT] 1 : Invalid condition id : UX_CORESTACK_Condition cause : null
2023-11-10 13:55:54,017 [INFO] LogOutputStream:77 - [STDOUT_REDIRECT] 1 : Invalid condition id : UX_CORESTACK_Condition cause : null
2023-11-10 13:55:54,018 [INFO] LogOutputStream:77 - [STDOUT_REDIRECT] 1 : Invalid condition id : UX_CORESTACK_Condition cause : null
2023-11-10 13:55:54,029 [WARN] PackLoader:240 - Cannot read IP mode file for STMicroelectronics.X-CUBE-AZRTOS-WL.2.0.0
2023-11-10 13:55:54,052 [WARN] PackLoader:240 - Cannot read IP mode file for WES.I-CUBE-Cesium.1.3.0
2023-11-10 13:55:54,064 [WARN] PackLoader:240 - Cannot read IP mode file for STMicroelectronics.X-CUBE-BLE2.3.3.0
2023-11-10 13:55:54,079 [WARN] PackLoader:240 - Cannot read IP mode file for STMicroelectronics.X-CUBE-ALGOBUILD.1.3.0
2023-11-10 13:55:54,121 [WARN] PackLoader:240 - Cannot read IP mode file for STMicroelectronics.X-CUBE-AZRTOS-G0.1.1.0
2023-11-10 13:55:54,141 [WARN] PackLoader:240 - Cannot read IP mode file for STMicroelectronics.X-CUBE-NFC4.3.0.0
2023-11-10 13:55:54,182 [WARN] PackLoader:240 - Cannot read IP mode file for STMicroelectronics.X-CUBE-BLEMGR.3.0.0
2023-11-10 13:55:54,199 [WARN] PackLoader:240 - Cannot read IP mode file for STMicroelectronics.FP-ATR-SIGFOX1.3.2.0
2023-11-10 13:55:54,213 [WARN] PackLoader:240 - Cannot read IP mode file for STMicroelectronics.X-CUBE-GNSS1.6.0.0
2023-11-10 13:55:54,261 [WARN] PackLoader:240 - Cannot read IP mode file for STMicroelectronics.X-CUBE-AZRTOS-F4.1.1.0
2023-11-10 13:55:54,280 [WARN] PackLoader:240 - Cannot read IP mode file for wolfSSL.I-CUBE-wolfSSL.5.6.3
2023-11-10 13:55:54,327 [WARN] PackLoader:240 - Cannot read IP mode file for STMicroelectronics.X-CUBE-AZRTOS-L5.2.0.0
2023-11-10 13:55:54,348 [WARN] PackLoader:240 - Cannot read IP mode file for STMicroelectronics.X-CUBE-EEPRMA1.4.2.0
2023-11-10 13:55:54,398 [WARN] PackLoader:240 - Cannot read IP mode file for ITTIA_DB.I-CUBE-ITTIADB.8.8.0
2023-11-10 13:55:54,430 [WARN] PackLoader:240 - Cannot read IP mode file for STMicroelectronics.X-CUBE-BLEMGR.2.0.0
2023-11-10 13:55:54,481 [WARN] ConditionMgr:438 - getConditionDescription Invalid condition id : UX DEVICE CLASS RTOS Condition cause : null
2023-11-10 13:55:54,482 [WARN] ConditionMgr:438 - getConditionDescription Invalid condition id : UX DEVICE CLASS RTOS Condition cause : null
2023-11-10 13:55:54,487 [WARN] PackLoader:240 - Cannot read IP mode file for STMicroelectronics.X-CUBE-AZRTOS-H7.3.1.0
2023-11-10 13:55:54,490 [WARN] ConditionMgr:1039 - genDependencies : Invalid condition id : UX DEVICE CLASS RTOS Condition cause : null
2023-11-10 13:55:54,491 [WARN] ConditionMgr:1039 - genDependencies : Invalid condition id : UX DEVICE CLASS RTOS Condition cause : null
2023-11-10 13:55:54,492 [WARN] ConditionMgr:1039 - genDependencies : Invalid condition id : UX DEVICE CLASS RTOS Condition cause : null
2023-11-10 13:55:54,493 [WARN] ConditionMgr:1039 - genDependencies : Invalid condition id : UX DEVICE CLASS RTOS Condition cause : null
2023-11-10 13:55:54,494 [WARN] ConditionMgr:1039 - genDependencies : Invalid condition id : UX DEVICE CLASS RTOS Condition cause : null
2023-11-10 13:55:54,505 [WARN] PackLoader:240 - Cannot read IP mode file for STMicroelectronics.X-CUBE-NFC7.1.0.1
2023-11-10 13:55:54,519 [WARN] PackLoader:240 - Cannot read IP mode file for STMicroelectronics.X-CUBE-NFC6.3.0.0
2023-11-10 13:55:54,533 [WARN] PackLoader:240 - Cannot read IP mode file for STMicroelectronics.X-CUBE-AI.8.1.0
2023-11-10 13:55:54,577 [WARN] ConditionMgr:438 - getConditionDescription Invalid condition id : LAN8742 Phy interface Condition cause : null
2023-11-10 13:55:54,579 [WARN] PackLoader:240 - Cannot read IP mode file for STMicroelectronics.X-CUBE-AZRTOS-L4.2.0.0
2023-11-10 13:55:54,583 [WARN] ConditionMgr:1039 - genDependencies : Invalid condition id : LAN8742 Phy interface Condition cause : null
2023-11-10 13:55:54,584 [WARN] ConditionMgr:1039 - genDependencies : Invalid condition id : LAN8742 Phy interface Condition cause : null
2023-11-10 13:55:54,587 [WARN] ConditionMgr:1039 - genDependencies : Invalid condition id : LAN8742 Phy interface Condition cause : null
2023-11-10 13:55:54,607 [WARN] PackLoader:240 - Cannot read IP mode file for STMicroelectronics.X-CUBE-SFXS2LP1.4.0.0
2023-11-10 13:55:54,623 [WARN] PackLoader:240 - Cannot read IP mode file for STMicroelectronics.X-CUBE-ISPU.1.1.0
2023-11-10 13:55:54,655 [WARN] ConditionMgr:438 - getConditionDescription Invalid condition id : UX DEVICE CLASS RTOS Condition cause : null
2023-11-10 13:55:54,656 [WARN] ConditionMgr:438 - getConditionDescription Invalid condition id : UX DEVICE CLASS RTOS Condition cause : null
2023-11-10 13:55:54,663 [WARN] PackLoader:240 - Cannot read IP mode file for STMicroelectronics.X-CUBE-AZRTOS-WB.2.0.0
2023-11-10 13:55:54,665 [WARN] ConditionMgr:1039 - genDependencies : Invalid condition id : UX DEVICE CLASS RTOS Condition cause : null
2023-11-10 13:55:54,665 [WARN] ConditionMgr:1039 - genDependencies : Invalid condition id : UX DEVICE CLASS RTOS Condition cause : null
2023-11-10 13:55:54,667 [WARN] ConditionMgr:1039 - genDependencies : Invalid condition id : UX DEVICE CLASS RTOS Condition cause : null
2023-11-10 13:55:54,668 [WARN] ConditionMgr:1039 - genDependencies : Invalid condition id : UX DEVICE CLASS RTOS Condition cause : null
2023-11-10 13:55:54,670 [WARN] ConditionMgr:1039 - genDependencies : Invalid condition id : UX DEVICE CLASS RTOS Condition cause : null
2023-11-10 13:55:54,693 [WARN] PackLoader:240 - Cannot read IP mode file for STMicroelectronics.X-CUBE-SUBG2.5.0.0
2023-11-10 13:55:54,726 [WARN] PackLoader:240 - Cannot read IP mode file for STMicroelectronics.X-CUBE-TOF1.3.3.1
2023-11-10 13:55:54,789 [WARN] PackLoader:240 - Cannot read IP mode file for STMicroelectronics.X-CUBE-AZRTOS-G4.2.0.0
2023-11-10 13:55:54,839 [WARN] PackLoader:240 - Cannot read IP mode file for Infineon.AIROC-Wi-Fi-Bluetooth-STM32.1.5.1
2023-11-10 13:55:54,946 [WARN] PackLoader:240 - Cannot read IP mode file for STMicroelectronics.X-CUBE-MEMS1.10.0.0
2023-11-10 13:55:55,378 [WARN] PackLoader:240 - Cannot read IP mode file for STMicroelectronics.X-CUBE-FREERTOS.1.1.0
2023-11-10 13:55:55,389 [WARN] PackLoader:240 - Cannot read IP mode file for portGmbH.I-Cube-SoM-uGOAL.1.1.0
2023-11-10 13:55:55,407 [WARN] PackLoader:240 - Cannot read IP mode file for STMicroelectronics.X-CUBE-ALS.1.0.1
2023-11-10 13:55:55,421 [WARN] PackLoader:240 - Cannot read IP mode file for STMicroelectronics.FP-ATR-ASTRA1.2.0.0
2023-11-10 13:55:55,424 [INFO] ThirdParty:978 - Integrity check success = true
2023-11-10 13:55:55,425 [INFO] IntegrityCheckThread:100 - exiting critical section [integrity check]
2023-11-10 13:55:55,426 [INFO] IntegrityCheckThread:103 - End integrity checks thread
2023-11-10 13:55:55,517 [INFO] WebApp:157 - Instantiating new browser for Auth
2023-11-10 13:55:57,435 [INFO] WebApp:753 - Register for checkConnection events
2023-11-10 13:55:57,435 [INFO] WebApp:390 - Apply proxy settings
2023-11-10 13:55:57,436 [INFO] WebApp:475 - Chromium requires no authentication
2023-11-10 13:55:57,453 [INFO] WebApp:418 - Direct internet connection detected
2023-11-10 13:55:57,850 [INFO] WebApp:188 - Starting web application
2023-11-10 13:55:57,851 [INFO] WebApp:520 - Web application path used /home/cbiale/st/stm32cubeide_1.13.2/plugins/com.st.stm32cube.common.mx_6.9.2.202309101412/db/plugins/mcufinder/reactClient1/index.html
2023-11-10 13:56:19,204 [ERROR] LogOutputStream:75 - [STDERR_REDIRECT] SLF4J: Failed to load class "org.slf4j.impl.StaticLoggerBinder".
2023-11-10 13:56:19,205 [ERROR] LogOutputStream:75 - [STDERR_REDIRECT] SLF4J: Defaulting to no-operation (NOP) logger implementation
2023-11-10 13:56:19,206 [ERROR] LogOutputStream:75 - [STDERR_REDIRECT] SLF4J: See http://www.slf4j.org/codes.html#StaticLoggerBinder for further details.
2023-11-10 14:12:48,219 [ERROR] ConfigurationRetriever:142 - IOException on connection: Read timed out
2023-11-10 15:05:23,315 [ERROR] AdobePublisher:162 - Exception while opening the connection: java.net.SocketTimeoutException: Read timed out
