2023-11-09 19:06:59,710 [INFO] Activator:176 - 


2023-11-09 19:06:59,722 [INFO] Activator:177 - !SESSION log4j initialized
2023-11-09 19:07:02,533 [INFO] LogOutputStream:77 - [STDOUT_REDIRECT] 
2023-11-09 19:07:05,006 [INFO] ApplicationProperties:184 - Using Application install path: /home/cbiale/st/stm32cubeide_1.13.2/plugins/com.st.stm32cube.common.mx_6.9.2.202309101412
2023-11-09 19:07:05,035 [INFO] DbMcusXml:78 - Set database path to: /home/cbiale/st/stm32cubeide_1.13.2/plugins/com.st.stm32cube.common.mx_6.9.2.202309101412//db//mcu/
2023-11-09 19:07:05,036 [INFO] ApiDb:274 - Set plugin database path to: /home/cbiale/st/stm32cubeide_1.13.2/plugins/com.st.stm32cube.common.mx_6.9.2.202309101412//db//plugins/boardmanager/
2023-11-09 19:07:05,037 [WARN] ApiDb:259 - Overriding images path with different value:  => /home/cbiale/st/stm32cubeide_1.13.2/plugins/com.st.stm32cube.common.mx_6.9.2.202309101412//db//plugins/mcufinder/images/
2023-11-09 19:07:05,057 [INFO] ApiDb:250 - Set database path to: /home/cbiale/.stmcufinder/plugins/mcufinder//mcu/
2023-11-09 19:07:05,059 [INFO] DbMcusAds:125 - Set database path to: /home/cbiale/.stmcufinder/plugins/mcufinder//mcu/
2023-11-09 19:07:05,064 [INFO] CrossReferenceDbSqlite:203 - Set database path to: /home/cbiale/.stmcufinder/plugins/mcufinder//mcu/cs/
2023-11-09 19:07:05,261 [INFO] RulesReader:64 - Compatibility file has been processed (293 Rules)
2023-11-09 19:07:05,382 [INFO] DbMcusXml:78 - Set database path to: /home/cbiale/st/stm32cubeide_1.13.2/plugins/com.st.stm32cube.common.mx_6.9.2.202309101412//db//mcu/
2023-11-09 19:07:05,382 [INFO] ApiDb:274 - Set plugin database path to: /home/cbiale/st/stm32cubeide_1.13.2/plugins/com.st.stm32cube.common.mx_6.9.2.202309101412//db//plugins/boardmanager/
2023-11-09 19:07:05,383 [INFO] ApiDb:261 - Set plugin images path to: /home/cbiale/st/stm32cubeide_1.13.2/plugins/com.st.stm32cube.common.mx_6.9.2.202309101412//db//plugins/mcufinder/images/
2023-11-09 19:07:05,383 [WARN] DbFile:41 - Overriding database path with different value: /home/cbiale/.stmcufinder/plugins/mcufinder/ => /home/cbiale/.stmcufinder/plugins/mcufinder
2023-11-09 19:07:05,383 [INFO] ApiDb:250 - Set database path to: /home/cbiale/.stmcufinder/plugins/mcufinder//mcu/
2023-11-09 19:07:05,384 [WARN] DbFile:41 - Overriding database path with different value: /home/cbiale/.stmcufinder/plugins/mcufinder/ => /home/cbiale/.stmcufinder/plugins/mcufinder
2023-11-09 19:07:05,384 [INFO] DbMcusAds:125 - Set database path to: /home/cbiale/.stmcufinder/plugins/mcufinder//mcu/
2023-11-09 19:07:05,384 [WARN] DbFile:41 - Overriding database path with different value: /home/cbiale/.stmcufinder/plugins/mcufinder/ => /home/cbiale/.stmcufinder/plugins/mcufinder
2023-11-09 19:07:05,384 [WARN] DbFile:41 - Overriding database path with different value: /home/cbiale/.stmcufinder/plugins/mcufinder/ => /home/cbiale/.stmcufinder/plugins/mcufinder
2023-11-09 19:07:05,385 [INFO] CrossReferenceDbSqlite:203 - Set database path to: /home/cbiale/.stmcufinder/plugins/mcufinder//mcu/cs/
2023-11-09 19:07:05,498 [INFO] MainPanel:262 - HeapMemory: 268435456
2023-11-09 19:07:05,687 [INFO] DbMcusXml:78 - Set database path to: /home/cbiale/st/stm32cubeide_1.13.2/plugins/com.st.stm32cube.common.mx_6.9.2.202309101412//db//mcu/
2023-11-09 19:07:05,687 [INFO] ApiDb:274 - Set plugin database path to: /home/cbiale/st/stm32cubeide_1.13.2/plugins/com.st.stm32cube.common.mx_6.9.2.202309101412//db//plugins/boardmanager/
2023-11-09 19:07:05,688 [INFO] ApiDb:261 - Set plugin images path to: /home/cbiale/st/stm32cubeide_1.13.2/plugins/com.st.stm32cube.common.mx_6.9.2.202309101412//db//plugins/mcufinder/images/
2023-11-09 19:07:05,689 [WARN] DbFile:41 - Overriding database path with different value: /home/cbiale/.stmcufinder/plugins/mcufinder/ => /home/cbiale/.stmcufinder/plugins/mcufinder
2023-11-09 19:07:05,689 [INFO] ApiDb:250 - Set database path to: /home/cbiale/.stmcufinder/plugins/mcufinder//mcu/
2023-11-09 19:07:05,690 [WARN] DbFile:41 - Overriding database path with different value: /home/cbiale/.stmcufinder/plugins/mcufinder/ => /home/cbiale/.stmcufinder/plugins/mcufinder
2023-11-09 19:07:05,690 [INFO] DbMcusAds:125 - Set database path to: /home/cbiale/.stmcufinder/plugins/mcufinder//mcu/
2023-11-09 19:07:05,690 [WARN] DbFile:41 - Overriding database path with different value: /home/cbiale/.stmcufinder/plugins/mcufinder/ => /home/cbiale/.stmcufinder/plugins/mcufinder
2023-11-09 19:07:05,690 [WARN] DbFile:41 - Overriding database path with different value: /home/cbiale/.stmcufinder/plugins/mcufinder/ => /home/cbiale/.stmcufinder/plugins/mcufinder
2023-11-09 19:07:05,690 [INFO] CrossReferenceDbSqlite:203 - Set database path to: /home/cbiale/.stmcufinder/plugins/mcufinder//mcu/cs/
2023-11-09 19:07:05,715 [INFO] ApplicationProperties:184 - Using Application install path: /home/cbiale/st/stm32cubeide_1.13.2/plugins/com.st.stm32cube.common.mx_6.9.2.202309101412
2023-11-09 19:07:05,718 [INFO] PluginManage:196 - Search for loadable plugins [exclusion list=, ]
2023-11-09 19:07:05,720 [INFO] PluginManage:310 - Check plugin analytics
2023-11-09 19:07:05,976 [INFO] AnalyticsPlugin:253 - Accepted Software Licenses: 
2023-11-09 19:07:05,976 [INFO] AnalyticsPlugin:255 - Accepted CMSIS Pack Licenses: 
2023-11-09 19:07:05,976 [INFO] AnalyticsPlugin:257 - Accepted Firmware Licenses: FW.F4.1.27.0
2023-11-09 19:07:05,979 [INFO] PluginManage:359 - Loaded plugin analytics (category:tool,tabindex:-1)
2023-11-09 19:07:05,979 [INFO] PluginManage:310 - Check plugin cadmodel
2023-11-09 19:07:06,059 [INFO] CADModel:105 - Init CAD model plugin
2023-11-09 19:07:06,059 [INFO] PluginManage:359 - Loaded plugin cadmodel (category:power,tabindex:5)
2023-11-09 19:07:06,059 [INFO] PluginManage:310 - Check plugin clock
2023-11-09 19:07:06,091 [INFO] PluginManage:359 - Loaded plugin clock (category:base,tabindex:2)
2023-11-09 19:07:06,091 [INFO] PluginManage:310 - Check plugin ddr
2023-11-09 19:07:06,096 [INFO] PluginManage:359 - Loaded plugin ddr (category:tool,tabindex:6)
2023-11-09 19:07:06,096 [INFO] PluginManage:310 - Check plugin filemanager
2023-11-09 19:07:06,269 [INFO] PluginManage:359 - Loaded plugin filemanager (category:base,tabindex:10)
2023-11-09 19:07:06,270 [INFO] PluginManage:310 - Check plugin ipmanager
2023-11-09 19:07:06,277 [INFO] PluginManage:359 - Loaded plugin ipmanager (category:base,tabindex:5)
2023-11-09 19:07:06,278 [INFO] PluginManage:310 - Check plugin lpbam
2023-11-09 19:07:06,298 [INFO] PluginManage:359 - Loaded plugin lpbam (category:base,tabindex:0)
2023-11-09 19:07:06,298 [INFO] PluginManage:310 - Check plugin memorymap
2023-11-09 19:07:06,317 [INFO] PluginManage:359 - Loaded plugin memorymap (category:base,tabindex:4)
2023-11-09 19:07:06,317 [INFO] PluginManage:310 - Check plugin pinoutandconfiguration
2023-11-09 19:07:06,329 [INFO] PluginManage:359 - Loaded plugin pinoutandconfiguration (category:base,tabindex:1)
2023-11-09 19:07:06,330 [INFO] PluginManage:310 - Check plugin pinoutconfig
2023-11-09 19:07:06,439 [WARN] SupportedApi:132 - Cannot load RTOS API schema: s4s-elt-must-match.1: The content of 'definitions' must match (annotation?, (simpleType | complexType)?, (unique | key | keyref)*)). A problem was found starting at: attribute.
2023-11-09 19:07:06,626 [INFO] PluginManage:359 - Loaded plugin pinoutconfig (category:base,tabindex:0)
2023-11-09 19:07:06,626 [INFO] PluginManage:310 - Check plugin power
2023-11-09 19:07:06,642 [INFO] PluginManage:359 - Loaded plugin power (category:power,tabindex:4)
2023-11-09 19:07:06,643 [INFO] PluginManage:310 - Check plugin projectmanager
2023-11-09 19:07:06,665 [INFO] PluginManage:359 - Loaded plugin projectmanager (category:projectmanager,tabindex:3)
2023-11-09 19:07:06,665 [INFO] PluginManage:310 - Check plugin thirdparty
2023-11-09 19:07:06,844 [INFO] PluginManage:359 - Loaded plugin thirdparty (category:base,tabindex:-1)
2023-11-09 19:07:06,844 [WARN] IntegrityCheckThread:84 - waiting for thirdparty lock release [integrity check]
2023-11-09 19:07:06,845 [INFO] IntegrityCheckThread:86 - entering critical section [integrity check]
2023-11-09 19:07:06,845 [INFO] PluginManage:310 - Check plugin tools
2023-11-09 19:07:06,845 [INFO] ThirdPartyUpdaterWithRetryManager:70 - Updater plugin not ready yet. [1/15]
2023-11-09 19:07:06,848 [INFO] PluginManage:359 - Loaded plugin tools (category:base,tabindex:7)
2023-11-09 19:07:06,848 [INFO] PluginManage:310 - Check plugin tutovideos
2023-11-09 19:07:07,103 [INFO] PluginManage:359 - Loaded plugin tutovideos (category:base,tabindex:-1)
2023-11-09 19:07:07,103 [INFO] PluginManage:310 - Check plugin updater
2023-11-09 19:07:07,122 [INFO] PluginManage:359 - Loaded plugin updater (category:base,tabindex:12)
2023-11-09 19:07:07,123 [INFO] PluginManage:310 - Check plugin userauth
2023-11-09 19:07:07,129 [INFO] UserAuth:113 - Init User Auth plugin
2023-11-09 19:07:07,130 [INFO] PluginManage:359 - Loaded plugin userauth (category:base,tabindex:14)
2023-11-09 19:07:07,130 [INFO] PluginManage:283 - PluginManage : Loaded plugins [17]
2023-11-09 19:07:07,412 [INFO] PinOutPanel:1499 - setPackage(No Configuration,No Configuration)
2023-11-09 19:07:07,537 [INFO] CADModel:165 - CPN selected for project level
2023-11-09 19:07:07,538 [INFO] CADModel:114 - Register for checkConnection events
2023-11-09 19:07:07,555 [INFO] IPUIPlugin:80 - create IPUIPlugin
2023-11-09 19:07:07,555 [INFO] PluginManager:220 - loadIPPluginJar : add i2c
2023-11-09 19:07:07,566 [INFO] IPUIPlugin:80 - create IPUIPlugin
2023-11-09 19:07:07,570 [INFO] PluginManager:220 - loadIPPluginJar : add plateformsettings
2023-11-09 19:07:07,572 [INFO] IPUIPlugin:80 - create IPUIPlugin
2023-11-09 19:07:07,573 [INFO] PluginManager:220 - loadIPPluginJar : add ltdc
2023-11-09 19:07:07,575 [INFO] IPUIPlugin:80 - create IPUIPlugin
2023-11-09 19:07:07,576 [INFO] PluginManager:220 - loadIPPluginJar : add ucpd
2023-11-09 19:07:07,578 [INFO] IPUIPlugin:80 - create IPUIPlugin
2023-11-09 19:07:07,578 [INFO] PluginManager:220 - loadIPPluginJar : add genericplugin
2023-11-09 19:07:07,582 [INFO] IPUIPlugin:80 - create IPUIPlugin
2023-11-09 19:07:07,583 [INFO] PluginManager:220 - loadIPPluginJar : add pdm2pcm
2023-11-09 19:07:07,585 [INFO] IPUIPlugin:80 - create IPUIPlugin
2023-11-09 19:07:07,585 [INFO] PluginManager:220 - loadIPPluginJar : add tsc
2023-11-09 19:07:07,588 [INFO] IPUIPlugin:80 - create IPUIPlugin
2023-11-09 19:07:07,588 [INFO] PluginManager:220 - loadIPPluginJar : add tracer_emb
2023-11-09 19:07:07,593 [INFO] IPUIPlugin:80 - create IPUIPlugin
2023-11-09 19:07:07,593 [INFO] PluginManager:220 - loadIPPluginJar : add usbx
2023-11-09 19:07:07,602 [INFO] IPUIPlugin:80 - create IPUIPlugin
2023-11-09 19:07:07,603 [INFO] PluginManager:220 - loadIPPluginJar : add dma
2023-11-09 19:07:07,612 [INFO] IPUIPlugin:80 - create IPUIPlugin
2023-11-09 19:07:07,612 [INFO] PluginManager:220 - loadIPPluginJar : add stm32_wpan
2023-11-09 19:07:07,618 [INFO] IPUIPlugin:80 - create IPUIPlugin
2023-11-09 19:07:07,618 [INFO] PluginManager:220 - loadIPPluginJar : add touchsensing
2023-11-09 19:07:07,625 [INFO] IPUIPlugin:80 - create IPUIPlugin
2023-11-09 19:07:07,625 [INFO] PluginManager:220 - loadIPPluginJar : add linkedlist
2023-11-09 19:07:07,627 [INFO] IPUIPlugin:80 - create IPUIPlugin
2023-11-09 19:07:07,627 [INFO] PluginManager:220 - loadIPPluginJar : add quadspi
2023-11-09 19:07:07,631 [INFO] IPUIPlugin:80 - create IPUIPlugin
2023-11-09 19:07:07,631 [INFO] PluginManager:220 - loadIPPluginJar : add i3c
2023-11-09 19:07:07,634 [INFO] IPUIPlugin:80 - create IPUIPlugin
2023-11-09 19:07:07,634 [INFO] PluginManager:220 - loadIPPluginJar : add aes
2023-11-09 19:07:07,638 [INFO] IPUIPlugin:80 - create IPUIPlugin
2023-11-09 19:07:07,638 [INFO] PluginManager:220 - loadIPPluginJar : add can
2023-11-09 19:07:07,640 [INFO] IPUIPlugin:80 - create IPUIPlugin
2023-11-09 19:07:07,641 [INFO] PluginManager:220 - loadIPPluginJar : add i2s
2023-11-09 19:07:07,648 [INFO] IPUIPlugin:80 - create IPUIPlugin
2023-11-09 19:07:07,649 [INFO] PluginManager:220 - loadIPPluginJar : add mdma
2023-11-09 19:07:07,653 [INFO] IPUIPlugin:80 - create IPUIPlugin
2023-11-09 19:07:07,653 [INFO] PluginManager:220 - loadIPPluginJar : add openamp
2023-11-09 19:07:07,661 [INFO] IPUIPlugin:80 - create IPUIPlugin
2023-11-09 19:07:07,661 [INFO] PluginManager:220 - loadIPPluginJar : add gpio
2023-11-09 19:07:07,667 [INFO] IPUIPlugin:80 - create IPUIPlugin
2023-11-09 19:07:07,667 [INFO] PluginManager:220 - loadIPPluginJar : add fmc
2023-11-09 19:07:07,670 [INFO] IPUIPlugin:80 - create IPUIPlugin
2023-11-09 19:07:07,671 [INFO] PluginManager:220 - loadIPPluginJar : add hash
2023-11-09 19:07:07,674 [INFO] IPUIPlugin:80 - create IPUIPlugin
2023-11-09 19:07:07,675 [INFO] PluginManager:220 - loadIPPluginJar : add gfxmmu
2023-11-09 19:07:07,677 [INFO] IPUIPlugin:80 - create IPUIPlugin
2023-11-09 19:07:07,678 [INFO] PluginManager:220 - loadIPPluginJar : add comp
2023-11-09 19:07:07,681 [INFO] IPUIPlugin:80 - create IPUIPlugin
2023-11-09 19:07:07,681 [INFO] PluginManager:220 - loadIPPluginJar : add fatfs
2023-11-09 19:07:07,688 [INFO] IPUIPlugin:80 - create IPUIPlugin
2023-11-09 19:07:07,689 [INFO] PluginManager:220 - loadIPPluginJar : add freertos
2023-11-09 19:07:07,695 [INFO] IPUIPlugin:80 - create IPUIPlugin
2023-11-09 19:07:07,696 [INFO] PluginManager:220 - loadIPPluginJar : add gic
2023-11-09 19:07:07,700 [INFO] IPUIPlugin:80 - create IPUIPlugin
2023-11-09 19:07:07,701 [INFO] PluginManager:220 - loadIPPluginJar : add gtzc
2023-11-09 19:07:07,705 [INFO] IPUIPlugin:80 - create IPUIPlugin
2023-11-09 19:07:07,705 [INFO] PluginManager:220 - loadIPPluginJar : add dma3
2023-11-09 19:07:07,711 [INFO] IPUIPlugin:80 - create IPUIPlugin
2023-11-09 19:07:07,711 [INFO] PluginManager:220 - loadIPPluginJar : add resmgrutility
2023-11-09 19:07:07,715 [INFO] IPUIPlugin:80 - create IPUIPlugin
2023-11-09 19:07:07,715 [INFO] PluginManager:220 - loadIPPluginJar : add opamp
2023-11-09 19:07:07,718 [INFO] IPUIPlugin:80 - create IPUIPlugin
2023-11-09 19:07:07,718 [INFO] PluginManager:220 - loadIPPluginJar : add ts
2023-11-09 19:07:07,725 [INFO] IPUIPlugin:80 - create IPUIPlugin
2023-11-09 19:07:07,725 [INFO] PluginManager:220 - loadIPPluginJar : add adc
2023-11-09 19:07:07,727 [INFO] IPUIPlugin:80 - create IPUIPlugin
2023-11-09 19:07:07,728 [INFO] PluginManager:220 - loadIPPluginJar : add tim
2023-11-09 19:07:07,731 [INFO] IPUIPlugin:80 - create IPUIPlugin
2023-11-09 19:07:07,732 [INFO] PluginManager:220 - loadIPPluginJar : add usart
2023-11-09 19:07:07,736 [INFO] IPUIPlugin:80 - create IPUIPlugin
2023-11-09 19:07:07,736 [INFO] PluginManager:220 - loadIPPluginJar : add spi
2023-11-09 19:07:07,739 [INFO] IPUIPlugin:80 - create IPUIPlugin
2023-11-09 19:07:07,740 [INFO] PluginManager:220 - loadIPPluginJar : add lorawan
2023-11-09 19:07:07,743 [INFO] IPUIPlugin:80 - create IPUIPlugin
2023-11-09 19:07:07,744 [INFO] PluginManager:220 - loadIPPluginJar : add ipddr
2023-11-09 19:07:07,749 [INFO] IPUIPlugin:80 - create IPUIPlugin
2023-11-09 19:07:07,749 [INFO] PluginManager:220 - loadIPPluginJar : add nvic
2023-11-09 19:07:07,754 [INFO] IPUIPlugin:80 - create IPUIPlugin
2023-11-09 19:07:07,754 [INFO] PluginManager:220 - loadIPPluginJar : add sai
2023-11-09 19:07:07,757 [INFO] IPUIPlugin:80 - create IPUIPlugin
2023-11-09 19:07:07,757 [INFO] PluginManager:220 - loadIPPluginJar : add cryp
2023-11-09 19:07:07,760 [INFO] IPUIPlugin:80 - create IPUIPlugin
2023-11-09 19:07:07,761 [INFO] PluginManager:220 - loadIPPluginJar : add dfsdm
2023-11-09 19:07:07,874 [INFO] CADModel:165 - CPN selected for project level
2023-11-09 19:07:07,874 [INFO] CADModel:114 - Register for checkConnection events
2023-11-09 19:07:07,874 [FATAL] Updater:308 - Updater called before beeing initialized
2023-11-09 19:07:07,874 [ERROR] CADModel:125 - Updater not yet initialized, retry later 
2023-11-09 19:07:08,057 [INFO] CADModel:165 - CPN selected for project level
2023-11-09 19:07:08,057 [INFO] CADModel:114 - Register for checkConnection events
2023-11-09 19:07:08,057 [FATAL] Updater:308 - Updater called before beeing initialized
2023-11-09 19:07:08,057 [ERROR] CADModel:125 - Updater not yet initialized, retry later 
2023-11-09 19:07:08,062 [FATAL] Updater:308 - Updater called before beeing initialized
2023-11-09 19:07:08,163 [FATAL] Updater:308 - Updater called before beeing initialized
2023-11-09 19:07:08,170 [INFO] DbMcusAds:53 - JSON generation date=Tue Mar 07 05:50:55 ART 2023 (1678179055335)
2023-11-09 19:07:08,171 [FATAL] Updater:308 - Updater called before beeing initialized
2023-11-09 19:07:08,217 [WARN] DetailPanel:346 - Failed to get advertising image, set to default
2023-11-09 19:07:08,402 [FATAL] Updater:308 - Updater called before beeing initialized
2023-11-09 19:07:08,405 [FATAL] Updater:308 - Updater called before beeing initialized
2023-11-09 19:07:08,405 [FATAL] Updater:308 - Updater called before beeing initialized
2023-11-09 19:07:08,405 [WARN] DetailPanel:346 - Failed to get advertising image, set to default
2023-11-09 19:07:08,406 [FATAL] Updater:308 - Updater called before beeing initialized
2023-11-09 19:07:08,451 [ERROR] Updater:1120 - MainUpdater not yet initialized. External WinMGr cannot be set.
2023-11-09 19:07:08,454 [INFO] Updater:1056 - Updater Version found : 6.9.2
2023-11-09 19:07:08,483 [INFO] ApplicationProperties:184 - Using Application install path: /home/cbiale/st/stm32cubeide_1.13.2/plugins/com.st.stm32cube.common.mx_6.9.2.202309101412
2023-11-09 19:07:08,791 [INFO] MainUpdater:2868 - connection check result : 10
2023-11-09 19:07:08,792 [INFO] MainUpdater:285 - Updater Check For Update Now.
2023-11-09 19:07:08,793 [INFO] MicroXplorer:498 - Change Database Version : DB.6.0.92
2023-11-09 19:07:08,800 [INFO] McuFinderGlobals:63 - Set McuFinder mode to 2 (CubeIDE integrated)
2023-11-09 19:07:08,800 [INFO] UserAuth:179 - activating auth plugin
2023-11-09 19:07:08,805 [INFO] UserAuth:393 - Internet connection configuration mode: 1
2023-11-09 19:07:08,829 [INFO] JxBrowserEngine:151 - Initiate JxBrowser Engine with user profile folder
2023-11-09 19:07:08,994 [INFO] CheckServerUpdateThread:120 - End of CheckServer Thread
2023-11-09 19:07:10,079 [WARN] PackLoader:240 - Cannot read IP mode file for STMicroelectronics.X-CUBE-SMBUS.2.1.0
2023-11-09 19:07:10,150 [WARN] PackLoader:240 - Cannot read IP mode file for STMicroelectronics.X-CUBE-AZRTOS-F7.1.1.0
2023-11-09 19:07:10,172 [WARN] PackLoader:240 - Cannot read IP mode file for STMicroelectronics.FP-SNS-MOTENV1.4.3.2
2023-11-09 19:07:10,185 [WARN] PackLoader:240 - Cannot read IP mode file for STMicroelectronics.FP-SNS-FLIGHT1.5.0.2
2023-11-09 19:07:10,199 [WARN] PackLoader:240 - Cannot read IP mode file for STMicroelectronics.X-CUBE-DISPLAY.3.0.0
2023-11-09 19:07:10,230 [WARN] PackLoader:240 - Cannot read IP mode file for STMicroelectronics.X-CUBE-BLE1.7.0.0
2023-11-09 19:07:10,240 [WARN] PackLoader:240 - Cannot read IP mode file for emotas.I-CUBE-CANOPEN.1.3.0
2023-11-09 19:07:10,246 [WARN] PackLoader:240 - Cannot read IP mode file for STMicroelectronics.X-CUBE-TOUCHGFX.4.22.1
2023-11-09 19:07:10,254 [WARN] PackLoader:240 - Cannot read IP mode file for STMicroelectronics.FP-SNS-SMARTAG2.1.2.0
2023-11-09 19:07:10,273 [INFO] LogOutputStream:77 - [STDOUT_REDIRECT] 1 : Invalid condition id : UX_CORESTACK_Condition cause : null
2023-11-09 19:07:10,273 [INFO] LogOutputStream:77 - [STDOUT_REDIRECT] 1 : Invalid condition id : UX_CORESTACK_Condition cause : null
2023-11-09 19:07:10,274 [INFO] LogOutputStream:77 - [STDOUT_REDIRECT] 1 : Invalid condition id : UX_CORESTACK_Condition cause : null
2023-11-09 19:07:10,274 [INFO] LogOutputStream:77 - [STDOUT_REDIRECT] 1 : Invalid condition id : UX_CORESTACK_Condition cause : null
2023-11-09 19:07:10,274 [INFO] LogOutputStream:77 - [STDOUT_REDIRECT] 1 : Invalid condition id : UX_CORESTACK_Condition cause : null
2023-11-09 19:07:10,281 [WARN] PackLoader:240 - Cannot read IP mode file for STMicroelectronics.X-CUBE-AZRTOS-WL.2.0.0
2023-11-09 19:07:10,295 [WARN] PackLoader:240 - Cannot read IP mode file for WES.I-CUBE-Cesium.1.3.0
2023-11-09 19:07:10,301 [WARN] PackLoader:240 - Cannot read IP mode file for STMicroelectronics.X-CUBE-BLE2.3.3.0
2023-11-09 19:07:10,310 [WARN] PackLoader:240 - Cannot read IP mode file for STMicroelectronics.X-CUBE-ALGOBUILD.1.3.0
2023-11-09 19:07:10,341 [WARN] PackLoader:240 - Cannot read IP mode file for STMicroelectronics.X-CUBE-AZRTOS-G0.1.1.0
2023-11-09 19:07:10,354 [WARN] PackLoader:240 - Cannot read IP mode file for STMicroelectronics.X-CUBE-NFC4.3.0.0
2023-11-09 19:07:10,372 [WARN] PackLoader:240 - Cannot read IP mode file for STMicroelectronics.X-CUBE-BLEMGR.3.0.0
2023-11-09 19:07:10,382 [WARN] PackLoader:240 - Cannot read IP mode file for STMicroelectronics.FP-ATR-SIGFOX1.3.2.0
2023-11-09 19:07:10,390 [WARN] PackLoader:240 - Cannot read IP mode file for STMicroelectronics.X-CUBE-GNSS1.6.0.0
2023-11-09 19:07:10,420 [WARN] PackLoader:240 - Cannot read IP mode file for STMicroelectronics.X-CUBE-AZRTOS-F4.1.1.0
2023-11-09 19:07:10,431 [WARN] PackLoader:240 - Cannot read IP mode file for wolfSSL.I-CUBE-wolfSSL.5.6.3
2023-11-09 19:07:10,470 [WARN] PackLoader:240 - Cannot read IP mode file for STMicroelectronics.X-CUBE-AZRTOS-L5.2.0.0
2023-11-09 19:07:10,483 [WARN] PackLoader:240 - Cannot read IP mode file for STMicroelectronics.X-CUBE-EEPRMA1.4.2.0
2023-11-09 19:07:10,489 [INFO] WebApp:157 - Instantiating new browser for Auth
2023-11-09 19:07:10,492 [WARN] PackLoader:240 - Cannot read IP mode file for ITTIA_DB.I-CUBE-ITTIADB.8.8.0
2023-11-09 19:07:10,506 [WARN] PackLoader:240 - Cannot read IP mode file for STMicroelectronics.X-CUBE-BLEMGR.2.0.0
2023-11-09 19:07:10,572 [WARN] ConditionMgr:438 - getConditionDescription Invalid condition id : UX DEVICE CLASS RTOS Condition cause : null
2023-11-09 19:07:10,573 [WARN] ConditionMgr:438 - getConditionDescription Invalid condition id : UX DEVICE CLASS RTOS Condition cause : null
2023-11-09 19:07:10,582 [WARN] PackLoader:240 - Cannot read IP mode file for STMicroelectronics.X-CUBE-AZRTOS-H7.3.1.0
2023-11-09 19:07:10,584 [WARN] ConditionMgr:1039 - genDependencies : Invalid condition id : UX DEVICE CLASS RTOS Condition cause : null
2023-11-09 19:07:10,585 [WARN] ConditionMgr:1039 - genDependencies : Invalid condition id : UX DEVICE CLASS RTOS Condition cause : null
2023-11-09 19:07:10,586 [WARN] ConditionMgr:1039 - genDependencies : Invalid condition id : UX DEVICE CLASS RTOS Condition cause : null
2023-11-09 19:07:10,587 [WARN] ConditionMgr:1039 - genDependencies : Invalid condition id : UX DEVICE CLASS RTOS Condition cause : null
2023-11-09 19:07:10,587 [WARN] ConditionMgr:1039 - genDependencies : Invalid condition id : UX DEVICE CLASS RTOS Condition cause : null
2023-11-09 19:07:10,598 [WARN] PackLoader:240 - Cannot read IP mode file for STMicroelectronics.X-CUBE-NFC7.1.0.1
2023-11-09 19:07:10,611 [WARN] PackLoader:240 - Cannot read IP mode file for STMicroelectronics.X-CUBE-NFC6.3.0.0
2023-11-09 19:07:10,621 [WARN] PackLoader:240 - Cannot read IP mode file for STMicroelectronics.X-CUBE-AI.8.1.0
2023-11-09 19:07:10,648 [WARN] ConditionMgr:438 - getConditionDescription Invalid condition id : LAN8742 Phy interface Condition cause : null
2023-11-09 19:07:10,650 [WARN] PackLoader:240 - Cannot read IP mode file for STMicroelectronics.X-CUBE-AZRTOS-L4.2.0.0
2023-11-09 19:07:10,652 [WARN] ConditionMgr:1039 - genDependencies : Invalid condition id : LAN8742 Phy interface Condition cause : null
2023-11-09 19:07:10,653 [WARN] ConditionMgr:1039 - genDependencies : Invalid condition id : LAN8742 Phy interface Condition cause : null
2023-11-09 19:07:10,654 [WARN] ConditionMgr:1039 - genDependencies : Invalid condition id : LAN8742 Phy interface Condition cause : null
2023-11-09 19:07:10,666 [WARN] PackLoader:240 - Cannot read IP mode file for STMicroelectronics.X-CUBE-SFXS2LP1.4.0.0
2023-11-09 19:07:10,675 [WARN] PackLoader:240 - Cannot read IP mode file for STMicroelectronics.X-CUBE-ISPU.1.1.0
2023-11-09 19:07:10,696 [WARN] ConditionMgr:438 - getConditionDescription Invalid condition id : UX DEVICE CLASS RTOS Condition cause : null
2023-11-09 19:07:10,697 [WARN] ConditionMgr:438 - getConditionDescription Invalid condition id : UX DEVICE CLASS RTOS Condition cause : null
2023-11-09 19:07:10,700 [WARN] PackLoader:240 - Cannot read IP mode file for STMicroelectronics.X-CUBE-AZRTOS-WB.2.0.0
2023-11-09 19:07:10,701 [WARN] ConditionMgr:1039 - genDependencies : Invalid condition id : UX DEVICE CLASS RTOS Condition cause : null
2023-11-09 19:07:10,701 [WARN] ConditionMgr:1039 - genDependencies : Invalid condition id : UX DEVICE CLASS RTOS Condition cause : null
2023-11-09 19:07:10,702 [WARN] ConditionMgr:1039 - genDependencies : Invalid condition id : UX DEVICE CLASS RTOS Condition cause : null
2023-11-09 19:07:10,703 [WARN] ConditionMgr:1039 - genDependencies : Invalid condition id : UX DEVICE CLASS RTOS Condition cause : null
2023-11-09 19:07:10,703 [WARN] ConditionMgr:1039 - genDependencies : Invalid condition id : UX DEVICE CLASS RTOS Condition cause : null
2023-11-09 19:07:10,718 [WARN] PackLoader:240 - Cannot read IP mode file for STMicroelectronics.X-CUBE-SUBG2.5.0.0
2023-11-09 19:07:10,746 [WARN] PackLoader:240 - Cannot read IP mode file for STMicroelectronics.X-CUBE-TOF1.3.3.1
2023-11-09 19:07:10,797 [WARN] PackLoader:240 - Cannot read IP mode file for STMicroelectronics.X-CUBE-AZRTOS-G4.2.0.0
2023-11-09 19:07:10,831 [WARN] PackLoader:240 - Cannot read IP mode file for Infineon.AIROC-Wi-Fi-Bluetooth-STM32.1.5.1
2023-11-09 19:07:10,946 [WARN] PackLoader:240 - Cannot read IP mode file for STMicroelectronics.X-CUBE-MEMS1.10.0.0
2023-11-09 19:07:11,270 [WARN] PackLoader:240 - Cannot read IP mode file for STMicroelectronics.X-CUBE-FREERTOS.1.1.0
2023-11-09 19:07:11,276 [WARN] PackLoader:240 - Cannot read IP mode file for portGmbH.I-Cube-SoM-uGOAL.1.1.0
2023-11-09 19:07:11,280 [WARN] PackLoader:240 - Cannot read IP mode file for STMicroelectronics.X-CUBE-ALS.1.0.1
2023-11-09 19:07:11,285 [WARN] PackLoader:240 - Cannot read IP mode file for STMicroelectronics.FP-ATR-ASTRA1.2.0.0
2023-11-09 19:07:11,286 [INFO] ThirdParty:978 - Integrity check success = true
2023-11-09 19:07:11,287 [INFO] IntegrityCheckThread:100 - exiting critical section [integrity check]
2023-11-09 19:07:11,287 [INFO] IntegrityCheckThread:103 - End integrity checks thread
2023-11-09 19:07:11,838 [INFO] WebApp:753 - Register for checkConnection events
2023-11-09 19:07:11,839 [INFO] WebApp:390 - Apply proxy settings
2023-11-09 19:07:11,839 [INFO] WebApp:475 - Chromium requires no authentication
2023-11-09 19:07:11,850 [INFO] WebApp:418 - Direct internet connection detected
2023-11-09 19:07:12,039 [INFO] WebApp:188 - Starting web application
2023-11-09 19:07:12,040 [INFO] WebApp:520 - Web application path used /home/cbiale/st/stm32cubeide_1.13.2/plugins/com.st.stm32cube.common.mx_6.9.2.202309101412/db/plugins/mcufinder/reactClient1/index.html
2023-11-09 19:07:32,937 [ERROR] LogOutputStream:75 - [STDERR_REDIRECT] SLF4J: Failed to load class "org.slf4j.impl.StaticLoggerBinder".
2023-11-09 19:07:32,937 [ERROR] LogOutputStream:75 - [STDERR_REDIRECT] SLF4J: Defaulting to no-operation (NOP) logger implementation
2023-11-09 19:07:32,938 [ERROR] LogOutputStream:75 - [STDERR_REDIRECT] SLF4J: See http://www.slf4j.org/codes.html#StaticLoggerBinder for further details.
2023-11-09 21:26:19,538 [INFO] McuFinderGlobals:63 - Set McuFinder mode to 2 (CubeIDE integrated)
2023-11-09 21:26:19,548 [INFO] MainUpdater:2868 - connection check result : 10
2023-11-09 21:26:19,549 [INFO] MainUpdater:2868 - connection check result : 10
2023-11-09 21:26:19,639 [INFO] MicroXplorer:468 - Change Database Path : 
2023-11-09 21:26:19,640 [INFO] MicroXplorer:498 - Change Database Version : DB.6.0.92
2023-11-09 21:26:19,650 [WARN] ThirdParty:871 - waiting for thirdparty lock release [close project]
2023-11-09 21:26:19,651 [INFO] ThirdParty:873 - entering critical section [close project]
2023-11-09 21:26:19,658 [INFO] ThirdParty:883 - exiting critical section [close project]
2023-11-09 21:26:19,667 [INFO] PinOutPanel:1499 - setPackage(No Configuration,No Configuration)
2023-11-09 21:26:19,714 [INFO] UtilMem:75 - Begin LoadConfig() Used Memory: 264278848 Bytes (482344960)
2023-11-09 21:26:19,717 [INFO] MicroXplorer:468 - Change Database Path : 
2023-11-09 21:26:19,717 [INFO] MicroXplorer:498 - Change Database Version : DB.6.0.92
2023-11-09 21:26:19,717 [INFO] OpenFileManager:308 - Change cursor
2023-11-09 21:26:19,813 [INFO] Mcu:1946 - Initializing MCU STM32F429ZITx STM32F429ZITx STM32F429ZIT6
2023-11-09 21:26:24,137 [INFO] Context:659 - Trying to add GPIOservice into a context  which must be forbidden
2023-11-09 21:26:25,516 [INFO] RtosManager:555 - Registered RTOS mode: class=CMSIS, group=RTOS, mode=CMSIS_V1, owner=FREERTOS
2023-11-09 21:26:25,517 [INFO] RtosManager:555 - Registered RTOS mode: class=CMSIS, group=RTOS2, mode=CMSIS_V2, owner=FREERTOS
2023-11-09 21:26:25,517 [INFO] RtosManager:555 - Registered RTOS mode: class=RTOS, group=Core, mode=CMSIS_V1, owner=FREERTOS
2023-11-09 21:26:25,517 [INFO] RtosManager:555 - Registered RTOS mode: class=RTOS, group=Core, mode=CMSIS_V2, owner=FREERTOS
2023-11-09 21:26:25,518 [WARN] ModelIntegratedComponent:184 - Missing modes for component STMicroelectronics:FreeRTOS:0.0.1:STMicroelectronics:RTOS:FreeRTOS:Core:::10.2.0:
2023-11-09 21:26:25,567 [WARN] ModelIntegratedComponent:63 - No mode defined for component null
2023-11-09 21:26:25,567 [WARN] ModelIntegratedComponent:63 - No mode defined for component null
2023-11-09 21:26:25,568 [WARN] ModelIntegratedComponent:63 - No mode defined for component null
2023-11-09 21:26:25,568 [WARN] ModelIntegratedComponent:63 - No mode defined for component null
2023-11-09 21:26:25,569 [WARN] ModelIntegratedComponent:63 - No mode defined for component null
2023-11-09 21:26:25,569 [WARN] ModelIntegratedComponent:63 - No mode defined for component null
2023-11-09 21:26:25,569 [WARN] ModelIntegratedComponent:63 - No mode defined for component null
2023-11-09 21:26:25,569 [WARN] ModelIntegratedComponent:63 - No mode defined for component null
2023-11-09 21:26:25,569 [WARN] ModelIntegratedComponent:63 - No mode defined for component null
2023-11-09 21:26:25,569 [WARN] ModelIntegratedComponent:63 - No mode defined for component null
2023-11-09 21:26:25,569 [WARN] ModelIntegratedComponent:63 - No mode defined for component null
2023-11-09 21:26:25,570 [WARN] ModelIntegratedComponent:63 - No mode defined for component null
2023-11-09 21:26:25,570 [WARN] ModelIntegratedComponent:63 - No mode defined for component null
2023-11-09 21:26:25,570 [WARN] ModelIntegratedComponent:63 - No mode defined for component null
2023-11-09 21:26:25,570 [WARN] ModelIntegratedComponent:63 - No mode defined for component null
2023-11-09 21:26:25,570 [WARN] ModelIntegratedComponent:63 - No mode defined for component null
2023-11-09 21:26:25,570 [WARN] ModelIntegratedComponent:63 - No mode defined for component null
2023-11-09 21:26:25,570 [WARN] ModelIntegratedComponent:63 - No mode defined for component null
2023-11-09 21:26:25,570 [WARN] ModelIntegratedComponent:63 - No mode defined for component null
2023-11-09 21:26:25,570 [WARN] ModelIntegratedComponent:63 - No mode defined for component null
2023-11-09 21:26:25,570 [WARN] ModelIntegratedComponent:63 - No mode defined for component null
2023-11-09 21:26:25,571 [WARN] ModelIntegratedComponent:63 - No mode defined for component null
2023-11-09 21:26:25,571 [WARN] ModelIntegratedComponent:63 - No mode defined for component null
2023-11-09 21:26:25,571 [WARN] ModelIntegratedComponent:63 - No mode defined for component null
2023-11-09 21:26:25,571 [WARN] ModelIntegratedComponent:63 - No mode defined for component null
2023-11-09 21:26:25,571 [WARN] ModelIntegratedComponent:63 - No mode defined for component null
2023-11-09 21:26:25,571 [WARN] ModelIntegratedComponent:63 - No mode defined for component null
2023-11-09 21:26:25,571 [WARN] ModelIntegratedComponent:63 - No mode defined for component null
2023-11-09 21:26:25,571 [WARN] ModelIntegratedComponent:63 - No mode defined for component null
2023-11-09 21:26:25,571 [WARN] ModelIntegratedComponent:63 - No mode defined for component null
2023-11-09 21:26:25,571 [WARN] ModelIntegratedComponent:63 - No mode defined for component null
2023-11-09 21:26:25,572 [WARN] ModelIntegratedComponent:63 - No mode defined for component null
2023-11-09 21:26:25,572 [WARN] ModelIntegratedComponent:63 - No mode defined for component null
2023-11-09 21:26:25,803 [INFO] ThirdPartyModel:298 - Start build external matchings
2023-11-09 21:26:26,435 [INFO] ThirdPartyModel:316 - End build external matchings
2023-11-09 21:26:26,461 [INFO] ImportTextPane:194 - (OptionalMessage_ERROR) IP (ETH) : Invalid parameter (PHY_Name)
2023-11-09 21:26:26,462 [INFO] ImportTextPane:194 - (OptionalMessage_ERROR) IP (ETH) : Invalid parameter (PHY_Value)
2023-11-09 21:26:26,462 [INFO] ImportTextPane:194 - (OptionalMessage_ERROR) IP (ETH) : Invalid parameter (PhyAddress)
2023-11-09 21:26:26,466 [INFO] ImportTextPane:194 - (OptionalMessage_ERROR) IP (RCC) : Invalid parameter (ADC12outputFreq_Value)
2023-11-09 21:26:26,467 [INFO] ImportTextPane:194 - (OptionalMessage_ERROR) IP (RCC) : Invalid parameter (ADC34outputFreq_Value)
2023-11-09 21:26:26,467 [INFO] ImportTextPane:194 - (OptionalMessage_ERROR) IP (RCC) : Invalid parameter (FamilyName)
2023-11-09 21:26:26,468 [INFO] ImportTextPane:194 - (OptionalMessage_ERROR) IP (RCC) : Invalid parameter (I2C1Freq_Value)
2023-11-09 21:26:26,468 [INFO] ImportTextPane:194 - (OptionalMessage_ERROR) IP (RCC) : Invalid parameter (I2C2Freq_Value)
2023-11-09 21:26:26,468 [INFO] ImportTextPane:194 - (OptionalMessage_ERROR) IP (RCC) : Invalid parameter (I2C3Freq_Value)
2023-11-09 21:26:26,468 [INFO] ImportTextPane:194 - (OptionalMessage_ERROR) IP (RCC) : Parameter (MCO2PinFreq_Value) has invalid value (168000000)
2023-11-09 21:26:26,469 [INFO] ImportTextPane:194 - (OptionalMessage_ERROR) IP (RCC) : Invalid parameter (MCOFreq_Value)
2023-11-09 21:26:26,469 [INFO] ImportTextPane:194 - (OptionalMessage_ERROR) IP (RCC) : Invalid parameter (PLLMCOFreq_Value)
2023-11-09 21:26:26,470 [INFO] ImportTextPane:194 - (OptionalMessage_ERROR) IP (RCC) : Invalid parameter (PLLMUL)
2023-11-09 21:26:26,470 [INFO] ImportTextPane:194 - (OptionalMessage_ERROR) IP (RCC) : Invalid parameter (PRESCALERUSB)
2023-11-09 21:26:26,471 [INFO] ImportTextPane:194 - (OptionalMessage_ERROR) IP (RCC) : Parameter (RTCHSEDivFreq_Value) has invalid value (4000000)
2023-11-09 21:26:26,471 [INFO] ImportTextPane:194 - (OptionalMessage_ERROR) IP (RCC) : Invalid parameter (SYSCLKSourceVirtual)
2023-11-09 21:26:26,471 [INFO] ImportTextPane:194 - (OptionalMessage_ERROR) IP (RCC) : Invalid parameter (TIM15Freq_Value)
2023-11-09 21:26:26,471 [INFO] ImportTextPane:194 - (OptionalMessage_ERROR) IP (RCC) : Invalid parameter (TIM16Freq_Value)
2023-11-09 21:26:26,472 [INFO] ImportTextPane:194 - (OptionalMessage_ERROR) IP (RCC) : Invalid parameter (TIM17Freq_Value)
2023-11-09 21:26:26,472 [INFO] ImportTextPane:194 - (OptionalMessage_ERROR) IP (RCC) : Invalid parameter (TIM1Freq_Value)
2023-11-09 21:26:26,472 [INFO] ImportTextPane:194 - (OptionalMessage_ERROR) IP (RCC) : Invalid parameter (TIM20Freq_Value)
2023-11-09 21:26:26,472 [INFO] ImportTextPane:194 - (OptionalMessage_ERROR) IP (RCC) : Invalid parameter (TIM2Freq_Value)
2023-11-09 21:26:26,472 [INFO] ImportTextPane:194 - (OptionalMessage_ERROR) IP (RCC) : Invalid parameter (TIM3Freq_Value)
2023-11-09 21:26:26,472 [INFO] ImportTextPane:194 - (OptionalMessage_ERROR) IP (RCC) : Invalid parameter (TIM8Freq_Value)
2023-11-09 21:26:26,472 [INFO] ImportTextPane:194 - (OptionalMessage_ERROR) IP (RCC) : Invalid parameter (UART4Freq_Value)
2023-11-09 21:26:26,473 [INFO] ImportTextPane:194 - (OptionalMessage_ERROR) IP (RCC) : Invalid parameter (UART5Freq_Value)
2023-11-09 21:26:26,473 [INFO] ImportTextPane:194 - (OptionalMessage_ERROR) IP (RCC) : Invalid parameter (USART1Freq_Value)
2023-11-09 21:26:26,473 [INFO] ImportTextPane:194 - (OptionalMessage_ERROR) IP (RCC) : Invalid parameter (USART2Freq_Value)
2023-11-09 21:26:26,473 [INFO] ImportTextPane:194 - (OptionalMessage_ERROR) IP (RCC) : Invalid parameter (USART3Freq_Value)
2023-11-09 21:26:26,473 [INFO] ImportTextPane:194 - (OptionalMessage_ERROR) IP (RCC) : Invalid parameter (USBFreq_Value)
2023-11-09 21:26:26,474 [INFO] ImportTextPane:194 - (OptionalMessage_ERROR) IP (RCC) : Invalid parameter (VCOOutput2Freq_Value)
2023-11-09 21:26:27,184 [INFO] UtilMem:75 - End LoadConfig() Used Memory: 234565280 Bytes (638582784)
2023-11-09 21:26:27,453 [INFO] ApiDb:581 - Connected to CubeFinder SQLite database (/home/cbiale/.stmcufinder/plugins/mcufinder/mcu/cube-finder-db.db)
2023-11-09 21:26:27,566 [INFO] ApiDb:668 - CubeFinder database Data Model version=2.1
2023-11-09 21:26:27,567 [INFO] ApiDb:669 - CubeFinder database Configuration version=3.0.37
2023-11-09 21:26:27,573 [INFO] ApiDb:670 - CubeFinder database generation date=2023-10-13 (1697197505)
2023-11-09 21:26:27,574 [INFO] ApiDb:671 - CubeFinder database FW Pack versions=[FP-ATR-ASTRA1_V2.0.0, FP-SNS-FLIGHT1_V5.0.1, FP-SNS-FLIGHT1_V5.0.2, FP-SNS-MOTENV1_V4.3.1, FP-SNS-MOTENV1_V4.3.2, FP-SNS-SMARTAG2_V1.2.0, I-CUBE-ITTIADB_V8.6.3-1, STM32Cube_FW_C0_V1.1.0, STM32Cube_FW_F4_V1.27.1, STM32Cube_FW_F7_V1.17.0, STM32Cube_FW_G0_V1.6.1, STM32Cube_FW_G4_V1.5.1, STM32Cube_FW_H5_V0.5.1, STM32Cube_FW_H5_V1.1.1, STM32Cube_FW_H7_V1.11.0, STM32Cube_FW_L0_V1.12.2, STM32Cube_FW_L5_V1.5.0, STM32Cube_FW_U5_V1.3.0, STM32Cube_FW_U5_V1.3.0RC4, STM32Cube_FW_WBA_V1.0.0RC1, STM32Cube_FW_WBA_V1.1.0RC1, STM32Cube_FW_WBA_V1.1.1, STM32Cube_FW_WB_V1.15.0RC1, STM32Cube_FW_WB_V1.16.0, STM32Cube_FW_WB_V1.16.0RC2, STM32Cube_FW_WB_V1.17.3, STM32Cube_FW_WL_V1.3.0, X-CUBE-ALGOBUILD_V1.3.0, X-CUBE-ALS_V1.0.1, X-CUBE-AZRTOS-F4_V1.1.0, X-CUBE-AZRTOS-F7_V1.1.0, X-CUBE-AZRTOS-G0_V1.1.0, X-CUBE-AZRTOS-G4_V2.0.0, X-CUBE-AZRTOS-H7_V3.1.0, X-CUBE-AZRTOS-L4_V1.0.0, X-CUBE-AZRTOS-L4_V2.0.0, X-CUBE-AZRTOS-L5_V1.1.0, X-CUBE-AZRTOS-WB_V2.0.0, X-CUBE-AZRTOS-WL_V2.0.0, X-CUBE-BLE1_V7.0.0, X-CUBE-BLE2_V3.3.0, X-CUBE-BLEMGR_V2.0.0, X-CUBE-EEPRMA1_V4.1.0, X-CUBE-FREERTOS_V1.1.0, X-CUBE-GNSS1_V6.0.0, X-CUBE-MEMS1_V10.0.0, X-CUBE-MEMS1_V9.1.0, X-CUBE-MEMS1_V9.4.0, X-CUBE-MEMS1_V9.6.0, X-CUBE-NFC4_V3.0.0, X-CUBE-NFC7_V1.0.1, X-CUBE-SFXS2LP1_V4.0.0, X-CUBE-SUBG2_V5.0.0, X-CUBE-TOF1_V3.3.1]
2023-11-09 21:26:31,207 [INFO] ApiDb:240 - Found 323 in-development CPN: [B-G473E-ZEST1S, B-WB1M-WPAN1, B-WL5M-SUBG1, NUCLEO-C031C6, NUCLEO-H503RB, NUCLEO-H563ZI, NUCLEO-U545RE-Q, NUCLEO-U5A5ZJ-Q, NUCLEO-WBA52CG, STEVAL-PROTEUS1, STEVAL-SMARTAG2, STEVAL-STWINBX1, STM320518-EVAL, STM32C0116-DK, STM32C011D6Y3TR, STM32C011D6Y6TR, STM32C011F4P3, STM32C011F4P6, STM32C011F4U3, STM32C011F4U6TR, STM32C011F6P3, STM32C011F6P6, STM32C011F6U3, STM32C011F6U6TR, STM32C011J4M3, STM32C011J4M6, STM32C011J6M3, STM32C011J6M6, STM32C0316-DK, STM32C031C4T3, STM32C031C4T6, STM32C031C4U3, STM32C031C4U6, STM32C031C6T3, STM32C031C6T6, STM32C031C6U3, STM32C031C6U6, STM32C031F4P3, STM32C031F4P6, STM32C031F6P3, STM32C031F6P6, STM32C031G4U3, STM32C031G4U6, STM32C031G6U3, STM32C031G6U6, STM32C031K4T3, STM32C031K4T6, STM32C031K4U3, STM32C031K4U6, STM32C031K6T3, STM32C031K6T6, STM32C031K6U3, STM32C031K6U6, STM32G071K8TXN, STM32G071K8UXN, STM32G081GBU6N, STM32G081KBT6N, STM32G081KBUXN, STM32G0B1CCT6N, STM32G0B1KCT6, STM32G0B1NEY6TR, STM32G0B1RCT6N, STM32G0C1CCT6, STM32G0C1CCT6N, STM32G0C1CCU6N, STM32G0C1CET6N, STM32G0C1CEU6N, STM32G0C1KCT6, STM32G0C1NEY6TR, STM32G0C1RCI6N, STM32G0C1RCT6N, STM32G0C1REI6N, STM32G0C1RET6N, STM32G0C1VCI6, STM32G0C1VEI6, STM32G471CCT6, STM32G471CCU6, STM32G471CET3, STM32G471CET6, STM32G471CEU3, STM32G471CEU6, STM32G471MCT6, STM32G471MET3, STM32G471MET6, STM32G471MEY6TR, STM32G471QCT6, STM32G471QET3, STM32G471RCT6, STM32G471RET3, STM32G471RET6, STM32G471VCH6, STM32G471VCI6, STM32G471VCT6, STM32G471VEH3, STM32G471VEH6, STM32G471VEI3, STM32G471VEI6, STM32G471VET3, STM32G471VET6, STM32G474CCT6, STM32H503CBT6, STM32H503CBU6, STM32H503EBY6TR, STM32H503KBU6, STM32H503RBT6, STM32H562AGI6, STM32H562AII6, STM32H562IGK6, STM32H562IGT6, STM32H562IIK6, STM32H562IIT6, STM32H562RGT6, STM32H562RGV6, STM32H562RIT6, STM32H562RIV6, STM32H562VGT6, STM32H562VIT6, STM32H562ZGT6, STM32H562ZIT6, STM32H563AGI6, STM32H563AII3Q, STM32H563AII6, STM32H563IGK6, STM32H563IGT6, STM32H563IIK3Q, STM32H563IIK6, STM32H563IIT3Q, STM32H563IIT6, STM32H563MIY3QTR, STM32H563RGT6, STM32H563RGV6, STM32H563RIT6, STM32H563RIV6, STM32H563VGT6, STM32H563VIT3Q, STM32H563VIT6, STM32H563ZGT6, STM32H563ZIT3Q, STM32H563ZIT6, STM32H573AII3Q, STM32H573AII6, STM32H573I-DK, STM32H573IIK3Q, STM32H573IIK6, STM32H573IIT3Q, STM32H573IIT6, STM32H573MIY3QTR, STM32H573RIT6, STM32H573RIV6, STM32H573VIT3Q, STM32H573VIT6, STM32H573ZIT3Q, STM32H573ZIT6, STM32L4R5QGI6STR, STM32MP131AAE3, STM32MP131AAF3, STM32MP131AAG3, STM32MP131CAE3, STM32MP131CAF3, STM32MP131CAG3, STM32MP131DAE7, STM32MP131DAF7, STM32MP131DAG7, STM32MP131FAE7, STM32MP131FAF7, STM32MP131FAG7, STM32MP133AAE3, STM32MP133AAF3, STM32MP133AAG3, STM32MP133CAE3, STM32MP133CAF3, STM32MP133CAG3, STM32MP133DAE7, STM32MP133DAF7, STM32MP133DAG7, STM32MP133FAE7, STM32MP133FAF7, STM32MP133FAG7, STM32MP135AAE3, STM32MP135AAF3, STM32MP135AAG3, STM32MP135CAE3, STM32MP135CAF3, STM32MP135CAG3, STM32MP135DAE7, STM32MP135DAF7, STM32MP135DAG7, STM32MP135F-DK, STM32MP135FAE7, STM32MP135FAF7, STM32MP135FAF7T, STM32MP135FAF7U, STM32MP135FAG7, STM32U535CBT6, STM32U535CBT6Q, STM32U535CBU6, STM32U535CBU6Q, STM32U535CCT6, STM32U535CCT6Q, STM32U535CCU6, STM32U535CCU6Q, STM32U535CET6, STM32U535CET6Q, STM32U535CEU6, STM32U535CEU6Q, STM32U535JEY6QTR, STM32U535NCY6QTR, STM32U535NEY6QTR, STM32U535RBI6, STM32U535RBI6Q, STM32U535RBT6, STM32U535RBT6Q, STM32U535RCI6, STM32U535RCI6Q, STM32U535RCT6, STM32U535RCT6Q, STM32U535REI6, STM32U535REI6Q, STM32U535RET6, STM32U535RET6Q, STM32U535VCI6, STM32U535VCI6Q, STM32U535VCT6, STM32U535VCT6Q, STM32U535VEI6, STM32U535VEI6Q, STM32U535VET6, STM32U535VET6Q, STM32U545CET6, STM32U545CET6Q, STM32U545CEU6, STM32U545CEU6Q, STM32U545JEY6QTR, STM32U545NEY6QTR, STM32U545REI6, STM32U545REI6Q, STM32U545RET6, STM32U545RET6Q, STM32U545VEI6, STM32U545VEI6Q, STM32U545VET6, STM32U545VET6Q, STM32U595AIH6, STM32U595AIH6Q, STM32U595AJH6, STM32U595AJH6Q, STM32U595QII6, STM32U595QII6Q, STM32U595QJI6, STM32U595QJI6Q, STM32U595RIT6, STM32U595RIT6Q, STM32U595RJT6, STM32U595RJT6Q, STM32U595VIT6, STM32U595VIT6Q, STM32U595VJT6, STM32U595VJT6Q, STM32U595ZIT6, STM32U595ZIT6Q, STM32U595ZIY6QTR, STM32U595ZJT6, STM32U595ZJT6Q, STM32U595ZJY6QTR, STM32U599BJY6QTR, STM32U599NIH6Q, STM32U599NJH6Q, STM32U599VIT6Q, STM32U599VJT6, STM32U599VJT6Q, STM32U599ZIT6Q, STM32U599ZIY6QTR, STM32U599ZJT6Q, STM32U599ZJY6QTR, STM32U5A5AJH6, STM32U5A5AJH6Q, STM32U5A5QJI6, STM32U5A5QJI6Q, STM32U5A5RJT6, STM32U5A5RJT6Q, STM32U5A5VJT6, STM32U5A5VJT6Q, STM32U5A5ZJT6, STM32U5A5ZJT6Q, STM32U5A5ZJY6QTR, STM32U5A9BJY6QTR, STM32U5A9J-DK, STM32U5A9NJH6Q, STM32U5A9VJT6Q, STM32U5A9ZJT6Q, STM32U5A9ZJY6QTR, STM32U5F7VIT6, STM32U5F7VIT6Q, STM32U5F7VJT6, STM32U5F7VJT6Q, STM32U5F9BJY6QTR, STM32U5F9NJH6Q, STM32U5F9VIT6Q, STM32U5F9VJT6Q, STM32U5F9ZIJ6QTR, STM32U5F9ZIT6Q, STM32U5F9ZJJ6QTR, STM32U5F9ZJT6Q, STM32U5G7VJT6, STM32U5G7VJT6Q, STM32U5G9BJY6QTR, STM32U5G9J-DK1, STM32U5G9J-DK2, STM32U5G9NJH6Q, STM32U5G9VJT6Q, STM32U5G9ZJJ6QTR, STM32U5G9ZJT6Q, STM32WB1MMCH6, STM32WBA52CEU6, STM32WBA52CEU6T, STM32WBA52CGU6, STM32WBA52CGU6T, STM32WBA52KEU6, STM32WBA52KEU6T, STM32WBA52KGU6, STM32WBA52KGU6T, STM32WL5MOCH6, STM32WL5MOCH6TR]
2023-11-09 21:26:31,216 [INFO] DbMcus:217 - Found 3848 MCUs, 3848 are supported
2023-11-09 21:26:31,219 [INFO] ApiDb:423 - Load user favorites file /home/cbiale/.stm32cubeide/favorites.mcus.txt: 0 item(s)
2023-11-09 21:26:31,220 [INFO] ApiDb:427 - User favorites MCUs=[]
2023-11-09 21:26:31,221 [INFO] DbMcus:223 - Set 0 / 0 favorites MCUs
2023-11-09 21:26:31,818 [WARN] ThirdParty:833 - waiting for thirdparty lock release [change project]
2023-11-09 21:26:31,819 [INFO] ThirdParty:835 - entering critical section [change project]
2023-11-09 21:26:31,819 [INFO] ThirdParty:1030 - CMSIS Pack Vendor :STMicroelectronics X-CUBE-ISPU 1.1.0
2023-11-09 21:26:31,819 [INFO] ThirdParty:1030 - CMSIS Pack Vendor :STMicroelectronics USBPD 4.1
2023-11-09 21:26:31,819 [INFO] ThirdParty:1030 - CMSIS Pack Vendor :STMicroelectronics X-CUBE-GNSS1 6.0.0
2023-11-09 21:26:31,820 [INFO] ThirdParty:1030 - CMSIS Pack Vendor :STMicroelectronics USB_HOST 2.0.0
2023-11-09 21:26:31,820 [INFO] ThirdParty:1030 - CMSIS Pack Vendor :STMicroelectronics X-CUBE-AZRTOS-F4 1.1.0
2023-11-09 21:26:31,820 [INFO] ThirdParty:1030 - CMSIS Pack Vendor :STMicroelectronics LIBJPEG 8.0.0
2023-11-09 21:26:31,820 [INFO] ThirdParty:1030 - CMSIS Pack Vendor :wolfSSL I-CUBE-wolfSSL 5.6.3
2023-11-09 21:26:31,820 [INFO] ThirdParty:1030 - CMSIS Pack Vendor :STMicroelectronics X-CUBE-SMBUS 2.1.0
2023-11-09 21:26:31,820 [INFO] ThirdParty:1030 - CMSIS Pack Vendor :STMicroelectronics USB_DEVICE 3.0.0
2023-11-09 21:26:31,820 [INFO] ThirdParty:1030 - CMSIS Pack Vendor :STMicroelectronics X-CUBE-AZRTOS-WB 2.0.0
2023-11-09 21:26:31,821 [INFO] ThirdParty:1030 - CMSIS Pack Vendor :STMicroelectronics X-CUBE-AZRTOS-F7 1.1.0
2023-11-09 21:26:31,821 [INFO] ThirdParty:1030 - CMSIS Pack Vendor :STMicroelectronics X-CUBE-AZRTOS-L5 2.0.0
2023-11-09 21:26:31,821 [INFO] ThirdParty:1030 - CMSIS Pack Vendor :STMicroelectronics USB_DEVICE 2.0.0
2023-11-09 21:26:31,821 [INFO] ThirdParty:1030 - CMSIS Pack Vendor :STMicroelectronics X-CUBE-EEPRMA1 4.2.0
2023-11-09 21:26:31,821 [INFO] ThirdParty:1030 - CMSIS Pack Vendor :ITTIA_DB I-CUBE-ITTIADB 8.8.0
2023-11-09 21:26:31,821 [INFO] ThirdParty:1030 - CMSIS Pack Vendor :STMicroelectronics FP-SNS-MOTENV1 4.3.2
2023-11-09 21:26:31,821 [INFO] ThirdParty:1030 - CMSIS Pack Vendor :STMicroelectronics X-CUBE-ALGOBUILD 1.3.0
2023-11-09 21:26:31,822 [INFO] ThirdParty:1030 - CMSIS Pack Vendor :STMicroelectronics FreeRTOS 0.0.1
2023-11-09 21:26:31,822 [INFO] ThirdParty:1030 - CMSIS Pack Vendor :STMicroelectronics X-CUBE-AZRTOS-G0 1.1.0
2023-11-09 21:26:31,822 [INFO] ThirdParty:1030 - CMSIS Pack Vendor :STMicroelectronics X-CUBE-BLEMGR 2.0.0
2023-11-09 21:26:31,822 [INFO] ThirdParty:1030 - CMSIS Pack Vendor :STMicroelectronics X-CUBE-NFC4 3.0.0
2023-11-09 21:26:31,822 [INFO] ThirdParty:1030 - CMSIS Pack Vendor :STMicroelectronics X-CUBE-SUBG2 5.0.0
2023-11-09 21:26:31,823 [INFO] ThirdParty:1030 - CMSIS Pack Vendor :STMicroelectronics STM32_WPAN 1.0.0
2023-11-09 21:26:31,823 [INFO] ThirdParty:1030 - CMSIS Pack Vendor :STMicroelectronics lwIP 2.0.3
2023-11-09 21:26:31,824 [INFO] ThirdParty:1030 - CMSIS Pack Vendor :STMicroelectronics FP-SNS-FLIGHT1 5.0.2
2023-11-09 21:26:31,824 [INFO] ThirdParty:1030 - CMSIS Pack Vendor :STMicroelectronics USB_HOST 1.0.0
2023-11-09 21:26:31,824 [INFO] ThirdParty:1030 - CMSIS Pack Vendor :STMicroelectronics X-CUBE-TOF1 3.3.1
2023-11-09 21:26:31,824 [INFO] ThirdParty:1030 - CMSIS Pack Vendor :STMicroelectronics X-CUBE-AZRTOS-G4 2.0.0
2023-11-09 21:26:31,824 [INFO] ThirdParty:1030 - CMSIS Pack Vendor :STMicroelectronics PDM2PCM 3.1.0
2023-11-09 21:26:31,825 [INFO] ThirdParty:1030 - CMSIS Pack Vendor :STMicroelectronics X-CUBE-AZRTOS-H7 3.1.0
2023-11-09 21:26:31,825 [INFO] ThirdParty:1030 - CMSIS Pack Vendor :Infineon AIROC-Wi-Fi-Bluetooth-STM32 1.5.1
2023-11-09 21:26:31,825 [INFO] ThirdParty:1030 - CMSIS Pack Vendor :STMicroelectronics X-CUBE-BLEMGR 3.0.0
2023-11-09 21:26:31,825 [INFO] ThirdParty:1030 - CMSIS Pack Vendor :STMicroelectronics PDM2PCM 3.3.0
2023-11-09 21:26:31,825 [INFO] ThirdParty:1030 - CMSIS Pack Vendor :STMicroelectronics X-CUBE-DISPLAY 3.0.0
2023-11-09 21:26:31,825 [INFO] ThirdParty:1030 - CMSIS Pack Vendor :STMicroelectronics X-CUBE-BLE1 7.0.0
2023-11-09 21:26:31,825 [INFO] ThirdParty:1030 - CMSIS Pack Vendor :STMicroelectronics FP-ATR-SIGFOX1 3.2.0
2023-11-09 21:26:31,826 [INFO] ThirdParty:1030 - CMSIS Pack Vendor :STMicroelectronics HAL Drivers 0.0.0
2023-11-09 21:26:31,826 [INFO] ThirdParty:1030 - CMSIS Pack Vendor :STMicroelectronics MBEDTLS 2.16.2
2023-11-09 21:26:31,826 [INFO] ThirdParty:1030 - CMSIS Pack Vendor :emotas I-CUBE-CANOPEN 1.3.0
2023-11-09 21:26:31,826 [INFO] ThirdParty:1030 - CMSIS Pack Vendor :STMicroelectronics X-CUBE-MEMS1 10.0.0
2023-11-09 21:26:31,826 [INFO] ThirdParty:1030 - CMSIS Pack Vendor :STMicroelectronics X-CUBE-FREERTOS 1.1.0
2023-11-09 21:26:31,827 [INFO] ThirdParty:1030 - CMSIS Pack Vendor :STMicroelectronics X-CUBE-NFC7 1.0.1
2023-11-09 21:26:31,827 [INFO] ThirdParty:1030 - CMSIS Pack Vendor :STMicroelectronics MBEDTLS 2.14.1
2023-11-09 21:26:31,827 [INFO] ThirdParty:1030 - CMSIS Pack Vendor :STMicroelectronics X-CUBE-TOUCHGFX 4.22.1
2023-11-09 21:26:31,827 [INFO] ThirdParty:1030 - CMSIS Pack Vendor :STMicroelectronics X-CUBE-NFC6 3.0.0
2023-11-09 21:26:31,828 [INFO] ThirdParty:1030 - CMSIS Pack Vendor :portGmbH I-Cube-SoM-uGOAL 1.1.0
2023-11-09 21:26:31,828 [INFO] ThirdParty:1030 - CMSIS Pack Vendor :STMicroelectronics X-CUBE-ALS 1.0.1
2023-11-09 21:26:31,828 [INFO] ThirdParty:1030 - CMSIS Pack Vendor :STMicroelectronics ThreadX 1.0.0
2023-11-09 21:26:31,828 [INFO] ThirdParty:1030 - CMSIS Pack Vendor :STMicroelectronics FP-SNS-SMARTAG2 1.2.0
2023-11-09 21:26:31,828 [INFO] ThirdParty:1030 - CMSIS Pack Vendor :STMicroelectronics X-CUBE-AZRTOS-WL 2.0.0
2023-11-09 21:26:31,828 [INFO] ThirdParty:1030 - CMSIS Pack Vendor :STMicroelectronics USB_DEVICE 1.0.0
2023-11-09 21:26:31,828 [INFO] ThirdParty:1030 - CMSIS Pack Vendor :STMicroelectronics X-CUBE-AI 8.1.0
2023-11-09 21:26:31,828 [INFO] ThirdParty:1030 - CMSIS Pack Vendor :STMicroelectronics X-CUBE-AZRTOS-L4 2.0.0
2023-11-09 21:26:31,829 [INFO] ThirdParty:1030 - CMSIS Pack Vendor :STMicroelectronics ThreadX 0.0.2
2023-11-09 21:26:31,829 [INFO] ThirdParty:1030 - CMSIS Pack Vendor :WES I-CUBE-Cesium 1.3.0
2023-11-09 21:26:31,829 [INFO] ThirdParty:1030 - CMSIS Pack Vendor :STMicroelectronics FP-ATR-ASTRA1 2.0.0
2023-11-09 21:26:31,829 [INFO] ThirdParty:1030 - CMSIS Pack Vendor :STMicroelectronics lwIP 2.1.2
2023-11-09 21:26:31,829 [INFO] ThirdParty:1030 - CMSIS Pack Vendor :STMicroelectronics X-CUBE-SFXS2LP1 4.0.0
2023-11-09 21:26:31,829 [INFO] ThirdParty:1030 - CMSIS Pack Vendor :STMicroelectronics X-CUBE-BLE2 3.3.0
2023-11-09 21:26:31,830 [INFO] ThirdParty:1030 - CMSIS Pack Vendor :STMicroelectronics PDM2PCM 3.2.0
2023-11-09 21:26:31,830 [INFO] ThirdParty:841 - exiting critical section [change project]
2023-11-09 21:26:33,490 [INFO] PinOutPanel:1499 - setPackage(No Configuration,No Configuration)
2023-11-09 21:26:33,493 [INFO] PinOutPanel:1499 - setPackage(STM32F429ZITx,LQFP144)
2023-11-09 21:26:35,071 [INFO] UtilMem:75 - Before build in PCC Used Memory: 265656744 Bytes (638582784)
2023-11-09 21:26:36,631 [INFO] UtilMem:75 - After build in PCC Used Memory: 400923048 Bytes (638582784)
2023-11-09 21:26:36,735 [INFO] IPUIPlugin:80 - create IPUIPlugin
2023-11-09 21:26:36,736 [INFO] IPUIPlugin:80 - create IPUIPlugin
2023-11-09 21:26:36,737 [INFO] IPUIPlugin:80 - create IPUIPlugin
2023-11-09 21:26:36,738 [INFO] IPUIPlugin:80 - create IPUIPlugin
2023-11-09 21:26:36,738 [INFO] IPUIPlugin:80 - create IPUIPlugin
2023-11-09 21:26:36,739 [INFO] IPUIPlugin:80 - create IPUIPlugin
2023-11-09 21:26:36,739 [INFO] IPUIPlugin:80 - create IPUIPlugin
2023-11-09 21:26:36,739 [INFO] IPUIPlugin:80 - create IPUIPlugin
2023-11-09 21:26:36,740 [INFO] IPUIPlugin:80 - create IPUIPlugin
2023-11-09 21:26:36,741 [INFO] IPUIPlugin:80 - create IPUIPlugin
2023-11-09 21:26:36,742 [INFO] IPUIPlugin:80 - create IPUIPlugin
2023-11-09 21:26:36,743 [INFO] IPUIPlugin:80 - create IPUIPlugin
2023-11-09 21:26:36,744 [INFO] IPUIPlugin:80 - create IPUIPlugin
2023-11-09 21:26:36,745 [INFO] IPUIPlugin:80 - create IPUIPlugin
2023-11-09 21:26:36,745 [INFO] IPUIPlugin:80 - create IPUIPlugin
2023-11-09 21:26:36,746 [INFO] IPUIPlugin:80 - create IPUIPlugin
2023-11-09 21:26:36,746 [INFO] IPUIPlugin:80 - create IPUIPlugin
2023-11-09 21:26:36,746 [INFO] IPUIPlugin:80 - create IPUIPlugin
2023-11-09 21:26:36,746 [INFO] IPUIPlugin:80 - create IPUIPlugin
2023-11-09 21:26:36,746 [INFO] IPUIPlugin:80 - create IPUIPlugin
2023-11-09 21:26:36,747 [INFO] IPUIPlugin:80 - create IPUIPlugin
2023-11-09 21:26:36,747 [INFO] IPUIPlugin:80 - create IPUIPlugin
2023-11-09 21:26:36,747 [INFO] IPUIPlugin:80 - create IPUIPlugin
2023-11-09 21:26:36,747 [INFO] IPUIPlugin:80 - create IPUIPlugin
2023-11-09 21:26:36,748 [INFO] IPUIPlugin:80 - create IPUIPlugin
2023-11-09 21:26:36,748 [INFO] IPUIPlugin:80 - create IPUIPlugin
2023-11-09 21:26:36,748 [INFO] IPUIPlugin:80 - create IPUIPlugin
2023-11-09 21:26:36,749 [INFO] IPUIPlugin:80 - create IPUIPlugin
2023-11-09 21:26:36,749 [INFO] IPUIPlugin:80 - create IPUIPlugin
2023-11-09 21:26:36,750 [INFO] IPUIPlugin:80 - create IPUIPlugin
2023-11-09 21:26:36,750 [INFO] IPUIPlugin:80 - create IPUIPlugin
2023-11-09 21:26:36,751 [INFO] IPUIPlugin:80 - create IPUIPlugin
2023-11-09 21:26:36,751 [INFO] IPUIPlugin:80 - create IPUIPlugin
2023-11-09 21:26:36,752 [INFO] IPUIPlugin:80 - create IPUIPlugin
2023-11-09 21:26:36,753 [INFO] IPUIPlugin:80 - create IPUIPlugin
2023-11-09 21:26:36,754 [INFO] IPUIPlugin:80 - create IPUIPlugin
2023-11-09 21:26:36,755 [INFO] IPUIPlugin:80 - create IPUIPlugin
2023-11-09 21:26:36,755 [INFO] IPUIPlugin:80 - create IPUIPlugin
2023-11-09 21:26:36,756 [INFO] IPUIPlugin:80 - create IPUIPlugin
2023-11-09 21:26:36,757 [INFO] IPUIPlugin:80 - create IPUIPlugin
2023-11-09 21:26:36,757 [INFO] IPUIPlugin:80 - create IPUIPlugin
2023-11-09 21:26:36,758 [INFO] IPUIPlugin:80 - create IPUIPlugin
2023-11-09 21:26:36,758 [INFO] IPUIPlugin:80 - create IPUIPlugin
2023-11-09 21:26:36,759 [INFO] IPUIPlugin:80 - create IPUIPlugin
2023-11-09 21:26:36,760 [INFO] IPUIPlugin:80 - create IPUIPlugin
2023-11-09 21:26:36,761 [INFO] IPUIPlugin:80 - create IPUIPlugin
2023-11-09 21:26:36,761 [INFO] IPUIPlugin:80 - create IPUIPlugin
2023-11-09 21:26:36,761 [INFO] IPUIPlugin:80 - create IPUIPlugin
2023-11-09 21:26:36,762 [INFO] IPUIPlugin:80 - create IPUIPlugin
2023-11-09 21:26:36,762 [INFO] IPUIPlugin:80 - create IPUIPlugin
2023-11-09 21:26:36,763 [INFO] IPUIPlugin:80 - create IPUIPlugin
2023-11-09 21:26:36,763 [INFO] IPUIPlugin:80 - create IPUIPlugin
2023-11-09 21:26:36,764 [INFO] IPUIPlugin:80 - create IPUIPlugin
2023-11-09 21:26:36,764 [INFO] IPUIPlugin:80 - create IPUIPlugin
2023-11-09 21:26:36,765 [INFO] IPUIPlugin:80 - create IPUIPlugin
2023-11-09 21:26:36,765 [INFO] IPUIPlugin:80 - create IPUIPlugin
2023-11-09 21:26:36,766 [INFO] IPUIPlugin:80 - create IPUIPlugin
2023-11-09 21:26:36,766 [INFO] IPUIPlugin:80 - create IPUIPlugin
2023-11-09 21:26:36,767 [INFO] IPUIPlugin:80 - create IPUIPlugin
2023-11-09 21:26:36,768 [INFO] IPUIPlugin:80 - create IPUIPlugin
2023-11-09 21:26:36,769 [INFO] IPUIPlugin:80 - create IPUIPlugin
2023-11-09 21:26:36,770 [INFO] IPUIPlugin:80 - create IPUIPlugin
2023-11-09 21:26:36,772 [INFO] IPUIPlugin:80 - create IPUIPlugin
2023-11-09 21:26:36,773 [INFO] IPUIPlugin:80 - create IPUIPlugin
2023-11-09 21:26:36,774 [INFO] IPUIPlugin:80 - create IPUIPlugin
2023-11-09 21:26:36,775 [INFO] IPUIPlugin:80 - create IPUIPlugin
2023-11-09 21:26:36,864 [INFO] ApiDbMcu:507 - Load IP Config File for PDM2PCM
2023-11-09 21:26:37,442 [INFO] CADModel:165 - CPN selected for project levelSTM32F429ZIT6
2023-11-09 21:26:37,443 [INFO] CADModel:114 - Register for checkConnection events
2023-11-09 21:26:37,496 [INFO] OpenFileManager:328 - Restore cursor
2023-11-09 21:26:47,787 [INFO] Gpio:273 - dependency for GPIO [ETH, RCC, SYS, USART3, USB_OTG_FS]
2023-11-09 22:30:31,340 [ERROR] LogOutputStream:75 - [STDERR_REDIRECT] 
