2023-12-01 05:49:27,881 [WARN] ServerAccessManage:1168 - Warning during Server Connection :  timeout Read timed out
2023-12-01 05:49:28,320 [INFO] MainUpdater:2868 - connection check result : 10
2023-12-01 05:49:28,320 [INFO] MainUpdater:2868 - connection check result : 10
2023-12-01 05:49:28,373 [INFO] MicroXplorer:468 - Change Database Path : 
2023-12-01 05:49:28,373 [INFO] MicroXplorer:498 - Change Database Version : DB.6.0.92
2023-12-01 05:49:28,407 [WARN] ThirdParty:871 - waiting for thirdparty lock release [close project]
2023-12-01 05:49:28,407 [INFO] ThirdParty:873 - entering critical section [close project]
2023-12-01 05:49:28,407 [INFO] ThirdParty:883 - exiting critical section [close project]
2023-12-01 05:49:28,411 [INFO] PinOutPanel:1499 - setPackage(No Configuration,No Configuration)
2023-12-01 05:49:28,425 [WARN] IpParametersView:151 - Warning: This peripheral hasn't parameters
2023-12-01 05:49:28,433 [WARN] MainPanel:272 - <html><b><center>Warning: This peripheral has no parameters to be configured<br></b></html>
2023-12-01 05:49:28,441 [INFO] UtilMem:75 - Begin LoadConfig() Used Memory: 759704240 Bytes (1073741824)
2023-12-01 05:49:28,443 [INFO] MicroXplorer:468 - Change Database Path : 
2023-12-01 05:49:28,443 [INFO] MicroXplorer:498 - Change Database Version : DB.6.0.92
2023-12-01 05:49:28,443 [INFO] OpenFileManager:308 - Change cursor
2023-12-01 05:49:28,465 [INFO] RulesReader:64 - Compatibility file has been processed (293 Rules)
2023-12-01 05:49:28,470 [INFO] Mcu:1946 - Initializing MCU STM32F439Z(G-I)Tx STM32F439ZITx STM32F439ZIT6
2023-12-01 05:49:30,006 [INFO] Context:659 - Trying to add GPIOservice into a context  which must be forbidden
2023-12-01 05:49:30,479 [INFO] RtosManager:555 - Registered RTOS mode: class=CMSIS, group=RTOS, mode=CMSIS_V1, owner=FREERTOS
2023-12-01 05:49:30,479 [INFO] RtosManager:555 - Registered RTOS mode: class=CMSIS, group=RTOS2, mode=CMSIS_V2, owner=FREERTOS
2023-12-01 05:49:30,480 [INFO] RtosManager:555 - Registered RTOS mode: class=RTOS, group=Core, mode=CMSIS_V1, owner=FREERTOS
2023-12-01 05:49:30,480 [INFO] RtosManager:555 - Registered RTOS mode: class=RTOS, group=Core, mode=CMSIS_V2, owner=FREERTOS
2023-12-01 05:49:30,480 [WARN] ModelIntegratedComponent:184 - Missing modes for component STMicroelectronics:FreeRTOS:0.0.1:STMicroelectronics:RTOS:FreeRTOS:Core:::10.2.0:
2023-12-01 05:49:30,500 [WARN] ModelIntegratedComponent:63 - No mode defined for component null
2023-12-01 05:49:30,501 [WARN] ModelIntegratedComponent:63 - No mode defined for component null
2023-12-01 05:49:30,501 [WARN] ModelIntegratedComponent:63 - No mode defined for component null
2023-12-01 05:49:30,501 [WARN] ModelIntegratedComponent:63 - No mode defined for component null
2023-12-01 05:49:30,501 [WARN] ModelIntegratedComponent:63 - No mode defined for component null
2023-12-01 05:49:30,501 [WARN] ModelIntegratedComponent:63 - No mode defined for component null
2023-12-01 05:49:30,501 [WARN] ModelIntegratedComponent:63 - No mode defined for component null
2023-12-01 05:49:30,501 [WARN] ModelIntegratedComponent:63 - No mode defined for component null
2023-12-01 05:49:30,501 [WARN] ModelIntegratedComponent:63 - No mode defined for component null
2023-12-01 05:49:30,501 [WARN] ModelIntegratedComponent:63 - No mode defined for component null
2023-12-01 05:49:30,501 [WARN] ModelIntegratedComponent:63 - No mode defined for component null
2023-12-01 05:49:30,501 [WARN] ModelIntegratedComponent:63 - No mode defined for component null
2023-12-01 05:49:30,501 [WARN] ModelIntegratedComponent:63 - No mode defined for component null
2023-12-01 05:49:30,501 [WARN] ModelIntegratedComponent:63 - No mode defined for component null
2023-12-01 05:49:30,501 [WARN] ModelIntegratedComponent:63 - No mode defined for component null
2023-12-01 05:49:30,501 [WARN] ModelIntegratedComponent:63 - No mode defined for component null
2023-12-01 05:49:30,501 [WARN] ModelIntegratedComponent:63 - No mode defined for component null
2023-12-01 05:49:30,501 [WARN] ModelIntegratedComponent:63 - No mode defined for component null
2023-12-01 05:49:30,501 [WARN] ModelIntegratedComponent:63 - No mode defined for component null
2023-12-01 05:49:30,502 [WARN] ModelIntegratedComponent:63 - No mode defined for component null
2023-12-01 05:49:30,502 [WARN] ModelIntegratedComponent:63 - No mode defined for component null
2023-12-01 05:49:30,502 [WARN] ModelIntegratedComponent:63 - No mode defined for component null
2023-12-01 05:49:30,502 [WARN] ModelIntegratedComponent:63 - No mode defined for component null
2023-12-01 05:49:30,502 [WARN] ModelIntegratedComponent:63 - No mode defined for component null
2023-12-01 05:49:30,502 [WARN] ModelIntegratedComponent:63 - No mode defined for component null
2023-12-01 05:49:30,502 [WARN] ModelIntegratedComponent:63 - No mode defined for component null
2023-12-01 05:49:30,502 [WARN] ModelIntegratedComponent:63 - No mode defined for component null
2023-12-01 05:49:30,502 [WARN] ModelIntegratedComponent:63 - No mode defined for component null
2023-12-01 05:49:30,502 [WARN] ModelIntegratedComponent:63 - No mode defined for component null
2023-12-01 05:49:30,502 [WARN] ModelIntegratedComponent:63 - No mode defined for component null
2023-12-01 05:49:30,502 [WARN] ModelIntegratedComponent:63 - No mode defined for component null
2023-12-01 05:49:30,502 [WARN] ModelIntegratedComponent:63 - No mode defined for component null
2023-12-01 05:49:30,502 [WARN] ModelIntegratedComponent:63 - No mode defined for component null
2023-12-01 05:49:30,902 [INFO] ThirdPartyModel:298 - Start build external matchings
2023-12-01 05:49:31,358 [INFO] ThirdPartyModel:316 - End build external matchings
2023-12-01 05:49:31,365 [INFO] ImportTextPane:194 - (OptionalMessage_ERROR) IP (ETH) : Invalid parameter (PHY_Name)
2023-12-01 05:49:31,365 [INFO] ImportTextPane:194 - (OptionalMessage_ERROR) IP (ETH) : Invalid parameter (PHY_Value)
2023-12-01 05:49:31,365 [INFO] ImportTextPane:194 - (OptionalMessage_ERROR) IP (ETH) : Invalid parameter (PhyAddress)
2023-12-01 05:49:31,366 [INFO] ImportTextPane:194 - (OptionalMessage_ERROR) IP (RCC) : Invalid parameter (ADC12outputFreq_Value)
2023-12-01 05:49:31,366 [INFO] ImportTextPane:194 - (OptionalMessage_ERROR) IP (RCC) : Invalid parameter (ADC34outputFreq_Value)
2023-12-01 05:49:31,366 [INFO] ImportTextPane:194 - (OptionalMessage_ERROR) IP (RCC) : Invalid parameter (FamilyName)
2023-12-01 05:49:31,366 [INFO] ImportTextPane:194 - (OptionalMessage_ERROR) IP (RCC) : Invalid parameter (I2C1Freq_Value)
2023-12-01 05:49:31,366 [INFO] ImportTextPane:194 - (OptionalMessage_ERROR) IP (RCC) : Invalid parameter (I2C2Freq_Value)
2023-12-01 05:49:31,366 [INFO] ImportTextPane:194 - (OptionalMessage_ERROR) IP (RCC) : Invalid parameter (I2C3Freq_Value)
2023-12-01 05:49:31,366 [INFO] ImportTextPane:194 - (OptionalMessage_ERROR) IP (RCC) : Parameter (MCO2PinFreq_Value) has invalid value (168000000)
2023-12-01 05:49:31,366 [INFO] ImportTextPane:194 - (OptionalMessage_ERROR) IP (RCC) : Invalid parameter (MCOFreq_Value)
2023-12-01 05:49:31,366 [INFO] ImportTextPane:194 - (OptionalMessage_ERROR) IP (RCC) : Invalid parameter (PLLMCOFreq_Value)
2023-12-01 05:49:31,366 [INFO] ImportTextPane:194 - (OptionalMessage_ERROR) IP (RCC) : Invalid parameter (PLLMUL)
2023-12-01 05:49:31,366 [INFO] ImportTextPane:194 - (OptionalMessage_ERROR) IP (RCC) : Invalid parameter (PRESCALERUSB)
2023-12-01 05:49:31,367 [INFO] ImportTextPane:194 - (OptionalMessage_ERROR) IP (RCC) : Parameter (RTCHSEDivFreq_Value) has invalid value (4000000)
2023-12-01 05:49:31,367 [INFO] ImportTextPane:194 - (OptionalMessage_ERROR) IP (RCC) : Invalid parameter (SYSCLKSourceVirtual)
2023-12-01 05:49:31,367 [INFO] ImportTextPane:194 - (OptionalMessage_ERROR) IP (RCC) : Invalid parameter (TIM15Freq_Value)
2023-12-01 05:49:31,367 [INFO] ImportTextPane:194 - (OptionalMessage_ERROR) IP (RCC) : Invalid parameter (TIM16Freq_Value)
2023-12-01 05:49:31,367 [INFO] ImportTextPane:194 - (OptionalMessage_ERROR) IP (RCC) : Invalid parameter (TIM17Freq_Value)
2023-12-01 05:49:31,367 [INFO] ImportTextPane:194 - (OptionalMessage_ERROR) IP (RCC) : Invalid parameter (TIM1Freq_Value)
2023-12-01 05:49:31,367 [INFO] ImportTextPane:194 - (OptionalMessage_ERROR) IP (RCC) : Invalid parameter (TIM20Freq_Value)
2023-12-01 05:49:31,367 [INFO] ImportTextPane:194 - (OptionalMessage_ERROR) IP (RCC) : Invalid parameter (TIM2Freq_Value)
2023-12-01 05:49:31,367 [INFO] ImportTextPane:194 - (OptionalMessage_ERROR) IP (RCC) : Invalid parameter (TIM3Freq_Value)
2023-12-01 05:49:31,367 [INFO] ImportTextPane:194 - (OptionalMessage_ERROR) IP (RCC) : Invalid parameter (TIM8Freq_Value)
2023-12-01 05:49:31,367 [INFO] ImportTextPane:194 - (OptionalMessage_ERROR) IP (RCC) : Invalid parameter (UART4Freq_Value)
2023-12-01 05:49:31,367 [INFO] ImportTextPane:194 - (OptionalMessage_ERROR) IP (RCC) : Invalid parameter (UART5Freq_Value)
2023-12-01 05:49:31,367 [INFO] ImportTextPane:194 - (OptionalMessage_ERROR) IP (RCC) : Invalid parameter (USART1Freq_Value)
2023-12-01 05:49:31,367 [INFO] ImportTextPane:194 - (OptionalMessage_ERROR) IP (RCC) : Invalid parameter (USART2Freq_Value)
2023-12-01 05:49:31,367 [INFO] ImportTextPane:194 - (OptionalMessage_ERROR) IP (RCC) : Invalid parameter (USART3Freq_Value)
2023-12-01 05:49:31,367 [INFO] ImportTextPane:194 - (OptionalMessage_ERROR) IP (RCC) : Invalid parameter (USBFreq_Value)
2023-12-01 05:49:31,367 [INFO] ImportTextPane:194 - (OptionalMessage_ERROR) IP (RCC) : Invalid parameter (VCOOutput2Freq_Value)
2023-12-01 05:49:31,649 [INFO] UtilMem:75 - End LoadConfig() Used Memory: 835247152 Bytes (1073741824)
2023-12-01 05:49:31,674 [WARN] ThirdParty:833 - waiting for thirdparty lock release [change project]
2023-12-01 05:49:31,674 [INFO] ThirdParty:835 - entering critical section [change project]
2023-12-01 05:49:31,674 [INFO] ThirdParty:1030 - CMSIS Pack Vendor :STMicroelectronics X-CUBE-ISPU 1.1.0
2023-12-01 05:49:31,674 [INFO] ThirdParty:1030 - CMSIS Pack Vendor :STMicroelectronics USBPD 4.1
2023-12-01 05:49:31,674 [INFO] ThirdParty:1030 - CMSIS Pack Vendor :STMicroelectronics X-CUBE-GNSS1 6.0.0
2023-12-01 05:49:31,674 [INFO] ThirdParty:1030 - CMSIS Pack Vendor :STMicroelectronics USB_HOST 2.0.0
2023-12-01 05:49:31,675 [INFO] ThirdParty:1030 - CMSIS Pack Vendor :STMicroelectronics X-CUBE-AZRTOS-F4 1.1.0
2023-12-01 05:49:31,675 [INFO] ThirdParty:1030 - CMSIS Pack Vendor :STMicroelectronics LIBJPEG 8.0.0
2023-12-01 05:49:31,675 [INFO] ThirdParty:1030 - CMSIS Pack Vendor :wolfSSL I-CUBE-wolfSSL 5.6.3
2023-12-01 05:49:31,675 [INFO] ThirdParty:1030 - CMSIS Pack Vendor :STMicroelectronics X-CUBE-SMBUS 2.1.0
2023-12-01 05:49:31,675 [INFO] ThirdParty:1030 - CMSIS Pack Vendor :STMicroelectronics USB_DEVICE 3.0.0
2023-12-01 05:49:31,675 [INFO] ThirdParty:1030 - CMSIS Pack Vendor :STMicroelectronics X-CUBE-AZRTOS-WB 2.0.0
2023-12-01 05:49:31,675 [INFO] ThirdParty:1030 - CMSIS Pack Vendor :STMicroelectronics X-CUBE-AZRTOS-F7 1.1.0
2023-12-01 05:49:31,675 [INFO] ThirdParty:1030 - CMSIS Pack Vendor :STMicroelectronics X-CUBE-AZRTOS-L5 2.0.0
2023-12-01 05:49:31,675 [INFO] ThirdParty:1030 - CMSIS Pack Vendor :STMicroelectronics USB_DEVICE 2.0.0
2023-12-01 05:49:31,675 [INFO] ThirdParty:1030 - CMSIS Pack Vendor :STMicroelectronics X-CUBE-EEPRMA1 4.2.0
2023-12-01 05:49:31,675 [INFO] ThirdParty:1030 - CMSIS Pack Vendor :ITTIA_DB I-CUBE-ITTIADB 8.8.0
2023-12-01 05:49:31,675 [INFO] ThirdParty:1030 - CMSIS Pack Vendor :STMicroelectronics FP-SNS-MOTENV1 4.3.2
2023-12-01 05:49:31,675 [INFO] ThirdParty:1030 - CMSIS Pack Vendor :STMicroelectronics X-CUBE-ALGOBUILD 1.3.0
2023-12-01 05:49:31,675 [INFO] ThirdParty:1030 - CMSIS Pack Vendor :STMicroelectronics FreeRTOS 0.0.1
2023-12-01 05:49:31,675 [INFO] ThirdParty:1030 - CMSIS Pack Vendor :STMicroelectronics X-CUBE-AZRTOS-G0 1.1.0
2023-12-01 05:49:31,675 [INFO] ThirdParty:1030 - CMSIS Pack Vendor :STMicroelectronics X-CUBE-BLEMGR 2.0.0
2023-12-01 05:49:31,675 [INFO] ThirdParty:1030 - CMSIS Pack Vendor :STMicroelectronics X-CUBE-NFC4 3.0.0
2023-12-01 05:49:31,675 [INFO] ThirdParty:1030 - CMSIS Pack Vendor :STMicroelectronics X-CUBE-SUBG2 5.0.0
2023-12-01 05:49:31,675 [INFO] ThirdParty:1030 - CMSIS Pack Vendor :STMicroelectronics STM32_WPAN 1.0.0
2023-12-01 05:49:31,675 [INFO] ThirdParty:1030 - CMSIS Pack Vendor :STMicroelectronics lwIP 2.0.3
2023-12-01 05:49:31,675 [INFO] ThirdParty:1030 - CMSIS Pack Vendor :STMicroelectronics FP-SNS-FLIGHT1 5.0.2
2023-12-01 05:49:31,675 [INFO] ThirdParty:1030 - CMSIS Pack Vendor :STMicroelectronics USB_HOST 1.0.0
2023-12-01 05:49:31,675 [INFO] ThirdParty:1030 - CMSIS Pack Vendor :STMicroelectronics X-CUBE-TOF1 3.3.1
2023-12-01 05:49:31,675 [INFO] ThirdParty:1030 - CMSIS Pack Vendor :STMicroelectronics X-CUBE-AZRTOS-G4 2.0.0
2023-12-01 05:49:31,675 [INFO] ThirdParty:1030 - CMSIS Pack Vendor :STMicroelectronics PDM2PCM 3.1.0
2023-12-01 05:49:31,675 [INFO] ThirdParty:1030 - CMSIS Pack Vendor :STMicroelectronics X-CUBE-AZRTOS-H7 3.1.0
2023-12-01 05:49:31,675 [INFO] ThirdParty:1030 - CMSIS Pack Vendor :Infineon AIROC-Wi-Fi-Bluetooth-STM32 1.5.1
2023-12-01 05:49:31,675 [INFO] ThirdParty:1030 - CMSIS Pack Vendor :STMicroelectronics X-CUBE-BLEMGR 3.0.0
2023-12-01 05:49:31,676 [INFO] ThirdParty:1030 - CMSIS Pack Vendor :STMicroelectronics PDM2PCM 3.3.0
2023-12-01 05:49:31,676 [INFO] ThirdParty:1030 - CMSIS Pack Vendor :STMicroelectronics X-CUBE-DISPLAY 3.0.0
2023-12-01 05:49:31,676 [INFO] ThirdParty:1030 - CMSIS Pack Vendor :STMicroelectronics FP-SNS-MOTENVWB1 1.3.0
2023-12-01 05:49:31,676 [INFO] ThirdParty:1030 - CMSIS Pack Vendor :STMicroelectronics FP-SNS-MOTENVWB1 1.3.1
2023-12-01 05:49:31,676 [INFO] ThirdParty:1030 - CMSIS Pack Vendor :STMicroelectronics X-CUBE-BLE1 7.0.0
2023-12-01 05:49:31,676 [INFO] ThirdParty:1030 - CMSIS Pack Vendor :STMicroelectronics FP-ATR-SIGFOX1 3.2.0
2023-12-01 05:49:31,676 [INFO] ThirdParty:1030 - CMSIS Pack Vendor :STMicroelectronics HAL Drivers 0.0.0
2023-12-01 05:49:31,676 [INFO] ThirdParty:1030 - CMSIS Pack Vendor :STMicroelectronics MBEDTLS 2.16.2
2023-12-01 05:49:31,676 [INFO] ThirdParty:1030 - CMSIS Pack Vendor :emotas I-CUBE-CANOPEN 1.3.0
2023-12-01 05:49:31,676 [INFO] ThirdParty:1030 - CMSIS Pack Vendor :STMicroelectronics X-CUBE-MEMS1 10.0.0
2023-12-01 05:49:31,676 [INFO] ThirdParty:1030 - CMSIS Pack Vendor :STMicroelectronics X-CUBE-FREERTOS 1.1.0
2023-12-01 05:49:31,676 [INFO] ThirdParty:1030 - CMSIS Pack Vendor :STMicroelectronics X-CUBE-NFC7 1.0.1
2023-12-01 05:49:31,676 [INFO] ThirdParty:1030 - CMSIS Pack Vendor :STMicroelectronics MBEDTLS 2.14.1
2023-12-01 05:49:31,676 [INFO] ThirdParty:1030 - CMSIS Pack Vendor :STMicroelectronics X-CUBE-TOUCHGFX 4.22.1
2023-12-01 05:49:31,676 [INFO] ThirdParty:1030 - CMSIS Pack Vendor :STMicroelectronics X-CUBE-NFC6 3.0.0
2023-12-01 05:49:31,676 [INFO] ThirdParty:1030 - CMSIS Pack Vendor :portGmbH I-Cube-SoM-uGOAL 1.1.0
2023-12-01 05:49:31,676 [INFO] ThirdParty:1030 - CMSIS Pack Vendor :STMicroelectronics X-CUBE-ALS 1.0.1
2023-12-01 05:49:31,676 [INFO] ThirdParty:1030 - CMSIS Pack Vendor :STMicroelectronics ThreadX 1.0.0
2023-12-01 05:49:31,676 [INFO] ThirdParty:1030 - CMSIS Pack Vendor :STMicroelectronics FP-SNS-SMARTAG2 1.2.0
2023-12-01 05:49:31,676 [INFO] ThirdParty:1030 - CMSIS Pack Vendor :STMicroelectronics X-CUBE-AZRTOS-WL 2.0.0
2023-12-01 05:49:31,676 [INFO] ThirdParty:1030 - CMSIS Pack Vendor :STMicroelectronics USB_DEVICE 1.0.0
2023-12-01 05:49:31,676 [INFO] ThirdParty:1030 - CMSIS Pack Vendor :STMicroelectronics X-CUBE-AI 8.1.0
2023-12-01 05:49:31,676 [INFO] ThirdParty:1030 - CMSIS Pack Vendor :STMicroelectronics X-CUBE-AZRTOS-L4 2.0.0
2023-12-01 05:49:31,676 [INFO] ThirdParty:1030 - CMSIS Pack Vendor :STMicroelectronics ThreadX 0.0.2
2023-12-01 05:49:31,676 [INFO] ThirdParty:1030 - CMSIS Pack Vendor :WES I-CUBE-Cesium 1.3.0
2023-12-01 05:49:31,676 [INFO] ThirdParty:1030 - CMSIS Pack Vendor :STMicroelectronics FP-ATR-ASTRA1 2.0.0
2023-12-01 05:49:31,676 [INFO] ThirdParty:1030 - CMSIS Pack Vendor :STMicroelectronics lwIP 2.1.2
2023-12-01 05:49:31,677 [INFO] ThirdParty:1030 - CMSIS Pack Vendor :STMicroelectronics X-CUBE-SFXS2LP1 4.0.0
2023-12-01 05:49:31,677 [INFO] ThirdParty:1030 - CMSIS Pack Vendor :STMicroelectronics X-CUBE-BLE2 3.3.0
2023-12-01 05:49:31,677 [INFO] ThirdParty:1030 - CMSIS Pack Vendor :STMicroelectronics X-CUBE-TOF1 3.4.0
2023-12-01 05:49:31,677 [INFO] ThirdParty:1030 - CMSIS Pack Vendor :STMicroelectronics PDM2PCM 3.2.0
2023-12-01 05:49:31,677 [INFO] ThirdParty:841 - exiting critical section [change project]
2023-12-01 05:49:32,206 [INFO] PinOutPanel:1499 - setPackage(No Configuration,No Configuration)
2023-12-01 05:49:32,207 [INFO] PinOutPanel:1499 - setPackage(STM32F439ZITx,LQFP144)
2023-12-01 05:49:32,567 [INFO] UtilMem:75 - Before build in PCC Used Memory: 785510216 Bytes (1073741824)
2023-12-01 05:49:32,821 [INFO] UtilMem:75 - After build in PCC Used Memory: 833222472 Bytes (1073741824)
2023-12-01 05:49:32,852 [INFO] IPUIPlugin:80 - create IPUIPlugin
2023-12-01 05:49:32,852 [INFO] IPUIPlugin:80 - create IPUIPlugin
2023-12-01 05:49:32,852 [INFO] IPUIPlugin:80 - create IPUIPlugin
2023-12-01 05:49:32,852 [INFO] IPUIPlugin:80 - create IPUIPlugin
2023-12-01 05:49:32,852 [INFO] IPUIPlugin:80 - create IPUIPlugin
2023-12-01 05:49:32,853 [INFO] IPUIPlugin:80 - create IPUIPlugin
2023-12-01 05:49:32,853 [INFO] IPUIPlugin:80 - create IPUIPlugin
2023-12-01 05:49:32,853 [INFO] IPUIPlugin:80 - create IPUIPlugin
2023-12-01 05:49:32,853 [INFO] IPUIPlugin:80 - create IPUIPlugin
2023-12-01 05:49:32,853 [INFO] IPUIPlugin:80 - create IPUIPlugin
2023-12-01 05:49:32,853 [INFO] IPUIPlugin:80 - create IPUIPlugin
2023-12-01 05:49:32,853 [INFO] IPUIPlugin:80 - create IPUIPlugin
2023-12-01 05:49:32,854 [INFO] IPUIPlugin:80 - create IPUIPlugin
2023-12-01 05:49:32,854 [INFO] IPUIPlugin:80 - create IPUIPlugin
2023-12-01 05:49:32,854 [INFO] IPUIPlugin:80 - create IPUIPlugin
2023-12-01 05:49:32,854 [INFO] IPUIPlugin:80 - create IPUIPlugin
2023-12-01 05:49:32,854 [INFO] IPUIPlugin:80 - create IPUIPlugin
2023-12-01 05:49:32,854 [INFO] IPUIPlugin:80 - create IPUIPlugin
2023-12-01 05:49:32,854 [INFO] IPUIPlugin:80 - create IPUIPlugin
2023-12-01 05:49:32,854 [INFO] IPUIPlugin:80 - create IPUIPlugin
2023-12-01 05:49:32,854 [INFO] IPUIPlugin:80 - create IPUIPlugin
2023-12-01 05:49:32,854 [INFO] IPUIPlugin:80 - create IPUIPlugin
2023-12-01 05:49:32,855 [INFO] IPUIPlugin:80 - create IPUIPlugin
2023-12-01 05:49:32,855 [INFO] IPUIPlugin:80 - create IPUIPlugin
2023-12-01 05:49:32,855 [INFO] IPUIPlugin:80 - create IPUIPlugin
2023-12-01 05:49:32,855 [INFO] IPUIPlugin:80 - create IPUIPlugin
2023-12-01 05:49:32,855 [INFO] IPUIPlugin:80 - create IPUIPlugin
2023-12-01 05:49:32,856 [INFO] IPUIPlugin:80 - create IPUIPlugin
2023-12-01 05:49:32,856 [INFO] IPUIPlugin:80 - create IPUIPlugin
2023-12-01 05:49:32,856 [INFO] IPUIPlugin:80 - create IPUIPlugin
2023-12-01 05:49:32,856 [INFO] IPUIPlugin:80 - create IPUIPlugin
2023-12-01 05:49:32,857 [INFO] IPUIPlugin:80 - create IPUIPlugin
2023-12-01 05:49:32,857 [INFO] IPUIPlugin:80 - create IPUIPlugin
2023-12-01 05:49:32,857 [INFO] IPUIPlugin:80 - create IPUIPlugin
2023-12-01 05:49:32,857 [INFO] IPUIPlugin:80 - create IPUIPlugin
2023-12-01 05:49:32,858 [INFO] IPUIPlugin:80 - create IPUIPlugin
2023-12-01 05:49:32,858 [INFO] IPUIPlugin:80 - create IPUIPlugin
2023-12-01 05:49:32,858 [INFO] IPUIPlugin:80 - create IPUIPlugin
2023-12-01 05:49:32,858 [INFO] IPUIPlugin:80 - create IPUIPlugin
2023-12-01 05:49:32,859 [INFO] IPUIPlugin:80 - create IPUIPlugin
2023-12-01 05:49:32,859 [INFO] IPUIPlugin:80 - create IPUIPlugin
2023-12-01 05:49:32,859 [INFO] IPUIPlugin:80 - create IPUIPlugin
2023-12-01 05:49:32,859 [INFO] IPUIPlugin:80 - create IPUIPlugin
2023-12-01 05:49:32,860 [INFO] IPUIPlugin:80 - create IPUIPlugin
2023-12-01 05:49:32,860 [INFO] IPUIPlugin:80 - create IPUIPlugin
2023-12-01 05:49:32,860 [INFO] IPUIPlugin:80 - create IPUIPlugin
2023-12-01 05:49:32,860 [INFO] IPUIPlugin:80 - create IPUIPlugin
2023-12-01 05:49:32,861 [INFO] IPUIPlugin:80 - create IPUIPlugin
2023-12-01 05:49:32,861 [INFO] IPUIPlugin:80 - create IPUIPlugin
2023-12-01 05:49:32,861 [INFO] IPUIPlugin:80 - create IPUIPlugin
2023-12-01 05:49:32,861 [INFO] IPUIPlugin:80 - create IPUIPlugin
2023-12-01 05:49:32,862 [INFO] IPUIPlugin:80 - create IPUIPlugin
2023-12-01 05:49:32,862 [INFO] IPUIPlugin:80 - create IPUIPlugin
2023-12-01 05:49:32,862 [INFO] IPUIPlugin:80 - create IPUIPlugin
2023-12-01 05:49:32,862 [INFO] IPUIPlugin:80 - create IPUIPlugin
2023-12-01 05:49:32,863 [INFO] IPUIPlugin:80 - create IPUIPlugin
2023-12-01 05:49:32,863 [INFO] IPUIPlugin:80 - create IPUIPlugin
2023-12-01 05:49:32,863 [INFO] IPUIPlugin:80 - create IPUIPlugin
2023-12-01 05:49:32,863 [INFO] IPUIPlugin:80 - create IPUIPlugin
2023-12-01 05:49:32,864 [INFO] IPUIPlugin:80 - create IPUIPlugin
2023-12-01 05:49:32,864 [INFO] IPUIPlugin:80 - create IPUIPlugin
2023-12-01 05:49:32,864 [INFO] IPUIPlugin:80 - create IPUIPlugin
2023-12-01 05:49:32,865 [INFO] IPUIPlugin:80 - create IPUIPlugin
2023-12-01 05:49:32,865 [INFO] IPUIPlugin:80 - create IPUIPlugin
2023-12-01 05:49:32,866 [INFO] IPUIPlugin:80 - create IPUIPlugin
2023-12-01 05:49:32,866 [INFO] IPUIPlugin:80 - create IPUIPlugin
2023-12-01 05:49:32,867 [INFO] IPUIPlugin:80 - create IPUIPlugin
2023-12-01 05:49:32,867 [INFO] IPUIPlugin:80 - create IPUIPlugin
2023-12-01 05:49:32,871 [INFO] ApiDbMcu:507 - Load IP Config File for PDM2PCM
2023-12-01 05:49:32,943 [INFO] CADModel:165 - CPN selected for project levelSTM32F439ZIT6
2023-12-01 05:49:32,943 [INFO] CADModel:114 - Register for checkConnection events
2023-12-01 05:49:32,983 [INFO] OpenFileManager:328 - Restore cursor
2023-12-01 05:49:32,989 [INFO] ApiDb:581 - Connected to CubeFinder SQLite database (/home/cbiale/.stmcufinder/plugins/mcufinder/mcu/cube-finder-db.db)
2023-12-01 05:50:27,397 [INFO] NvicIntPanel:101 - NVIC parent = com.st.microxplorer.plugins.ip.nvic.MultiNvicIntPanel[,0,0,0x0,invalid,layout=javax.swing.BoxLayout,alignmentX=0.0,alignmentY=0.0,border=,flags=9,maximumSize=,minimumSize=,preferredSize=]
2023-12-01 05:52:45,058 [INFO] NvicIntPanel:101 - NVIC parent = com.st.microxplorer.plugins.ip.nvic.MultiNvicIntPanel[,0,0,0x0,invalid,layout=javax.swing.BoxLayout,alignmentX=0.0,alignmentY=0.0,border=,flags=9,maximumSize=,minimumSize=,preferredSize=]
2023-12-01 05:53:27,422 [INFO] Gpio:273 - dependency for GPIO [ETH, I2C1, RCC, SYS, USART3, USB_OTG_FS]
2023-12-01 05:53:35,061 [INFO] Gpio:273 - dependency for GPIO [ETH, RCC, SYS, USART3, USB_OTG_FS]
2023-12-01 05:53:35,110 [INFO] NvicIntPanel:101 - NVIC parent = com.st.microxplorer.plugins.ip.nvic.MultiNvicIntPanel[,0,0,0x0,invalid,layout=javax.swing.BoxLayout,alignmentX=0.0,alignmentY=0.0,border=,flags=9,maximumSize=,minimumSize=,preferredSize=]
2023-12-01 05:53:35,221 [INFO] Gpio:273 - dependency for GPIO [ETH, RCC, SYS, USART3, USB_OTG_FS]
2023-12-01 05:53:35,277 [INFO] NvicIntPanel:101 - NVIC parent = com.st.microxplorer.plugins.ip.nvic.MultiNvicIntPanel[,0,0,0x0,invalid,layout=javax.swing.BoxLayout,alignmentX=0.0,alignmentY=0.0,border=,flags=9,maximumSize=,minimumSize=,preferredSize=]
2023-12-01 05:54:02,287 [INFO] Gpio:273 - dependency for GPIO [ETH, RCC, SYS, USART3, USB_OTG_FS]
2023-12-01 05:54:02,383 [INFO] Gpio:273 - dependency for GPIO [ETH, RCC, SYS, USART3, USB_OTG_FS]
2023-12-01 05:54:26,882 [INFO] MainUpdater:2868 - connection check result : 10
2023-12-01 05:54:26,882 [INFO] MainUpdater:2868 - connection check result : 10
2023-12-01 05:54:26,938 [INFO] MicroXplorer:468 - Change Database Path : 
2023-12-01 05:54:26,939 [INFO] MicroXplorer:498 - Change Database Version : DB.6.0.92
2023-12-01 05:54:26,969 [WARN] ThirdParty:871 - waiting for thirdparty lock release [close project]
2023-12-01 05:54:26,970 [INFO] ThirdParty:873 - entering critical section [close project]
2023-12-01 05:54:26,970 [INFO] ThirdParty:883 - exiting critical section [close project]
2023-12-01 05:54:26,974 [INFO] PinOutPanel:1499 - setPackage(No Configuration,No Configuration)
2023-12-01 05:54:26,980 [WARN] IpParametersView:151 - Warning: This peripheral hasn't parameters
2023-12-01 05:54:26,983 [WARN] MainPanel:272 - <html><b><center>Warning: This peripheral has no parameters to be configured<br></b></html>
2023-12-01 05:54:26,986 [INFO] UtilMem:75 - Begin LoadConfig() Used Memory: 681711776 Bytes (1073741824)
2023-12-01 05:54:26,987 [INFO] MicroXplorer:468 - Change Database Path : 
2023-12-01 05:54:26,987 [INFO] MicroXplorer:498 - Change Database Version : DB.6.0.92
2023-12-01 05:54:26,987 [INFO] OpenFileManager:308 - Change cursor
2023-12-01 05:54:27,000 [INFO] Mcu:1946 - Initializing MCU STM32F439Z(G-I)Tx STM32F439ZITx STM32F439ZIT6
2023-12-01 05:54:28,464 [INFO] Context:659 - Trying to add GPIOservice into a context  which must be forbidden
2023-12-01 05:54:28,749 [INFO] RtosManager:555 - Registered RTOS mode: class=CMSIS, group=RTOS, mode=CMSIS_V1, owner=FREERTOS
2023-12-01 05:54:28,749 [INFO] RtosManager:555 - Registered RTOS mode: class=CMSIS, group=RTOS2, mode=CMSIS_V2, owner=FREERTOS
2023-12-01 05:54:28,749 [INFO] RtosManager:555 - Registered RTOS mode: class=RTOS, group=Core, mode=CMSIS_V1, owner=FREERTOS
2023-12-01 05:54:28,749 [INFO] RtosManager:555 - Registered RTOS mode: class=RTOS, group=Core, mode=CMSIS_V2, owner=FREERTOS
2023-12-01 05:54:28,749 [WARN] ModelIntegratedComponent:184 - Missing modes for component STMicroelectronics:FreeRTOS:0.0.1:STMicroelectronics:RTOS:FreeRTOS:Core:::10.2.0:
2023-12-01 05:54:28,757 [WARN] ModelIntegratedComponent:63 - No mode defined for component null
2023-12-01 05:54:28,757 [WARN] ModelIntegratedComponent:63 - No mode defined for component null
2023-12-01 05:54:28,757 [WARN] ModelIntegratedComponent:63 - No mode defined for component null
2023-12-01 05:54:28,757 [WARN] ModelIntegratedComponent:63 - No mode defined for component null
2023-12-01 05:54:28,757 [WARN] ModelIntegratedComponent:63 - No mode defined for component null
2023-12-01 05:54:28,757 [WARN] ModelIntegratedComponent:63 - No mode defined for component null
2023-12-01 05:54:28,757 [WARN] ModelIntegratedComponent:63 - No mode defined for component null
2023-12-01 05:54:28,758 [WARN] ModelIntegratedComponent:63 - No mode defined for component null
2023-12-01 05:54:28,758 [WARN] ModelIntegratedComponent:63 - No mode defined for component null
2023-12-01 05:54:28,758 [WARN] ModelIntegratedComponent:63 - No mode defined for component null
2023-12-01 05:54:28,758 [WARN] ModelIntegratedComponent:63 - No mode defined for component null
2023-12-01 05:54:28,758 [WARN] ModelIntegratedComponent:63 - No mode defined for component null
2023-12-01 05:54:28,758 [WARN] ModelIntegratedComponent:63 - No mode defined for component null
2023-12-01 05:54:28,758 [WARN] ModelIntegratedComponent:63 - No mode defined for component null
2023-12-01 05:54:28,758 [WARN] ModelIntegratedComponent:63 - No mode defined for component null
2023-12-01 05:54:28,758 [WARN] ModelIntegratedComponent:63 - No mode defined for component null
2023-12-01 05:54:28,758 [WARN] ModelIntegratedComponent:63 - No mode defined for component null
2023-12-01 05:54:28,758 [WARN] ModelIntegratedComponent:63 - No mode defined for component null
2023-12-01 05:54:28,758 [WARN] ModelIntegratedComponent:63 - No mode defined for component null
2023-12-01 05:54:28,758 [WARN] ModelIntegratedComponent:63 - No mode defined for component null
2023-12-01 05:54:28,758 [WARN] ModelIntegratedComponent:63 - No mode defined for component null
2023-12-01 05:54:28,758 [WARN] ModelIntegratedComponent:63 - No mode defined for component null
2023-12-01 05:54:28,758 [WARN] ModelIntegratedComponent:63 - No mode defined for component null
2023-12-01 05:54:28,758 [WARN] ModelIntegratedComponent:63 - No mode defined for component null
2023-12-01 05:54:28,758 [WARN] ModelIntegratedComponent:63 - No mode defined for component null
2023-12-01 05:54:28,758 [WARN] ModelIntegratedComponent:63 - No mode defined for component null
2023-12-01 05:54:28,758 [WARN] ModelIntegratedComponent:63 - No mode defined for component null
2023-12-01 05:54:28,758 [WARN] ModelIntegratedComponent:63 - No mode defined for component null
2023-12-01 05:54:28,758 [WARN] ModelIntegratedComponent:63 - No mode defined for component null
2023-12-01 05:54:28,758 [WARN] ModelIntegratedComponent:63 - No mode defined for component null
2023-12-01 05:54:28,758 [WARN] ModelIntegratedComponent:63 - No mode defined for component null
2023-12-01 05:54:28,758 [WARN] ModelIntegratedComponent:63 - No mode defined for component null
2023-12-01 05:54:28,758 [WARN] ModelIntegratedComponent:63 - No mode defined for component null
2023-12-01 05:54:28,919 [INFO] ThirdPartyModel:298 - Start build external matchings
2023-12-01 05:54:29,383 [INFO] ThirdPartyModel:316 - End build external matchings
2023-12-01 05:54:29,390 [INFO] ImportTextPane:194 - (OptionalMessage_ERROR) IP (ETH) : Invalid parameter (PHY_Name)
2023-12-01 05:54:29,390 [INFO] ImportTextPane:194 - (OptionalMessage_ERROR) IP (ETH) : Invalid parameter (PHY_Value)
2023-12-01 05:54:29,390 [INFO] ImportTextPane:194 - (OptionalMessage_ERROR) IP (ETH) : Invalid parameter (PhyAddress)
2023-12-01 05:54:29,391 [INFO] ImportTextPane:194 - (OptionalMessage_ERROR) IP (RCC) : Invalid parameter (ADC12outputFreq_Value)
2023-12-01 05:54:29,391 [INFO] ImportTextPane:194 - (OptionalMessage_ERROR) IP (RCC) : Invalid parameter (ADC34outputFreq_Value)
2023-12-01 05:54:29,391 [INFO] ImportTextPane:194 - (OptionalMessage_ERROR) IP (RCC) : Invalid parameter (FamilyName)
2023-12-01 05:54:29,391 [INFO] ImportTextPane:194 - (OptionalMessage_ERROR) IP (RCC) : Invalid parameter (I2C1Freq_Value)
2023-12-01 05:54:29,391 [INFO] ImportTextPane:194 - (OptionalMessage_ERROR) IP (RCC) : Invalid parameter (I2C2Freq_Value)
2023-12-01 05:54:29,391 [INFO] ImportTextPane:194 - (OptionalMessage_ERROR) IP (RCC) : Invalid parameter (I2C3Freq_Value)
2023-12-01 05:54:29,391 [INFO] ImportTextPane:194 - (OptionalMessage_ERROR) IP (RCC) : Parameter (MCO2PinFreq_Value) has invalid value (168000000)
2023-12-01 05:54:29,391 [INFO] ImportTextPane:194 - (OptionalMessage_ERROR) IP (RCC) : Invalid parameter (MCOFreq_Value)
2023-12-01 05:54:29,391 [INFO] ImportTextPane:194 - (OptionalMessage_ERROR) IP (RCC) : Invalid parameter (PLLMCOFreq_Value)
2023-12-01 05:54:29,391 [INFO] ImportTextPane:194 - (OptionalMessage_ERROR) IP (RCC) : Invalid parameter (PLLMUL)
2023-12-01 05:54:29,391 [INFO] ImportTextPane:194 - (OptionalMessage_ERROR) IP (RCC) : Invalid parameter (PRESCALERUSB)
2023-12-01 05:54:29,392 [INFO] ImportTextPane:194 - (OptionalMessage_ERROR) IP (RCC) : Parameter (RTCHSEDivFreq_Value) has invalid value (4000000)
2023-12-01 05:54:29,392 [INFO] ImportTextPane:194 - (OptionalMessage_ERROR) IP (RCC) : Invalid parameter (SYSCLKSourceVirtual)
2023-12-01 05:54:29,392 [INFO] ImportTextPane:194 - (OptionalMessage_ERROR) IP (RCC) : Invalid parameter (TIM15Freq_Value)
2023-12-01 05:54:29,392 [INFO] ImportTextPane:194 - (OptionalMessage_ERROR) IP (RCC) : Invalid parameter (TIM16Freq_Value)
2023-12-01 05:54:29,392 [INFO] ImportTextPane:194 - (OptionalMessage_ERROR) IP (RCC) : Invalid parameter (TIM17Freq_Value)
2023-12-01 05:54:29,392 [INFO] ImportTextPane:194 - (OptionalMessage_ERROR) IP (RCC) : Invalid parameter (TIM1Freq_Value)
2023-12-01 05:54:29,392 [INFO] ImportTextPane:194 - (OptionalMessage_ERROR) IP (RCC) : Invalid parameter (TIM20Freq_Value)
2023-12-01 05:54:29,392 [INFO] ImportTextPane:194 - (OptionalMessage_ERROR) IP (RCC) : Invalid parameter (TIM2Freq_Value)
2023-12-01 05:54:29,392 [INFO] ImportTextPane:194 - (OptionalMessage_ERROR) IP (RCC) : Invalid parameter (TIM3Freq_Value)
2023-12-01 05:54:29,392 [INFO] ImportTextPane:194 - (OptionalMessage_ERROR) IP (RCC) : Invalid parameter (TIM8Freq_Value)
2023-12-01 05:54:29,392 [INFO] ImportTextPane:194 - (OptionalMessage_ERROR) IP (RCC) : Invalid parameter (UART4Freq_Value)
2023-12-01 05:54:29,392 [INFO] ImportTextPane:194 - (OptionalMessage_ERROR) IP (RCC) : Invalid parameter (UART5Freq_Value)
2023-12-01 05:54:29,392 [INFO] ImportTextPane:194 - (OptionalMessage_ERROR) IP (RCC) : Invalid parameter (USART1Freq_Value)
2023-12-01 05:54:29,392 [INFO] ImportTextPane:194 - (OptionalMessage_ERROR) IP (RCC) : Invalid parameter (USART2Freq_Value)
2023-12-01 05:54:29,392 [INFO] ImportTextPane:194 - (OptionalMessage_ERROR) IP (RCC) : Invalid parameter (USART3Freq_Value)
2023-12-01 05:54:29,392 [INFO] ImportTextPane:194 - (OptionalMessage_ERROR) IP (RCC) : Invalid parameter (USBFreq_Value)
2023-12-01 05:54:29,392 [INFO] ImportTextPane:194 - (OptionalMessage_ERROR) IP (RCC) : Invalid parameter (VCOOutput2Freq_Value)
2023-12-01 05:54:29,604 [INFO] UtilMem:75 - End LoadConfig() Used Memory: 905752832 Bytes (1073741824)
2023-12-01 05:54:29,628 [WARN] ThirdParty:833 - waiting for thirdparty lock release [change project]
2023-12-01 05:54:29,628 [INFO] ThirdParty:835 - entering critical section [change project]
2023-12-01 05:54:29,629 [INFO] ThirdParty:1030 - CMSIS Pack Vendor :STMicroelectronics X-CUBE-ISPU 1.1.0
2023-12-01 05:54:29,629 [INFO] ThirdParty:1030 - CMSIS Pack Vendor :STMicroelectronics USBPD 4.1
2023-12-01 05:54:29,629 [INFO] ThirdParty:1030 - CMSIS Pack Vendor :STMicroelectronics X-CUBE-GNSS1 6.0.0
2023-12-01 05:54:29,629 [INFO] ThirdParty:1030 - CMSIS Pack Vendor :STMicroelectronics USB_HOST 2.0.0
2023-12-01 05:54:29,629 [INFO] ThirdParty:1030 - CMSIS Pack Vendor :STMicroelectronics X-CUBE-AZRTOS-F4 1.1.0
2023-12-01 05:54:29,629 [INFO] ThirdParty:1030 - CMSIS Pack Vendor :STMicroelectronics LIBJPEG 8.0.0
2023-12-01 05:54:29,629 [INFO] ThirdParty:1030 - CMSIS Pack Vendor :wolfSSL I-CUBE-wolfSSL 5.6.3
2023-12-01 05:54:29,629 [INFO] ThirdParty:1030 - CMSIS Pack Vendor :STMicroelectronics X-CUBE-SMBUS 2.1.0
2023-12-01 05:54:29,629 [INFO] ThirdParty:1030 - CMSIS Pack Vendor :STMicroelectronics USB_DEVICE 3.0.0
2023-12-01 05:54:29,629 [INFO] ThirdParty:1030 - CMSIS Pack Vendor :STMicroelectronics X-CUBE-AZRTOS-WB 2.0.0
2023-12-01 05:54:29,629 [INFO] ThirdParty:1030 - CMSIS Pack Vendor :STMicroelectronics X-CUBE-AZRTOS-F7 1.1.0
2023-12-01 05:54:29,629 [INFO] ThirdParty:1030 - CMSIS Pack Vendor :STMicroelectronics X-CUBE-AZRTOS-L5 2.0.0
2023-12-01 05:54:29,629 [INFO] ThirdParty:1030 - CMSIS Pack Vendor :STMicroelectronics USB_DEVICE 2.0.0
2023-12-01 05:54:29,629 [INFO] ThirdParty:1030 - CMSIS Pack Vendor :STMicroelectronics X-CUBE-EEPRMA1 4.2.0
2023-12-01 05:54:29,629 [INFO] ThirdParty:1030 - CMSIS Pack Vendor :ITTIA_DB I-CUBE-ITTIADB 8.8.0
2023-12-01 05:54:29,629 [INFO] ThirdParty:1030 - CMSIS Pack Vendor :STMicroelectronics FP-SNS-MOTENV1 4.3.2
2023-12-01 05:54:29,629 [INFO] ThirdParty:1030 - CMSIS Pack Vendor :STMicroelectronics X-CUBE-ALGOBUILD 1.3.0
2023-12-01 05:54:29,629 [INFO] ThirdParty:1030 - CMSIS Pack Vendor :STMicroelectronics FreeRTOS 0.0.1
2023-12-01 05:54:29,629 [INFO] ThirdParty:1030 - CMSIS Pack Vendor :STMicroelectronics X-CUBE-AZRTOS-G0 1.1.0
2023-12-01 05:54:29,629 [INFO] ThirdParty:1030 - CMSIS Pack Vendor :STMicroelectronics X-CUBE-BLEMGR 2.0.0
2023-12-01 05:54:29,629 [INFO] ThirdParty:1030 - CMSIS Pack Vendor :STMicroelectronics X-CUBE-NFC4 3.0.0
2023-12-01 05:54:29,629 [INFO] ThirdParty:1030 - CMSIS Pack Vendor :STMicroelectronics X-CUBE-SUBG2 5.0.0
2023-12-01 05:54:29,629 [INFO] ThirdParty:1030 - CMSIS Pack Vendor :STMicroelectronics STM32_WPAN 1.0.0
2023-12-01 05:54:29,629 [INFO] ThirdParty:1030 - CMSIS Pack Vendor :STMicroelectronics lwIP 2.0.3
2023-12-01 05:54:29,629 [INFO] ThirdParty:1030 - CMSIS Pack Vendor :STMicroelectronics FP-SNS-FLIGHT1 5.0.2
2023-12-01 05:54:29,629 [INFO] ThirdParty:1030 - CMSIS Pack Vendor :STMicroelectronics USB_HOST 1.0.0
2023-12-01 05:54:29,630 [INFO] ThirdParty:1030 - CMSIS Pack Vendor :STMicroelectronics X-CUBE-TOF1 3.3.1
2023-12-01 05:54:29,630 [INFO] ThirdParty:1030 - CMSIS Pack Vendor :STMicroelectronics X-CUBE-AZRTOS-G4 2.0.0
2023-12-01 05:54:29,630 [INFO] ThirdParty:1030 - CMSIS Pack Vendor :STMicroelectronics PDM2PCM 3.1.0
2023-12-01 05:54:29,630 [INFO] ThirdParty:1030 - CMSIS Pack Vendor :STMicroelectronics X-CUBE-AZRTOS-H7 3.1.0
2023-12-01 05:54:29,630 [INFO] ThirdParty:1030 - CMSIS Pack Vendor :Infineon AIROC-Wi-Fi-Bluetooth-STM32 1.5.1
2023-12-01 05:54:29,630 [INFO] ThirdParty:1030 - CMSIS Pack Vendor :STMicroelectronics X-CUBE-BLEMGR 3.0.0
2023-12-01 05:54:29,630 [INFO] ThirdParty:1030 - CMSIS Pack Vendor :STMicroelectronics PDM2PCM 3.3.0
2023-12-01 05:54:29,630 [INFO] ThirdParty:1030 - CMSIS Pack Vendor :STMicroelectronics X-CUBE-DISPLAY 3.0.0
2023-12-01 05:54:29,630 [INFO] ThirdParty:1030 - CMSIS Pack Vendor :STMicroelectronics FP-SNS-MOTENVWB1 1.3.0
2023-12-01 05:54:29,630 [INFO] ThirdParty:1030 - CMSIS Pack Vendor :STMicroelectronics FP-SNS-MOTENVWB1 1.3.1
2023-12-01 05:54:29,630 [INFO] ThirdParty:1030 - CMSIS Pack Vendor :STMicroelectronics X-CUBE-BLE1 7.0.0
2023-12-01 05:54:29,630 [INFO] ThirdParty:1030 - CMSIS Pack Vendor :STMicroelectronics FP-ATR-SIGFOX1 3.2.0
2023-12-01 05:54:29,630 [INFO] ThirdParty:1030 - CMSIS Pack Vendor :STMicroelectronics HAL Drivers 0.0.0
2023-12-01 05:54:29,630 [INFO] ThirdParty:1030 - CMSIS Pack Vendor :STMicroelectronics MBEDTLS 2.16.2
2023-12-01 05:54:29,630 [INFO] ThirdParty:1030 - CMSIS Pack Vendor :emotas I-CUBE-CANOPEN 1.3.0
2023-12-01 05:54:29,630 [INFO] ThirdParty:1030 - CMSIS Pack Vendor :STMicroelectronics X-CUBE-MEMS1 10.0.0
2023-12-01 05:54:29,630 [INFO] ThirdParty:1030 - CMSIS Pack Vendor :STMicroelectronics X-CUBE-FREERTOS 1.1.0
2023-12-01 05:54:29,630 [INFO] ThirdParty:1030 - CMSIS Pack Vendor :STMicroelectronics X-CUBE-NFC7 1.0.1
2023-12-01 05:54:29,630 [INFO] ThirdParty:1030 - CMSIS Pack Vendor :STMicroelectronics MBEDTLS 2.14.1
2023-12-01 05:54:29,630 [INFO] ThirdParty:1030 - CMSIS Pack Vendor :STMicroelectronics X-CUBE-TOUCHGFX 4.22.1
2023-12-01 05:54:29,630 [INFO] ThirdParty:1030 - CMSIS Pack Vendor :STMicroelectronics X-CUBE-NFC6 3.0.0
2023-12-01 05:54:29,630 [INFO] ThirdParty:1030 - CMSIS Pack Vendor :portGmbH I-Cube-SoM-uGOAL 1.1.0
2023-12-01 05:54:29,630 [INFO] ThirdParty:1030 - CMSIS Pack Vendor :STMicroelectronics X-CUBE-ALS 1.0.1
2023-12-01 05:54:29,630 [INFO] ThirdParty:1030 - CMSIS Pack Vendor :STMicroelectronics ThreadX 1.0.0
2023-12-01 05:54:29,631 [INFO] ThirdParty:1030 - CMSIS Pack Vendor :STMicroelectronics FP-SNS-SMARTAG2 1.2.0
2023-12-01 05:54:29,631 [INFO] ThirdParty:1030 - CMSIS Pack Vendor :STMicroelectronics X-CUBE-AZRTOS-WL 2.0.0
2023-12-01 05:54:29,631 [INFO] ThirdParty:1030 - CMSIS Pack Vendor :STMicroelectronics USB_DEVICE 1.0.0
2023-12-01 05:54:29,631 [INFO] ThirdParty:1030 - CMSIS Pack Vendor :STMicroelectronics X-CUBE-AI 8.1.0
2023-12-01 05:54:29,631 [INFO] ThirdParty:1030 - CMSIS Pack Vendor :STMicroelectronics X-CUBE-AZRTOS-L4 2.0.0
2023-12-01 05:54:29,631 [INFO] ThirdParty:1030 - CMSIS Pack Vendor :STMicroelectronics ThreadX 0.0.2
2023-12-01 05:54:29,631 [INFO] ThirdParty:1030 - CMSIS Pack Vendor :WES I-CUBE-Cesium 1.3.0
2023-12-01 05:54:29,631 [INFO] ThirdParty:1030 - CMSIS Pack Vendor :STMicroelectronics FP-ATR-ASTRA1 2.0.0
2023-12-01 05:54:29,631 [INFO] ThirdParty:1030 - CMSIS Pack Vendor :STMicroelectronics lwIP 2.1.2
2023-12-01 05:54:29,631 [INFO] ThirdParty:1030 - CMSIS Pack Vendor :STMicroelectronics X-CUBE-SFXS2LP1 4.0.0
2023-12-01 05:54:29,631 [INFO] ThirdParty:1030 - CMSIS Pack Vendor :STMicroelectronics X-CUBE-BLE2 3.3.0
2023-12-01 05:54:29,631 [INFO] ThirdParty:1030 - CMSIS Pack Vendor :STMicroelectronics X-CUBE-TOF1 3.4.0
2023-12-01 05:54:29,631 [INFO] ThirdParty:1030 - CMSIS Pack Vendor :STMicroelectronics PDM2PCM 3.2.0
2023-12-01 05:54:29,631 [INFO] ThirdParty:841 - exiting critical section [change project]
2023-12-01 05:54:29,964 [INFO] PinOutPanel:1499 - setPackage(No Configuration,No Configuration)
2023-12-01 05:54:29,964 [INFO] PinOutPanel:1499 - setPackage(STM32F439ZITx,LQFP144)
2023-12-01 05:54:30,229 [INFO] UtilMem:75 - Before build in PCC Used Memory: 730351168 Bytes (1073741824)
2023-12-01 05:54:30,406 [INFO] UtilMem:75 - After build in PCC Used Memory: 777537088 Bytes (1073741824)
2023-12-01 05:54:30,433 [INFO] IPUIPlugin:80 - create IPUIPlugin
2023-12-01 05:54:30,433 [INFO] IPUIPlugin:80 - create IPUIPlugin
2023-12-01 05:54:30,434 [INFO] IPUIPlugin:80 - create IPUIPlugin
2023-12-01 05:54:30,434 [INFO] IPUIPlugin:80 - create IPUIPlugin
2023-12-01 05:54:30,434 [INFO] IPUIPlugin:80 - create IPUIPlugin
2023-12-01 05:54:30,434 [INFO] IPUIPlugin:80 - create IPUIPlugin
2023-12-01 05:54:30,434 [INFO] IPUIPlugin:80 - create IPUIPlugin
2023-12-01 05:54:30,434 [INFO] IPUIPlugin:80 - create IPUIPlugin
2023-12-01 05:54:30,434 [INFO] IPUIPlugin:80 - create IPUIPlugin
2023-12-01 05:54:30,434 [INFO] IPUIPlugin:80 - create IPUIPlugin
2023-12-01 05:54:30,435 [INFO] IPUIPlugin:80 - create IPUIPlugin
2023-12-01 05:54:30,435 [INFO] IPUIPlugin:80 - create IPUIPlugin
2023-12-01 05:54:30,435 [INFO] IPUIPlugin:80 - create IPUIPlugin
2023-12-01 05:54:30,435 [INFO] IPUIPlugin:80 - create IPUIPlugin
2023-12-01 05:54:30,435 [INFO] IPUIPlugin:80 - create IPUIPlugin
2023-12-01 05:54:30,435 [INFO] IPUIPlugin:80 - create IPUIPlugin
2023-12-01 05:54:30,435 [INFO] IPUIPlugin:80 - create IPUIPlugin
2023-12-01 05:54:30,435 [INFO] IPUIPlugin:80 - create IPUIPlugin
2023-12-01 05:54:30,435 [INFO] IPUIPlugin:80 - create IPUIPlugin
2023-12-01 05:54:30,436 [INFO] IPUIPlugin:80 - create IPUIPlugin
2023-12-01 05:54:30,436 [INFO] IPUIPlugin:80 - create IPUIPlugin
2023-12-01 05:54:30,436 [INFO] IPUIPlugin:80 - create IPUIPlugin
2023-12-01 05:54:30,436 [INFO] IPUIPlugin:80 - create IPUIPlugin
2023-12-01 05:54:30,436 [INFO] IPUIPlugin:80 - create IPUIPlugin
2023-12-01 05:54:30,436 [INFO] IPUIPlugin:80 - create IPUIPlugin
2023-12-01 05:54:30,436 [INFO] IPUIPlugin:80 - create IPUIPlugin
2023-12-01 05:54:30,437 [INFO] IPUIPlugin:80 - create IPUIPlugin
2023-12-01 05:54:30,437 [INFO] IPUIPlugin:80 - create IPUIPlugin
2023-12-01 05:54:30,437 [INFO] IPUIPlugin:80 - create IPUIPlugin
2023-12-01 05:54:30,437 [INFO] IPUIPlugin:80 - create IPUIPlugin
2023-12-01 05:54:30,438 [INFO] IPUIPlugin:80 - create IPUIPlugin
2023-12-01 05:54:30,438 [INFO] IPUIPlugin:80 - create IPUIPlugin
2023-12-01 05:54:30,438 [INFO] IPUIPlugin:80 - create IPUIPlugin
2023-12-01 05:54:30,438 [INFO] IPUIPlugin:80 - create IPUIPlugin
2023-12-01 05:54:30,438 [INFO] IPUIPlugin:80 - create IPUIPlugin
2023-12-01 05:54:30,439 [INFO] IPUIPlugin:80 - create IPUIPlugin
2023-12-01 05:54:30,439 [INFO] IPUIPlugin:80 - create IPUIPlugin
2023-12-01 05:54:30,439 [INFO] IPUIPlugin:80 - create IPUIPlugin
2023-12-01 05:54:30,439 [INFO] IPUIPlugin:80 - create IPUIPlugin
2023-12-01 05:54:30,440 [INFO] IPUIPlugin:80 - create IPUIPlugin
2023-12-01 05:54:30,440 [INFO] IPUIPlugin:80 - create IPUIPlugin
2023-12-01 05:54:30,440 [INFO] IPUIPlugin:80 - create IPUIPlugin
2023-12-01 05:54:30,441 [INFO] IPUIPlugin:80 - create IPUIPlugin
2023-12-01 05:54:30,441 [INFO] IPUIPlugin:80 - create IPUIPlugin
2023-12-01 05:54:30,442 [INFO] IPUIPlugin:80 - create IPUIPlugin
2023-12-01 05:54:30,442 [INFO] IPUIPlugin:80 - create IPUIPlugin
2023-12-01 05:54:30,442 [INFO] IPUIPlugin:80 - create IPUIPlugin
2023-12-01 05:54:30,443 [INFO] IPUIPlugin:80 - create IPUIPlugin
2023-12-01 05:54:30,443 [INFO] IPUIPlugin:80 - create IPUIPlugin
2023-12-01 05:54:30,443 [INFO] IPUIPlugin:80 - create IPUIPlugin
2023-12-01 05:54:30,444 [INFO] IPUIPlugin:80 - create IPUIPlugin
2023-12-01 05:54:30,444 [INFO] IPUIPlugin:80 - create IPUIPlugin
2023-12-01 05:54:30,444 [INFO] IPUIPlugin:80 - create IPUIPlugin
2023-12-01 05:54:30,445 [INFO] IPUIPlugin:80 - create IPUIPlugin
2023-12-01 05:54:30,445 [INFO] IPUIPlugin:80 - create IPUIPlugin
2023-12-01 05:54:30,445 [INFO] IPUIPlugin:80 - create IPUIPlugin
2023-12-01 05:54:30,446 [INFO] IPUIPlugin:80 - create IPUIPlugin
2023-12-01 05:54:30,446 [INFO] IPUIPlugin:80 - create IPUIPlugin
2023-12-01 05:54:30,446 [INFO] IPUIPlugin:80 - create IPUIPlugin
2023-12-01 05:54:30,446 [INFO] IPUIPlugin:80 - create IPUIPlugin
2023-12-01 05:54:30,447 [INFO] IPUIPlugin:80 - create IPUIPlugin
2023-12-01 05:54:30,447 [INFO] IPUIPlugin:80 - create IPUIPlugin
2023-12-01 05:54:30,448 [INFO] IPUIPlugin:80 - create IPUIPlugin
2023-12-01 05:54:30,448 [INFO] IPUIPlugin:80 - create IPUIPlugin
2023-12-01 05:54:30,449 [INFO] IPUIPlugin:80 - create IPUIPlugin
2023-12-01 05:54:30,449 [INFO] IPUIPlugin:80 - create IPUIPlugin
2023-12-01 05:54:30,449 [INFO] IPUIPlugin:80 - create IPUIPlugin
2023-12-01 05:54:30,450 [INFO] IPUIPlugin:80 - create IPUIPlugin
2023-12-01 05:54:30,453 [INFO] ApiDbMcu:507 - Load IP Config File for PDM2PCM
2023-12-01 05:54:30,523 [INFO] CADModel:165 - CPN selected for project levelSTM32F439ZIT6
2023-12-01 05:54:30,523 [INFO] CADModel:114 - Register for checkConnection events
2023-12-01 05:54:30,561 [INFO] OpenFileManager:328 - Restore cursor
2023-12-01 05:57:59,945 [INFO] NvicIntPanel:101 - NVIC parent = com.st.microxplorer.plugins.ip.nvic.MultiNvicIntPanel[,0,0,0x0,invalid,layout=javax.swing.BoxLayout,alignmentX=0.0,alignmentY=0.0,border=,flags=9,maximumSize=,minimumSize=,preferredSize=]
2023-12-01 05:59:02,241 [INFO] Gpio:273 - dependency for GPIO [ETH, I2C1, RCC, SYS, USART3, USB_OTG_FS]
2023-12-01 05:59:24,337 [INFO] Gpio:273 - dependency for GPIO [ETH, I2C1, RCC, SYS, USART3, USB_OTG_FS]
2023-12-01 06:02:43,479 [INFO] UtilMem:75 - End SaveConfig() Used Memory: 794627672 Bytes (1073741824)
2023-12-01 06:02:45,729 [INFO] UtilMem:75 - End SaveConfig() Used Memory: 839716440 Bytes (1073741824)
2023-12-01 06:02:45,962 [INFO] UtilMem:75 - End SaveConfig() Used Memory: 872744536 Bytes (1073741824)
2023-12-01 06:02:46,252 [INFO] BlockDiagram:2759 - set Specific Code input for plugin: SYS
2023-12-01 06:02:46,252 [INFO] BlockDiagram:2759 - set Specific Code input for plugin: RCC
2023-12-01 06:02:46,252 [INFO] BlockDiagram:2759 - set Specific Code input for plugin: I2C
2023-12-01 06:02:46,252 [INFO] BlockDiagram:2759 - set Specific Code input for plugin: USB_OTG_FS
2023-12-01 06:02:46,252 [INFO] BlockDiagram:2759 - set Specific Code input for plugin: NVIC
2023-12-01 06:02:46,252 [INFO] BlockDiagram:2759 - set Specific Code input for plugin: USART
2023-12-01 06:02:46,253 [INFO] BlockDiagram:2759 - set Specific Code input for plugin: GPIO
2023-12-01 06:02:46,253 [INFO] BlockDiagram:2759 - set Specific Code input for plugin: ETH
2023-12-01 06:02:46,255 [INFO] CodeGenerator:799 - code generatio: config db path: /home/cbiale/st/stm32cubeide_1.13.2/plugins/com.st.stm32cube.common.mx_6.9.2.202309101412//db/
2023-12-01 06:02:46,759 [INFO] CodeEngine:255 - oldGeneratedFile, /home/cbiale/Escritorio/UBA/maestria/materias/PMC/MIoT-PdM/Proyecto Final/MXTmpFiles/license.tmp_save
2023-12-01 06:02:46,906 [INFO] CodeEngine:279 - Generated code: /home/cbiale/Escritorio/UBA/maestria/materias/PMC/MIoT-PdM/Proyecto Final/MXTmpFiles/license.tmp
2023-12-01 06:02:46,967 [INFO] CodeEngine:255 - oldGeneratedFile, /home/cbiale/Escritorio/UBA/maestria/materias/PMC/MIoT-PdM/Proyecto Final/MXTmpFiles/gpio.tmp_save
2023-12-01 06:02:47,097 [INFO] CodeEngine:279 - Generated code: /home/cbiale/Escritorio/UBA/maestria/materias/PMC/MIoT-PdM/Proyecto Final/MXTmpFiles/gpio.tmp
2023-12-01 06:02:47,480 [WARN] IPConfigManager:2937 - Warning: the RefConfig PWREx_EnableUSBVoltageDetector is not available in your config.xml file
2023-12-01 06:02:47,503 [INFO] CodeEngine:255 - oldGeneratedFile, /home/cbiale/Escritorio/UBA/maestria/materias/PMC/MIoT-PdM/Proyecto Final/Core/Src/stm32f4xx_it.c_save
2023-12-01 06:02:47,802 [INFO] CodeEngine:279 - Generated code: /home/cbiale/Escritorio/UBA/maestria/materias/PMC/MIoT-PdM/Proyecto Final/Core/Src/stm32f4xx_it.c
2023-12-01 06:02:47,806 [INFO] CodeEngine:255 - oldGeneratedFile, /home/cbiale/Escritorio/UBA/maestria/materias/PMC/MIoT-PdM/Proyecto Final/Core/Inc/stm32f4xx_it.h_save
2023-12-01 06:02:47,911 [INFO] CodeEngine:279 - Generated code: /home/cbiale/Escritorio/UBA/maestria/materias/PMC/MIoT-PdM/Proyecto Final/Core/Inc/stm32f4xx_it.h
2023-12-01 06:02:47,917 [INFO] CodeEngine:255 - oldGeneratedFile, /home/cbiale/Escritorio/UBA/maestria/materias/PMC/MIoT-PdM/Proyecto Final/Core/Src/stm32f4xx_hal_msp.c_save
2023-12-01 06:02:48,117 [INFO] CodeEngine:279 - Generated code: /home/cbiale/Escritorio/UBA/maestria/materias/PMC/MIoT-PdM/Proyecto Final/Core/Src/stm32f4xx_hal_msp.c
2023-12-01 06:02:48,121 [INFO] CodeEngine:255 - oldGeneratedFile, /home/cbiale/Escritorio/UBA/maestria/materias/PMC/MIoT-PdM/Proyecto Final/MXTmpFiles/system.tmp_save
2023-12-01 06:02:48,215 [INFO] CodeEngine:279 - Generated code: /home/cbiale/Escritorio/UBA/maestria/materias/PMC/MIoT-PdM/Proyecto Final/MXTmpFiles/system.tmp
2023-12-01 06:02:48,220 [INFO] CodeEngine:311 - oldGeneratedFile, /home/cbiale/Escritorio/UBA/maestria/materias/PMC/MIoT-PdM/Proyecto Final/Core/Inc/stm32f4xx_hal_conf.h_save
2023-12-01 06:02:48,335 [INFO] CodeEngine:335 - Generated code: /home/cbiale/Escritorio/UBA/maestria/materias/PMC/MIoT-PdM/Proyecto Final/Core/Inc/stm32f4xx_hal_conf.h
2023-12-01 06:02:48,366 [WARN] IPConfigManager:3431 - IP not found : USB_OTG
2023-12-01 06:02:48,367 [WARN] CodeGenerator:3764 - IP not found : null
2023-12-01 06:02:48,372 [INFO] CodeEngine:255 - oldGeneratedFile, /home/cbiale/Escritorio/UBA/maestria/materias/PMC/MIoT-PdM/Proyecto Final/Core/Inc/main.h_save
2023-12-01 06:02:48,555 [INFO] CodeEngine:279 - Generated code: /home/cbiale/Escritorio/UBA/maestria/materias/PMC/MIoT-PdM/Proyecto Final/Core/Inc/main.h
2023-12-01 06:02:48,559 [INFO] CodeEngine:255 - oldGeneratedFile, /home/cbiale/Escritorio/UBA/maestria/materias/PMC/MIoT-PdM/Proyecto Final/Core/Src/main.c_save
2023-12-01 06:02:48,735 [INFO] CodeEngine:279 - Generated code: /home/cbiale/Escritorio/UBA/maestria/materias/PMC/MIoT-PdM/Proyecto Final/Core/Src/main.c
2023-12-01 06:02:49,438 [INFO] ProjectBuilder:3064 - Time for Copy HAL[1] : 93mS.
2023-12-01 06:02:49,442 [INFO] ProjectBuilder:4404 - Project Generator version: 4.1.0
2023-12-01 06:02:49,977 [INFO] ConfigFileManager:1457 - The Die is : DIE419
2023-12-01 06:02:49,981 [INFO] ApiDbMcu:507 - Load IP Config File for FATFS
2023-12-01 06:02:49,988 [INFO] ApiDbMcu:507 - Load IP Config File for FREERTOS
2023-12-01 06:02:49,993 [INFO] ApiDbMcu:507 - Load IP Config File for LIBJPEG
2023-12-01 06:02:50,004 [INFO] ApiDbMcu:507 - Load IP Config File for LWIP
2023-12-01 06:02:50,016 [INFO] ApiDbMcu:507 - Load IP Config File for MBEDTLS
2023-12-01 06:02:50,034 [INFO] ApiDbMcu:507 - Load IP Config File for USB_DEVICE
2023-12-01 06:02:50,043 [INFO] ApiDbMcu:507 - Load IP Config File for USB_HOST
2023-12-01 06:02:52,699 [INFO] ProjectBuilder:4626 - Time for Generating toolchain IDE Files: 3258mS.
2023-12-01 06:02:52,700 [INFO] ProjectBuilder:2935 - Time for Copy CMSIS : 1mS.
2023-12-01 06:02:52,701 [INFO] ProjectBuilder:2935 - Time for Copy CMSIS : 0mS.
