2023-11-30 17:33:55,834 [INFO] MainUpdater:2868 - connection check result : 10
2023-11-30 17:33:55,867 [INFO] MainUpdater:2868 - connection check result : 10
2023-11-30 17:33:57,442 [INFO] MicroXplorer:468 - Change Database Path : 
2023-11-30 17:33:57,443 [INFO] MicroXplorer:498 - Change Database Version : DB.6.0.92
2023-11-30 17:33:57,532 [WARN] ThirdParty:871 - waiting for thirdparty lock release [close project]
2023-11-30 17:33:57,532 [INFO] ThirdParty:873 - entering critical section [close project]
2023-11-30 17:33:57,533 [INFO] ThirdParty:883 - exiting critical section [close project]
2023-11-30 17:33:57,539 [INFO] PinOutPanel:1499 - setPackage(No Configuration,No Configuration)
2023-11-30 17:33:57,603 [WARN] IpParametersView:151 - Warning: This peripheral hasn't parameters
2023-11-30 17:33:57,659 [WARN] MainPanel:272 - <html><b><center>Warning: This peripheral has no parameters to be configured<br></b></html>
2023-11-30 17:33:57,698 [INFO] UtilMem:75 - Begin LoadConfig() Used Memory: 614858352 Bytes (1073741824)
2023-11-30 17:33:57,699 [INFO] MicroXplorer:468 - Change Database Path : 
2023-11-30 17:33:57,700 [INFO] MicroXplorer:498 - Change Database Version : DB.6.0.92
2023-11-30 17:33:57,700 [INFO] OpenFileManager:308 - Change cursor
2023-11-30 17:33:57,745 [INFO] RulesReader:64 - Compatibility file has been processed (293 Rules)
2023-11-30 17:33:57,760 [INFO] Mcu:1946 - Initializing MCU STM32F439Z(G-I)Tx STM32F439ZITx STM32F439ZIT6
2023-11-30 17:34:00,677 [INFO] Context:659 - Trying to add GPIOservice into a context  which must be forbidden
2023-11-30 17:34:01,400 [INFO] RtosManager:555 - Registered RTOS mode: class=CMSIS, group=RTOS, mode=CMSIS_V1, owner=FREERTOS
2023-11-30 17:34:01,400 [INFO] RtosManager:555 - Registered RTOS mode: class=CMSIS, group=RTOS2, mode=CMSIS_V2, owner=FREERTOS
2023-11-30 17:34:01,400 [INFO] RtosManager:555 - Registered RTOS mode: class=RTOS, group=Core, mode=CMSIS_V1, owner=FREERTOS
2023-11-30 17:34:01,400 [INFO] RtosManager:555 - Registered RTOS mode: class=RTOS, group=Core, mode=CMSIS_V2, owner=FREERTOS
2023-11-30 17:34:01,400 [WARN] ModelIntegratedComponent:184 - Missing modes for component STMicroelectronics:FreeRTOS:0.0.1:STMicroelectronics:RTOS:FreeRTOS:Core:::10.2.0:
2023-11-30 17:34:01,418 [WARN] ModelIntegratedComponent:63 - No mode defined for component null
2023-11-30 17:34:01,419 [WARN] ModelIntegratedComponent:63 - No mode defined for component null
2023-11-30 17:34:01,419 [WARN] ModelIntegratedComponent:63 - No mode defined for component null
2023-11-30 17:34:01,419 [WARN] ModelIntegratedComponent:63 - No mode defined for component null
2023-11-30 17:34:01,419 [WARN] ModelIntegratedComponent:63 - No mode defined for component null
2023-11-30 17:34:01,419 [WARN] ModelIntegratedComponent:63 - No mode defined for component null
2023-11-30 17:34:01,419 [WARN] ModelIntegratedComponent:63 - No mode defined for component null
2023-11-30 17:34:01,419 [WARN] ModelIntegratedComponent:63 - No mode defined for component null
2023-11-30 17:34:01,419 [WARN] ModelIntegratedComponent:63 - No mode defined for component null
2023-11-30 17:34:01,419 [WARN] ModelIntegratedComponent:63 - No mode defined for component null
2023-11-30 17:34:01,419 [WARN] ModelIntegratedComponent:63 - No mode defined for component null
2023-11-30 17:34:01,419 [WARN] ModelIntegratedComponent:63 - No mode defined for component null
2023-11-30 17:34:01,419 [WARN] ModelIntegratedComponent:63 - No mode defined for component null
2023-11-30 17:34:01,420 [WARN] ModelIntegratedComponent:63 - No mode defined for component null
2023-11-30 17:34:01,420 [WARN] ModelIntegratedComponent:63 - No mode defined for component null
2023-11-30 17:34:01,420 [WARN] ModelIntegratedComponent:63 - No mode defined for component null
2023-11-30 17:34:01,420 [WARN] ModelIntegratedComponent:63 - No mode defined for component null
2023-11-30 17:34:01,420 [WARN] ModelIntegratedComponent:63 - No mode defined for component null
2023-11-30 17:34:01,420 [WARN] ModelIntegratedComponent:63 - No mode defined for component null
2023-11-30 17:34:01,420 [WARN] ModelIntegratedComponent:63 - No mode defined for component null
2023-11-30 17:34:01,420 [WARN] ModelIntegratedComponent:63 - No mode defined for component null
2023-11-30 17:34:01,420 [WARN] ModelIntegratedComponent:63 - No mode defined for component null
2023-11-30 17:34:01,420 [WARN] ModelIntegratedComponent:63 - No mode defined for component null
2023-11-30 17:34:01,420 [WARN] ModelIntegratedComponent:63 - No mode defined for component null
2023-11-30 17:34:01,420 [WARN] ModelIntegratedComponent:63 - No mode defined for component null
2023-11-30 17:34:01,420 [WARN] ModelIntegratedComponent:63 - No mode defined for component null
2023-11-30 17:34:01,420 [WARN] ModelIntegratedComponent:63 - No mode defined for component null
2023-11-30 17:34:01,420 [WARN] ModelIntegratedComponent:63 - No mode defined for component null
2023-11-30 17:34:01,421 [WARN] ModelIntegratedComponent:63 - No mode defined for component null
2023-11-30 17:34:01,421 [WARN] ModelIntegratedComponent:63 - No mode defined for component null
2023-11-30 17:34:01,421 [WARN] ModelIntegratedComponent:63 - No mode defined for component null
2023-11-30 17:34:01,421 [WARN] ModelIntegratedComponent:63 - No mode defined for component null
2023-11-30 17:34:01,421 [WARN] ModelIntegratedComponent:63 - No mode defined for component null
2023-11-30 17:34:01,560 [INFO] ThirdPartyModel:298 - Start build external matchings
2023-11-30 17:34:02,217 [INFO] ThirdPartyModel:316 - End build external matchings
2023-11-30 17:34:02,244 [INFO] ImportTextPane:194 - (OptionalMessage_ERROR) IP (ETH) : Invalid parameter (PHY_Name)
2023-11-30 17:34:02,245 [INFO] ImportTextPane:194 - (OptionalMessage_ERROR) IP (ETH) : Invalid parameter (PHY_Value)
2023-11-30 17:34:02,245 [INFO] ImportTextPane:194 - (OptionalMessage_ERROR) IP (ETH) : Invalid parameter (PhyAddress)
2023-11-30 17:34:02,249 [INFO] ImportTextPane:194 - (OptionalMessage_ERROR) IP (RCC) : Invalid parameter (ADC12outputFreq_Value)
2023-11-30 17:34:02,249 [INFO] ImportTextPane:194 - (OptionalMessage_ERROR) IP (RCC) : Invalid parameter (ADC34outputFreq_Value)
2023-11-30 17:34:02,250 [INFO] ImportTextPane:194 - (OptionalMessage_ERROR) IP (RCC) : Invalid parameter (FamilyName)
2023-11-30 17:34:02,251 [INFO] ImportTextPane:194 - (OptionalMessage_ERROR) IP (RCC) : Invalid parameter (I2C1Freq_Value)
2023-11-30 17:34:02,251 [INFO] ImportTextPane:194 - (OptionalMessage_ERROR) IP (RCC) : Invalid parameter (I2C2Freq_Value)
2023-11-30 17:34:02,251 [INFO] ImportTextPane:194 - (OptionalMessage_ERROR) IP (RCC) : Invalid parameter (I2C3Freq_Value)
2023-11-30 17:34:02,251 [INFO] ImportTextPane:194 - (OptionalMessage_ERROR) IP (RCC) : Parameter (MCO2PinFreq_Value) has invalid value (168000000)
2023-11-30 17:34:02,252 [INFO] ImportTextPane:194 - (OptionalMessage_ERROR) IP (RCC) : Invalid parameter (MCOFreq_Value)
2023-11-30 17:34:02,252 [INFO] ImportTextPane:194 - (OptionalMessage_ERROR) IP (RCC) : Invalid parameter (PLLMCOFreq_Value)
2023-11-30 17:34:02,253 [INFO] ImportTextPane:194 - (OptionalMessage_ERROR) IP (RCC) : Invalid parameter (PLLMUL)
2023-11-30 17:34:02,253 [INFO] ImportTextPane:194 - (OptionalMessage_ERROR) IP (RCC) : Invalid parameter (PRESCALERUSB)
2023-11-30 17:34:02,254 [INFO] ImportTextPane:194 - (OptionalMessage_ERROR) IP (RCC) : Parameter (RTCHSEDivFreq_Value) has invalid value (4000000)
2023-11-30 17:34:02,255 [INFO] ImportTextPane:194 - (OptionalMessage_ERROR) IP (RCC) : Invalid parameter (SYSCLKSourceVirtual)
2023-11-30 17:34:02,255 [INFO] ImportTextPane:194 - (OptionalMessage_ERROR) IP (RCC) : Invalid parameter (TIM15Freq_Value)
2023-11-30 17:34:02,255 [INFO] ImportTextPane:194 - (OptionalMessage_ERROR) IP (RCC) : Invalid parameter (TIM16Freq_Value)
2023-11-30 17:34:02,255 [INFO] ImportTextPane:194 - (OptionalMessage_ERROR) IP (RCC) : Invalid parameter (TIM17Freq_Value)
2023-11-30 17:34:02,255 [INFO] ImportTextPane:194 - (OptionalMessage_ERROR) IP (RCC) : Invalid parameter (TIM1Freq_Value)
2023-11-30 17:34:02,255 [INFO] ImportTextPane:194 - (OptionalMessage_ERROR) IP (RCC) : Invalid parameter (TIM20Freq_Value)
2023-11-30 17:34:02,255 [INFO] ImportTextPane:194 - (OptionalMessage_ERROR) IP (RCC) : Invalid parameter (TIM2Freq_Value)
2023-11-30 17:34:02,255 [INFO] ImportTextPane:194 - (OptionalMessage_ERROR) IP (RCC) : Invalid parameter (TIM3Freq_Value)
2023-11-30 17:34:02,255 [INFO] ImportTextPane:194 - (OptionalMessage_ERROR) IP (RCC) : Invalid parameter (TIM8Freq_Value)
2023-11-30 17:34:02,256 [INFO] ImportTextPane:194 - (OptionalMessage_ERROR) IP (RCC) : Invalid parameter (UART4Freq_Value)
2023-11-30 17:34:02,256 [INFO] ImportTextPane:194 - (OptionalMessage_ERROR) IP (RCC) : Invalid parameter (UART5Freq_Value)
2023-11-30 17:34:02,256 [INFO] ImportTextPane:194 - (OptionalMessage_ERROR) IP (RCC) : Invalid parameter (USART1Freq_Value)
2023-11-30 17:34:02,256 [INFO] ImportTextPane:194 - (OptionalMessage_ERROR) IP (RCC) : Invalid parameter (USART2Freq_Value)
2023-11-30 17:34:02,256 [INFO] ImportTextPane:194 - (OptionalMessage_ERROR) IP (RCC) : Invalid parameter (USART3Freq_Value)
2023-11-30 17:34:02,256 [INFO] ImportTextPane:194 - (OptionalMessage_ERROR) IP (RCC) : Invalid parameter (USBFreq_Value)
2023-11-30 17:34:02,257 [INFO] ImportTextPane:194 - (OptionalMessage_ERROR) IP (RCC) : Invalid parameter (VCOOutput2Freq_Value)
2023-11-30 17:34:02,932 [INFO] UtilMem:75 - End LoadConfig() Used Memory: 782425488 Bytes (1073741824)
2023-11-30 17:34:03,026 [WARN] ThirdParty:833 - waiting for thirdparty lock release [change project]
2023-11-30 17:34:03,027 [INFO] ThirdParty:835 - entering critical section [change project]
2023-11-30 17:34:03,027 [INFO] ThirdParty:1030 - CMSIS Pack Vendor :STMicroelectronics X-CUBE-ISPU 1.1.0
2023-11-30 17:34:03,027 [INFO] ThirdParty:1030 - CMSIS Pack Vendor :STMicroelectronics USBPD 4.1
2023-11-30 17:34:03,028 [INFO] ThirdParty:1030 - CMSIS Pack Vendor :STMicroelectronics X-CUBE-GNSS1 6.0.0
2023-11-30 17:34:03,029 [INFO] ThirdParty:1030 - CMSIS Pack Vendor :STMicroelectronics USB_HOST 2.0.0
2023-11-30 17:34:03,032 [INFO] ThirdParty:1030 - CMSIS Pack Vendor :STMicroelectronics X-CUBE-AZRTOS-F4 1.1.0
2023-11-30 17:34:03,032 [INFO] ThirdParty:1030 - CMSIS Pack Vendor :STMicroelectronics LIBJPEG 8.0.0
2023-11-30 17:34:03,032 [INFO] ThirdParty:1030 - CMSIS Pack Vendor :wolfSSL I-CUBE-wolfSSL 5.6.3
2023-11-30 17:34:03,032 [INFO] ThirdParty:1030 - CMSIS Pack Vendor :STMicroelectronics X-CUBE-SMBUS 2.1.0
2023-11-30 17:34:03,032 [INFO] ThirdParty:1030 - CMSIS Pack Vendor :STMicroelectronics USB_DEVICE 3.0.0
2023-11-30 17:34:03,033 [INFO] ThirdParty:1030 - CMSIS Pack Vendor :STMicroelectronics X-CUBE-AZRTOS-WB 2.0.0
2023-11-30 17:34:03,033 [INFO] ThirdParty:1030 - CMSIS Pack Vendor :STMicroelectronics X-CUBE-AZRTOS-F7 1.1.0
2023-11-30 17:34:03,033 [INFO] ThirdParty:1030 - CMSIS Pack Vendor :STMicroelectronics X-CUBE-AZRTOS-L5 2.0.0
2023-11-30 17:34:03,033 [INFO] ThirdParty:1030 - CMSIS Pack Vendor :STMicroelectronics USB_DEVICE 2.0.0
2023-11-30 17:34:03,033 [INFO] ThirdParty:1030 - CMSIS Pack Vendor :STMicroelectronics X-CUBE-EEPRMA1 4.2.0
2023-11-30 17:34:03,033 [INFO] ThirdParty:1030 - CMSIS Pack Vendor :ITTIA_DB I-CUBE-ITTIADB 8.8.0
2023-11-30 17:34:03,033 [INFO] ThirdParty:1030 - CMSIS Pack Vendor :STMicroelectronics FP-SNS-MOTENV1 4.3.2
2023-11-30 17:34:03,033 [INFO] ThirdParty:1030 - CMSIS Pack Vendor :STMicroelectronics X-CUBE-ALGOBUILD 1.3.0
2023-11-30 17:34:03,033 [INFO] ThirdParty:1030 - CMSIS Pack Vendor :STMicroelectronics FreeRTOS 0.0.1
2023-11-30 17:34:03,033 [INFO] ThirdParty:1030 - CMSIS Pack Vendor :STMicroelectronics X-CUBE-AZRTOS-G0 1.1.0
2023-11-30 17:34:03,034 [INFO] ThirdParty:1030 - CMSIS Pack Vendor :STMicroelectronics X-CUBE-BLEMGR 2.0.0
2023-11-30 17:34:03,034 [INFO] ThirdParty:1030 - CMSIS Pack Vendor :STMicroelectronics X-CUBE-NFC4 3.0.0
2023-11-30 17:34:03,034 [INFO] ThirdParty:1030 - CMSIS Pack Vendor :STMicroelectronics X-CUBE-SUBG2 5.0.0
2023-11-30 17:34:03,034 [INFO] ThirdParty:1030 - CMSIS Pack Vendor :STMicroelectronics STM32_WPAN 1.0.0
2023-11-30 17:34:03,034 [INFO] ThirdParty:1030 - CMSIS Pack Vendor :STMicroelectronics lwIP 2.0.3
2023-11-30 17:34:03,034 [INFO] ThirdParty:1030 - CMSIS Pack Vendor :STMicroelectronics FP-SNS-FLIGHT1 5.0.2
2023-11-30 17:34:03,034 [INFO] ThirdParty:1030 - CMSIS Pack Vendor :STMicroelectronics USB_HOST 1.0.0
2023-11-30 17:34:03,034 [INFO] ThirdParty:1030 - CMSIS Pack Vendor :STMicroelectronics X-CUBE-TOF1 3.3.1
2023-11-30 17:34:03,034 [INFO] ThirdParty:1030 - CMSIS Pack Vendor :STMicroelectronics X-CUBE-AZRTOS-G4 2.0.0
2023-11-30 17:34:03,035 [INFO] ThirdParty:1030 - CMSIS Pack Vendor :STMicroelectronics PDM2PCM 3.1.0
2023-11-30 17:34:03,035 [INFO] ThirdParty:1030 - CMSIS Pack Vendor :STMicroelectronics X-CUBE-AZRTOS-H7 3.1.0
2023-11-30 17:34:03,035 [INFO] ThirdParty:1030 - CMSIS Pack Vendor :Infineon AIROC-Wi-Fi-Bluetooth-STM32 1.5.1
2023-11-30 17:34:03,035 [INFO] ThirdParty:1030 - CMSIS Pack Vendor :STMicroelectronics X-CUBE-BLEMGR 3.0.0
2023-11-30 17:34:03,035 [INFO] ThirdParty:1030 - CMSIS Pack Vendor :STMicroelectronics PDM2PCM 3.3.0
2023-11-30 17:34:03,035 [INFO] ThirdParty:1030 - CMSIS Pack Vendor :STMicroelectronics X-CUBE-DISPLAY 3.0.0
2023-11-30 17:34:03,035 [INFO] ThirdParty:1030 - CMSIS Pack Vendor :STMicroelectronics FP-SNS-MOTENVWB1 1.3.0
2023-11-30 17:34:03,035 [INFO] ThirdParty:1030 - CMSIS Pack Vendor :STMicroelectronics FP-SNS-MOTENVWB1 1.3.1
2023-11-30 17:34:03,035 [INFO] ThirdParty:1030 - CMSIS Pack Vendor :STMicroelectronics X-CUBE-BLE1 7.0.0
2023-11-30 17:34:03,035 [INFO] ThirdParty:1030 - CMSIS Pack Vendor :STMicroelectronics FP-ATR-SIGFOX1 3.2.0
2023-11-30 17:34:03,036 [INFO] ThirdParty:1030 - CMSIS Pack Vendor :STMicroelectronics HAL Drivers 0.0.0
2023-11-30 17:34:03,036 [INFO] ThirdParty:1030 - CMSIS Pack Vendor :STMicroelectronics MBEDTLS 2.16.2
2023-11-30 17:34:03,036 [INFO] ThirdParty:1030 - CMSIS Pack Vendor :emotas I-CUBE-CANOPEN 1.3.0
2023-11-30 17:34:03,036 [INFO] ThirdParty:1030 - CMSIS Pack Vendor :STMicroelectronics X-CUBE-MEMS1 10.0.0
2023-11-30 17:34:03,036 [INFO] ThirdParty:1030 - CMSIS Pack Vendor :STMicroelectronics X-CUBE-FREERTOS 1.1.0
2023-11-30 17:34:03,036 [INFO] ThirdParty:1030 - CMSIS Pack Vendor :STMicroelectronics X-CUBE-NFC7 1.0.1
2023-11-30 17:34:03,036 [INFO] ThirdParty:1030 - CMSIS Pack Vendor :STMicroelectronics MBEDTLS 2.14.1
2023-11-30 17:34:03,036 [INFO] ThirdParty:1030 - CMSIS Pack Vendor :STMicroelectronics X-CUBE-TOUCHGFX 4.22.1
2023-11-30 17:34:03,036 [INFO] ThirdParty:1030 - CMSIS Pack Vendor :STMicroelectronics X-CUBE-NFC6 3.0.0
2023-11-30 17:34:03,037 [INFO] ThirdParty:1030 - CMSIS Pack Vendor :portGmbH I-Cube-SoM-uGOAL 1.1.0
2023-11-30 17:34:03,037 [INFO] ThirdParty:1030 - CMSIS Pack Vendor :STMicroelectronics X-CUBE-ALS 1.0.1
2023-11-30 17:34:03,037 [INFO] ThirdParty:1030 - CMSIS Pack Vendor :STMicroelectronics ThreadX 1.0.0
2023-11-30 17:34:03,037 [INFO] ThirdParty:1030 - CMSIS Pack Vendor :STMicroelectronics FP-SNS-SMARTAG2 1.2.0
2023-11-30 17:34:03,037 [INFO] ThirdParty:1030 - CMSIS Pack Vendor :STMicroelectronics X-CUBE-AZRTOS-WL 2.0.0
2023-11-30 17:34:03,037 [INFO] ThirdParty:1030 - CMSIS Pack Vendor :STMicroelectronics USB_DEVICE 1.0.0
2023-11-30 17:34:03,037 [INFO] ThirdParty:1030 - CMSIS Pack Vendor :STMicroelectronics X-CUBE-AI 8.1.0
2023-11-30 17:34:03,037 [INFO] ThirdParty:1030 - CMSIS Pack Vendor :STMicroelectronics X-CUBE-AZRTOS-L4 2.0.0
2023-11-30 17:34:03,037 [INFO] ThirdParty:1030 - CMSIS Pack Vendor :STMicroelectronics ThreadX 0.0.2
2023-11-30 17:34:03,038 [INFO] ThirdParty:1030 - CMSIS Pack Vendor :WES I-CUBE-Cesium 1.3.0
2023-11-30 17:34:03,038 [INFO] ThirdParty:1030 - CMSIS Pack Vendor :STMicroelectronics FP-ATR-ASTRA1 2.0.0
2023-11-30 17:34:03,038 [INFO] ThirdParty:1030 - CMSIS Pack Vendor :STMicroelectronics lwIP 2.1.2
2023-11-30 17:34:03,038 [INFO] ThirdParty:1030 - CMSIS Pack Vendor :STMicroelectronics X-CUBE-SFXS2LP1 4.0.0
2023-11-30 17:34:03,038 [INFO] ThirdParty:1030 - CMSIS Pack Vendor :STMicroelectronics X-CUBE-BLE2 3.3.0
2023-11-30 17:34:03,038 [INFO] ThirdParty:1030 - CMSIS Pack Vendor :STMicroelectronics X-CUBE-TOF1 3.4.0
2023-11-30 17:34:03,039 [INFO] ThirdParty:1030 - CMSIS Pack Vendor :STMicroelectronics PDM2PCM 3.2.0
2023-11-30 17:34:03,039 [INFO] ThirdParty:841 - exiting critical section [change project]
2023-11-30 17:34:04,023 [INFO] PinOutPanel:1499 - setPackage(No Configuration,No Configuration)
2023-11-30 17:34:04,028 [INFO] PinOutPanel:1499 - setPackage(STM32F439ZITx,LQFP144)
2023-11-30 17:34:04,766 [INFO] UtilMem:75 - Before build in PCC Used Memory: 667051848 Bytes (1073741824)
2023-11-30 17:34:05,210 [INFO] UtilMem:75 - After build in PCC Used Memory: 714760008 Bytes (1073741824)
2023-11-30 17:34:05,262 [INFO] IPUIPlugin:80 - create IPUIPlugin
2023-11-30 17:34:05,263 [INFO] IPUIPlugin:80 - create IPUIPlugin
2023-11-30 17:34:05,263 [INFO] IPUIPlugin:80 - create IPUIPlugin
2023-11-30 17:34:05,263 [INFO] IPUIPlugin:80 - create IPUIPlugin
2023-11-30 17:34:05,264 [INFO] IPUIPlugin:80 - create IPUIPlugin
2023-11-30 17:34:05,264 [INFO] IPUIPlugin:80 - create IPUIPlugin
2023-11-30 17:34:05,264 [INFO] IPUIPlugin:80 - create IPUIPlugin
2023-11-30 17:34:05,265 [INFO] IPUIPlugin:80 - create IPUIPlugin
2023-11-30 17:34:05,265 [INFO] IPUIPlugin:80 - create IPUIPlugin
2023-11-30 17:34:05,265 [INFO] IPUIPlugin:80 - create IPUIPlugin
2023-11-30 17:34:05,265 [INFO] IPUIPlugin:80 - create IPUIPlugin
2023-11-30 17:34:05,265 [INFO] IPUIPlugin:80 - create IPUIPlugin
2023-11-30 17:34:05,266 [INFO] IPUIPlugin:80 - create IPUIPlugin
2023-11-30 17:34:05,266 [INFO] IPUIPlugin:80 - create IPUIPlugin
2023-11-30 17:34:05,266 [INFO] IPUIPlugin:80 - create IPUIPlugin
2023-11-30 17:34:05,267 [INFO] IPUIPlugin:80 - create IPUIPlugin
2023-11-30 17:34:05,267 [INFO] IPUIPlugin:80 - create IPUIPlugin
2023-11-30 17:34:05,267 [INFO] IPUIPlugin:80 - create IPUIPlugin
2023-11-30 17:34:05,267 [INFO] IPUIPlugin:80 - create IPUIPlugin
2023-11-30 17:34:05,267 [INFO] IPUIPlugin:80 - create IPUIPlugin
2023-11-30 17:34:05,267 [INFO] IPUIPlugin:80 - create IPUIPlugin
2023-11-30 17:34:05,267 [INFO] IPUIPlugin:80 - create IPUIPlugin
2023-11-30 17:34:05,268 [INFO] IPUIPlugin:80 - create IPUIPlugin
2023-11-30 17:34:05,268 [INFO] IPUIPlugin:80 - create IPUIPlugin
2023-11-30 17:34:05,268 [INFO] IPUIPlugin:80 - create IPUIPlugin
2023-11-30 17:34:05,269 [INFO] IPUIPlugin:80 - create IPUIPlugin
2023-11-30 17:34:05,269 [INFO] IPUIPlugin:80 - create IPUIPlugin
2023-11-30 17:34:05,269 [INFO] IPUIPlugin:80 - create IPUIPlugin
2023-11-30 17:34:05,269 [INFO] IPUIPlugin:80 - create IPUIPlugin
2023-11-30 17:34:05,270 [INFO] IPUIPlugin:80 - create IPUIPlugin
2023-11-30 17:34:05,270 [INFO] IPUIPlugin:80 - create IPUIPlugin
2023-11-30 17:34:05,270 [INFO] IPUIPlugin:80 - create IPUIPlugin
2023-11-30 17:34:05,271 [INFO] IPUIPlugin:80 - create IPUIPlugin
2023-11-30 17:34:05,271 [INFO] IPUIPlugin:80 - create IPUIPlugin
2023-11-30 17:34:05,272 [INFO] IPUIPlugin:80 - create IPUIPlugin
2023-11-30 17:34:05,272 [INFO] IPUIPlugin:80 - create IPUIPlugin
2023-11-30 17:34:05,273 [INFO] IPUIPlugin:80 - create IPUIPlugin
2023-11-30 17:34:05,273 [INFO] IPUIPlugin:80 - create IPUIPlugin
2023-11-30 17:34:05,274 [INFO] IPUIPlugin:80 - create IPUIPlugin
2023-11-30 17:34:05,275 [INFO] IPUIPlugin:80 - create IPUIPlugin
2023-11-30 17:34:05,275 [INFO] IPUIPlugin:80 - create IPUIPlugin
2023-11-30 17:34:05,276 [INFO] IPUIPlugin:80 - create IPUIPlugin
2023-11-30 17:34:05,276 [INFO] IPUIPlugin:80 - create IPUIPlugin
2023-11-30 17:34:05,277 [INFO] IPUIPlugin:80 - create IPUIPlugin
2023-11-30 17:34:05,277 [INFO] IPUIPlugin:80 - create IPUIPlugin
2023-11-30 17:34:05,277 [INFO] IPUIPlugin:80 - create IPUIPlugin
2023-11-30 17:34:05,278 [INFO] IPUIPlugin:80 - create IPUIPlugin
2023-11-30 17:34:05,278 [INFO] IPUIPlugin:80 - create IPUIPlugin
2023-11-30 17:34:05,278 [INFO] IPUIPlugin:80 - create IPUIPlugin
2023-11-30 17:34:05,279 [INFO] IPUIPlugin:80 - create IPUIPlugin
2023-11-30 17:34:05,279 [INFO] IPUIPlugin:80 - create IPUIPlugin
2023-11-30 17:34:05,279 [INFO] IPUIPlugin:80 - create IPUIPlugin
2023-11-30 17:34:05,280 [INFO] IPUIPlugin:80 - create IPUIPlugin
2023-11-30 17:34:05,280 [INFO] IPUIPlugin:80 - create IPUIPlugin
2023-11-30 17:34:05,280 [INFO] IPUIPlugin:80 - create IPUIPlugin
2023-11-30 17:34:05,281 [INFO] IPUIPlugin:80 - create IPUIPlugin
2023-11-30 17:34:05,282 [INFO] IPUIPlugin:80 - create IPUIPlugin
2023-11-30 17:34:05,282 [INFO] IPUIPlugin:80 - create IPUIPlugin
2023-11-30 17:34:05,282 [INFO] IPUIPlugin:80 - create IPUIPlugin
2023-11-30 17:34:05,283 [INFO] IPUIPlugin:80 - create IPUIPlugin
2023-11-30 17:34:05,283 [INFO] IPUIPlugin:80 - create IPUIPlugin
2023-11-30 17:34:05,284 [INFO] IPUIPlugin:80 - create IPUIPlugin
2023-11-30 17:34:05,284 [INFO] IPUIPlugin:80 - create IPUIPlugin
2023-11-30 17:34:05,285 [INFO] IPUIPlugin:80 - create IPUIPlugin
2023-11-30 17:34:05,286 [INFO] IPUIPlugin:80 - create IPUIPlugin
2023-11-30 17:34:05,287 [INFO] IPUIPlugin:80 - create IPUIPlugin
2023-11-30 17:34:05,288 [INFO] IPUIPlugin:80 - create IPUIPlugin
2023-11-30 17:34:05,289 [INFO] IPUIPlugin:80 - create IPUIPlugin
2023-11-30 17:34:05,301 [INFO] ApiDbMcu:507 - Load IP Config File for PDM2PCM
2023-11-30 17:34:05,418 [INFO] CADModel:165 - CPN selected for project levelSTM32F439ZIT6
2023-11-30 17:34:05,418 [INFO] CADModel:114 - Register for checkConnection events
2023-11-30 17:34:05,464 [INFO] OpenFileManager:328 - Restore cursor
2023-11-30 17:34:50,434 [INFO] NvicIntPanel:101 - NVIC parent = com.st.microxplorer.plugins.ip.nvic.MultiNvicIntPanel[,0,0,450x137,layout=javax.swing.BoxLayout,alignmentX=0.0,alignmentY=0.0,border=,flags=9,maximumSize=,minimumSize=,preferredSize=]
2023-11-30 17:34:59,573 [INFO] UtilMem:75 - End SaveConfig() Used Memory: 808137800 Bytes (1073741824)
2023-11-30 17:35:02,515 [INFO] UtilMem:75 - End SaveConfig() Used Memory: 837497928 Bytes (1073741824)
2023-11-30 17:35:05,342 [INFO] UtilMem:75 - End SaveConfig() Used Memory: 642722552 Bytes (1073741824)
2023-11-30 17:35:05,881 [INFO] BlockDiagram:2759 - set Specific Code input for plugin: SYS
2023-11-30 17:35:05,882 [INFO] BlockDiagram:2759 - set Specific Code input for plugin: RCC
2023-11-30 17:35:05,882 [INFO] BlockDiagram:2759 - set Specific Code input for plugin: I2C
2023-11-30 17:35:05,882 [INFO] BlockDiagram:2759 - set Specific Code input for plugin: USB_OTG_FS
2023-11-30 17:35:05,882 [INFO] BlockDiagram:2759 - set Specific Code input for plugin: NVIC
2023-11-30 17:35:05,882 [INFO] BlockDiagram:2759 - set Specific Code input for plugin: USART
2023-11-30 17:35:05,884 [INFO] BlockDiagram:2759 - set Specific Code input for plugin: GPIO
2023-11-30 17:35:05,885 [INFO] BlockDiagram:2759 - set Specific Code input for plugin: ETH
2023-11-30 17:35:05,889 [INFO] CodeGenerator:799 - code generatio: config db path: /home/cbiale/st/stm32cubeide_1.13.2/plugins/com.st.stm32cube.common.mx_6.9.2.202309101412//db/
2023-11-30 17:35:06,344 [INFO] CodeEngine:255 - oldGeneratedFile, /home/cbiale/Escritorio/UBA/maestria/materias/PMC/MIoT-PdM/Proyecto Final/MXTmpFiles/license.tmp_save
2023-11-30 17:35:06,770 [INFO] CodeEngine:279 - Generated code: /home/cbiale/Escritorio/UBA/maestria/materias/PMC/MIoT-PdM/Proyecto Final/MXTmpFiles/license.tmp
2023-11-30 17:35:06,912 [INFO] CodeEngine:255 - oldGeneratedFile, /home/cbiale/Escritorio/UBA/maestria/materias/PMC/MIoT-PdM/Proyecto Final/MXTmpFiles/gpio.tmp_save
2023-11-30 17:35:07,135 [INFO] CodeEngine:279 - Generated code: /home/cbiale/Escritorio/UBA/maestria/materias/PMC/MIoT-PdM/Proyecto Final/MXTmpFiles/gpio.tmp
2023-11-30 17:35:07,964 [WARN] IPConfigManager:2937 - Warning: the RefConfig PWREx_EnableUSBVoltageDetector is not available in your config.xml file
2023-11-30 17:35:07,995 [INFO] CodeEngine:255 - oldGeneratedFile, /home/cbiale/Escritorio/UBA/maestria/materias/PMC/MIoT-PdM/Proyecto Final/Core/Src/stm32f4xx_it.c_save
2023-11-30 17:35:08,353 [INFO] CodeEngine:279 - Generated code: /home/cbiale/Escritorio/UBA/maestria/materias/PMC/MIoT-PdM/Proyecto Final/Core/Src/stm32f4xx_it.c
2023-11-30 17:35:08,357 [INFO] CodeEngine:255 - oldGeneratedFile, /home/cbiale/Escritorio/UBA/maestria/materias/PMC/MIoT-PdM/Proyecto Final/Core/Inc/stm32f4xx_it.h_save
2023-11-30 17:35:08,473 [INFO] CodeEngine:279 - Generated code: /home/cbiale/Escritorio/UBA/maestria/materias/PMC/MIoT-PdM/Proyecto Final/Core/Inc/stm32f4xx_it.h
2023-11-30 17:35:08,483 [INFO] CodeEngine:255 - oldGeneratedFile, /home/cbiale/Escritorio/UBA/maestria/materias/PMC/MIoT-PdM/Proyecto Final/Core/Src/stm32f4xx_hal_msp.c_save
2023-11-30 17:35:08,730 [INFO] CodeEngine:279 - Generated code: /home/cbiale/Escritorio/UBA/maestria/materias/PMC/MIoT-PdM/Proyecto Final/Core/Src/stm32f4xx_hal_msp.c
2023-11-30 17:35:08,734 [INFO] CodeEngine:255 - oldGeneratedFile, /home/cbiale/Escritorio/UBA/maestria/materias/PMC/MIoT-PdM/Proyecto Final/MXTmpFiles/system.tmp_save
2023-11-30 17:35:08,838 [INFO] CodeEngine:279 - Generated code: /home/cbiale/Escritorio/UBA/maestria/materias/PMC/MIoT-PdM/Proyecto Final/MXTmpFiles/system.tmp
2023-11-30 17:35:08,846 [INFO] CodeEngine:311 - oldGeneratedFile, /home/cbiale/Escritorio/UBA/maestria/materias/PMC/MIoT-PdM/Proyecto Final/Core/Inc/stm32f4xx_hal_conf.h_save
2023-11-30 17:35:08,958 [INFO] CodeEngine:335 - Generated code: /home/cbiale/Escritorio/UBA/maestria/materias/PMC/MIoT-PdM/Proyecto Final/Core/Inc/stm32f4xx_hal_conf.h
2023-11-30 17:35:08,990 [WARN] IPConfigManager:3431 - IP not found : USB_OTG
2023-11-30 17:35:08,992 [WARN] CodeGenerator:3764 - IP not found : null
2023-11-30 17:35:08,997 [INFO] CodeEngine:255 - oldGeneratedFile, /home/cbiale/Escritorio/UBA/maestria/materias/PMC/MIoT-PdM/Proyecto Final/Core/Inc/main.h_save
2023-11-30 17:35:09,136 [INFO] CodeEngine:279 - Generated code: /home/cbiale/Escritorio/UBA/maestria/materias/PMC/MIoT-PdM/Proyecto Final/Core/Inc/main.h
2023-11-30 17:35:09,140 [INFO] CodeEngine:255 - oldGeneratedFile, /home/cbiale/Escritorio/UBA/maestria/materias/PMC/MIoT-PdM/Proyecto Final/Core/Src/main.c_save
2023-11-30 17:35:09,404 [INFO] CodeEngine:279 - Generated code: /home/cbiale/Escritorio/UBA/maestria/materias/PMC/MIoT-PdM/Proyecto Final/Core/Src/main.c
2023-11-30 17:35:10,192 [INFO] ProjectBuilder:3064 - Time for Copy HAL[1] : 109mS.
2023-11-30 17:35:10,197 [INFO] ProjectBuilder:4404 - Project Generator version: 4.1.0
2023-11-30 17:35:10,745 [INFO] ConfigFileManager:1457 - The Die is : DIE419
2023-11-30 17:35:10,752 [INFO] ApiDbMcu:507 - Load IP Config File for FATFS
2023-11-30 17:35:10,762 [INFO] ApiDbMcu:507 - Load IP Config File for FREERTOS
2023-11-30 17:35:10,766 [INFO] ApiDbMcu:507 - Load IP Config File for LIBJPEG
2023-11-30 17:35:10,779 [INFO] ApiDbMcu:507 - Load IP Config File for LWIP
2023-11-30 17:35:10,790 [INFO] ApiDbMcu:507 - Load IP Config File for MBEDTLS
2023-11-30 17:35:10,804 [INFO] ApiDbMcu:507 - Load IP Config File for USB_DEVICE
2023-11-30 17:35:10,812 [INFO] ApiDbMcu:507 - Load IP Config File for USB_HOST
2023-11-30 17:35:13,523 [INFO] ProjectBuilder:4626 - Time for Generating toolchain IDE Files: 3326mS.
2023-11-30 17:35:13,524 [INFO] ProjectBuilder:2935 - Time for Copy CMSIS : 0mS.
2023-11-30 17:35:13,526 [INFO] ProjectBuilder:2935 - Time for Copy CMSIS : 0mS.
