14:05:39 **** Incremental Build of configuration Debug for project Practica_4 ****
make -j8 all 
arm-none-eabi-size   Practica_4.elf 
   text	   data	    bss	    dec	    hex	filename
  13168	     20	   3500	  16688	   4130	Practica_4.elf
Finished building: default.size.stdout
 
14:05:55 **** Incremental Build of configuration Debug for project Practica_4 ****
make -j8 all 
arm-none-eabi-size   Practica_4.elf 
   text	   data	    bss	    dec	    hex	filename
  13168	     20	   3500	  16688	   4130	Practica_4.elf
Finished building: default.size.stdout
 
14:12:43 **** Incremental Build of configuration Debug for project Practica_4 ****
make -j8 all 
arm-none-eabi-gcc "../Drivers/API/Src/API_debounce.c" -mcpu=cortex-m4 -std=gnu11 -g3 -DDEBUG -DUSE_HAL_DRIVER -DSTM32F429xx -c -I../Core/Inc -I../Drivers/STM32F4xx_HAL_Driver/Inc -I../Drivers/STM32F4xx_HAL_Driver/Inc/Legacy -I../Drivers/CMSIS/Device/ST/STM32F4xx/Include -I../Drivers/CMSIS/Include -I"/home/cbiale/Escritorio/UBA/maestria/materias/PMC/MIoT-PdM/Practica_4/Drivers/API/Inc" -O0 -ffunction-sections -fdata-sections -Wall -fstack-usage -fcyclomatic-complexity -MMD -MP -MF"Drivers/API/Src/API_debounce.d" -MT"Drivers/API/Src/API_debounce.o" --specs=nano.specs -mfpu=fpv4-sp-d16 -mfloat-abi=hard -mthumb -o "Drivers/API/Src/API_debounce.o"
arm-none-eabi-gcc -o "Practica_4.elf" @"objects.list"   -mcpu=cortex-m4 -T"/home/cbiale/Escritorio/UBA/maestria/materias/PMC/MIoT-PdM/Practica_4/STM32F429ZITX_FLASH.ld" --specs=nosys.specs -Wl,-Map="Practica_4.map" -Wl,--gc-sections -static --specs=nano.specs -mfpu=fpv4-sp-d16 -mfloat-abi=hard -mthumb -Wl,--start-group -lc -lm -Wl,--end-group
Finished building target: Practica_4.elf
 
arm-none-eabi-size   Practica_4.elf 
arm-none-eabi-objdump -h -S  Practica_4.elf  > "Practica_4.list"
   text	   data	    bss	    dec	    hex	filename
  13172	     20	   3500	  16692	   4134	Practica_4.elf
Finished building: default.size.stdout
 
Finished building: Practica_4.list
 
14:12:58 **** Incremental Build of configuration Debug for project Practica_4 ****
make -j8 all 
arm-none-eabi-size   Practica_4.elf 
   text	   data	    bss	    dec	    hex	filename
  13172	     20	   3500	  16692	   4134	Practica_4.elf
Finished building: default.size.stdout
 
14:14:32 **** Incremental Build of configuration Debug for project Practica_4 ****
make -j8 all 
arm-none-eabi-gcc "../Drivers/API/Src/API_debounce.c" -mcpu=cortex-m4 -std=gnu11 -g3 -DDEBUG -DUSE_HAL_DRIVER -DSTM32F429xx -c -I../Core/Inc -I../Drivers/STM32F4xx_HAL_Driver/Inc -I../Drivers/STM32F4xx_HAL_Driver/Inc/Legacy -I../Drivers/CMSIS/Device/ST/STM32F4xx/Include -I../Drivers/CMSIS/Include -I"/home/cbiale/Escritorio/UBA/maestria/materias/PMC/MIoT-PdM/Practica_4/Drivers/API/Inc" -O0 -ffunction-sections -fdata-sections -Wall -fstack-usage -fcyclomatic-complexity -MMD -MP -MF"Drivers/API/Src/API_debounce.d" -MT"Drivers/API/Src/API_debounce.o" --specs=nano.specs -mfpu=fpv4-sp-d16 -mfloat-abi=hard -mthumb -o "Drivers/API/Src/API_debounce.o"
arm-none-eabi-gcc -o "Practica_4.elf" @"objects.list"   -mcpu=cortex-m4 -T"/home/cbiale/Escritorio/UBA/maestria/materias/PMC/MIoT-PdM/Practica_4/STM32F429ZITX_FLASH.ld" --specs=nosys.specs -Wl,-Map="Practica_4.map" -Wl,--gc-sections -static --specs=nano.specs -mfpu=fpv4-sp-d16 -mfloat-abi=hard -mthumb -Wl,--start-group -lc -lm -Wl,--end-group
Finished building target: Practica_4.elf
 
arm-none-eabi-size   Practica_4.elf 
arm-none-eabi-objdump -h -S  Practica_4.elf  > "Practica_4.list"
   text	   data	    bss	    dec	    hex	filename
  13168	     20	   3500	  16688	   4130	Practica_4.elf
Finished building: default.size.stdout
 
Finished building: Practica_4.list
 
14:35:06 **** Incremental Build of configuration Debug for project Practica_4 ****
make -j8 all 
arm-none-eabi-gcc "../Drivers/API/Src/API_debounce.c" -mcpu=cortex-m4 -std=gnu11 -g3 -DDEBUG -DUSE_HAL_DRIVER -DSTM32F429xx -c -I../Core/Inc -I../Drivers/STM32F4xx_HAL_Driver/Inc -I../Drivers/STM32F4xx_HAL_Driver/Inc/Legacy -I../Drivers/CMSIS/Device/ST/STM32F4xx/Include -I../Drivers/CMSIS/Include -I"/home/cbiale/Escritorio/UBA/maestria/materias/PMC/MIoT-PdM/Practica_4/Drivers/API/Inc" -O0 -ffunction-sections -fdata-sections -Wall -fstack-usage -fcyclomatic-complexity -MMD -MP -MF"Drivers/API/Src/API_debounce.d" -MT"Drivers/API/Src/API_debounce.o" --specs=nano.specs -mfpu=fpv4-sp-d16 -mfloat-abi=hard -mthumb -o "Drivers/API/Src/API_debounce.o"
In file included from ../Drivers/API/Src/API_debounce.c:7:
/home/cbiale/Escritorio/UBA/maestria/materias/PMC/MIoT-PdM/Practica_4/Drivers/API/Inc/API_debounce.h:19:1: error: unknown type name 'bool_t'; did you mean 'bool'?
   19 | bool_t readKey();
      | ^~~~~~
      | bool
../Drivers/API/Src/API_debounce.c:31:7: error: unknown type name 'uint32_t'
   31 | const uint32_t duracionRetardo = 40u;
      |       ^~~~~~~~
../Drivers/API/Src/API_debounce.c:35:7: error: unknown type name 'uint32_t'
   35 | const uint32_t duracionVelocidadBaja = 100u;
      |       ^~~~~~~~
../Drivers/API/Src/API_debounce.c:36:7: error: unknown type name 'uint32_t'
   36 | const uint32_t duracionVelocidadAlta = 500u;
      |       ^~~~~~~~
../Drivers/API/Src/API_debounce.c:45:1: error: unknown type name 'delay_t'
   45 | delay_t retardo;
      | ^~~~~~~
../Drivers/API/Src/API_debounce.c:49:1: error: unknown type name 'delay_t'
   49 | delay_t retardoLed;
      | ^~~~~~~
../Drivers/API/Src/API_debounce.c: In function 'buttonPressed':
../Drivers/API/Src/API_debounce.c:53:9: warning: implicit declaration of function 'HAL_GPIO_WritePin' [-Wimplicit-function-declaration]
   53 |         HAL_GPIO_WritePin(LD1_GPIO_Port, LD1_Pin, GPIO_PIN_SET);
      |         ^~~~~~~~~~~~~~~~~
../Drivers/API/Src/API_debounce.c:15:23: error: 'GPIOB' undeclared (first use in this function)
   15 | #define LD1_GPIO_Port GPIOB
      |                       ^~~~~
../Drivers/API/Src/API_debounce.c:53:27: note: in expansion of macro 'LD1_GPIO_Port'
   53 |         HAL_GPIO_WritePin(LD1_GPIO_Port, LD1_Pin, GPIO_PIN_SET);
      |                           ^~~~~~~~~~~~~
../Drivers/API/Src/API_debounce.c:15:23: note: each undeclared identifier is reported only once for each function it appears in
   15 | #define LD1_GPIO_Port GPIOB
      |                       ^~~~~
../Drivers/API/Src/API_debounce.c:53:27: note: in expansion of macro 'LD1_GPIO_Port'
   53 |         HAL_GPIO_WritePin(LD1_GPIO_Port, LD1_Pin, GPIO_PIN_SET);
      |                           ^~~~~~~~~~~~~
../Drivers/API/Src/API_debounce.c:14:17: error: 'GPIO_PIN_0' undeclared (first use in this function)
   14 | #define LD1_Pin GPIO_PIN_0
      |                 ^~~~~~~~~~
../Drivers/API/Src/API_debounce.c:53:42: note: in expansion of macro 'LD1_Pin'
   53 |         HAL_GPIO_WritePin(LD1_GPIO_Port, LD1_Pin, GPIO_PIN_SET);
      |                                          ^~~~~~~
../Drivers/API/Src/API_debounce.c:53:51: error: 'GPIO_PIN_SET' undeclared (first use in this function)
   53 |         HAL_GPIO_WritePin(LD1_GPIO_Port, LD1_Pin, GPIO_PIN_SET);
      |                                                   ^~~~~~~~~~~~
../Drivers/API/Src/API_debounce.c: In function 'buttonReleassed':
../Drivers/API/Src/API_debounce.c:15:23: error: 'GPIOB' undeclared (first use in this function)
   15 | #define LD1_GPIO_Port GPIOB
      |                       ^~~~~
../Drivers/API/Src/API_debounce.c:57:27: note: in expansion of macro 'LD1_GPIO_Port'
   57 |         HAL_GPIO_WritePin(LD1_GPIO_Port, LD1_Pin, GPIO_PIN_RESET);
      |                           ^~~~~~~~~~~~~
../Drivers/API/Src/API_debounce.c:14:17: error: 'GPIO_PIN_0' undeclared (first use in this function)
   14 | #define LD1_Pin GPIO_PIN_0
      |                 ^~~~~~~~~~
../Drivers/API/Src/API_debounce.c:57:42: note: in expansion of macro 'LD1_Pin'
   57 |         HAL_GPIO_WritePin(LD1_GPIO_Port, LD1_Pin, GPIO_PIN_RESET);
      |                                          ^~~~~~~
../Drivers/API/Src/API_debounce.c:57:51: error: 'GPIO_PIN_RESET' undeclared (first use in this function)
   57 |         HAL_GPIO_WritePin(LD1_GPIO_Port, LD1_Pin, GPIO_PIN_RESET);
      |                                                   ^~~~~~~~~~~~~~
../Drivers/API/Src/API_debounce.c: In function 'debounceFSM_init':
../Drivers/API/Src/API_debounce.c:62:9: warning: implicit declaration of function 'delayInit' [-Wimplicit-function-declaration]
   62 |         delayInit(&retardoLed, duracionVelocidadBaja);
      |         ^~~~~~~~~
../Drivers/API/Src/API_debounce.c:63:9: warning: implicit declaration of function 'delayRead' [-Wimplicit-function-declaration]
   63 |         delayRead(&retardoLed);
      |         ^~~~~~~~~
../Drivers/API/Src/API_debounce.c: In function 'debounceFSM_update':
../Drivers/API/Src/API_debounce.c:69:21: warning: implicit declaration of function 'HAL_GPIO_ReadPin' [-Wimplicit-function-declaration]
   69 |                 if (HAL_GPIO_ReadPin(USER_Btn_GPIO_Port, USER_Btn_Pin) == 0) {
      |                     ^~~~~~~~~~~~~~~~
../Drivers/API/Src/API_debounce.c:13:28: error: 'GPIOC' undeclared (first use in this function)
   13 | #define USER_Btn_GPIO_Port GPIOC
      |                            ^~~~~
../Drivers/API/Src/API_debounce.c:69:38: note: in expansion of macro 'USER_Btn_GPIO_Port'
   69 |                 if (HAL_GPIO_ReadPin(USER_Btn_GPIO_Port, USER_Btn_Pin) == 0) {
      |                                      ^~~~~~~~~~~~~~~~~~
../Drivers/API/Src/API_debounce.c:12:22: error: 'GPIO_PIN_13' undeclared (first use in this function)
   12 | #define USER_Btn_Pin GPIO_PIN_13
      |                      ^~~~~~~~~~~
../Drivers/API/Src/API_debounce.c:69:58: note: in expansion of macro 'USER_Btn_Pin'
   69 |                 if (HAL_GPIO_ReadPin(USER_Btn_GPIO_Port, USER_Btn_Pin) == 0) {
      |                                                          ^~~~~~~~~~~~
../Drivers/API/Src/API_debounce.c: At top level:
../Drivers/API/Src/API_debounce.c:109:1: error: unknown type name 'bool_t'; did you mean 'bool'?
  109 | bool_t readKey() {
      | ^~~~~~
      | bool
make: *** [Drivers/API/Src/subdir.mk:22: Drivers/API/Src/API_debounce.o] Error 1
"make -j8 all" terminated with exit code 2. Build might be incomplete.
14:36:16 **** Incremental Build of configuration Debug for project Practica_4 ****
make -j8 all 
arm-none-eabi-gcc "../Drivers/API/Src/API_debounce.c" -mcpu=cortex-m4 -std=gnu11 -g3 -DDEBUG -DUSE_HAL_DRIVER -DSTM32F429xx -c -I../Core/Inc -I../Drivers/STM32F4xx_HAL_Driver/Inc -I../Drivers/STM32F4xx_HAL_Driver/Inc/Legacy -I../Drivers/CMSIS/Device/ST/STM32F4xx/Include -I../Drivers/CMSIS/Include -I"/home/cbiale/Escritorio/UBA/maestria/materias/PMC/MIoT-PdM/Practica_4/Drivers/API/Inc" -O0 -ffunction-sections -fdata-sections -Wall -fstack-usage -fcyclomatic-complexity -MMD -MP -MF"Drivers/API/Src/API_debounce.d" -MT"Drivers/API/Src/API_debounce.o" --specs=nano.specs -mfpu=fpv4-sp-d16 -mfloat-abi=hard -mthumb -o "Drivers/API/Src/API_debounce.o"
arm-none-eabi-gcc -o "Practica_4.elf" @"objects.list"   -mcpu=cortex-m4 -T"/home/cbiale/Escritorio/UBA/maestria/materias/PMC/MIoT-PdM/Practica_4/STM32F429ZITX_FLASH.ld" --specs=nosys.specs -Wl,-Map="Practica_4.map" -Wl,--gc-sections -static --specs=nano.specs -mfpu=fpv4-sp-d16 -mfloat-abi=hard -mthumb -Wl,--start-group -lc -lm -Wl,--end-group
Finished building target: Practica_4.elf
 
arm-none-eabi-size   Practica_4.elf 
arm-none-eabi-objdump -h -S  Practica_4.elf  > "Practica_4.list"
   text	   data	    bss	    dec	    hex	filename
  13192	     20	   3516	  16728	   4158	Practica_4.elf
Finished building: default.size.stdout
 
Finished building: Practica_4.list
 
14:54:43 **** Incremental Build of configuration Debug for project Practica_4 ****
make -j8 all 
arm-none-eabi-gcc "../Drivers/API/Src/API_debounce.c" -mcpu=cortex-m4 -std=gnu11 -g3 -DDEBUG -DUSE_HAL_DRIVER -DSTM32F429xx -c -I../Core/Inc -I../Drivers/STM32F4xx_HAL_Driver/Inc -I../Drivers/STM32F4xx_HAL_Driver/Inc/Legacy -I../Drivers/CMSIS/Device/ST/STM32F4xx/Include -I../Drivers/CMSIS/Include -I"/home/cbiale/Escritorio/UBA/maestria/materias/PMC/MIoT-PdM/Practica_4/Drivers/API/Inc" -O0 -ffunction-sections -fdata-sections -Wall -fstack-usage -fcyclomatic-complexity -MMD -MP -MF"Drivers/API/Src/API_debounce.d" -MT"Drivers/API/Src/API_debounce.o" --specs=nano.specs -mfpu=fpv4-sp-d16 -mfloat-abi=hard -mthumb -o "Drivers/API/Src/API_debounce.o"
../Drivers/API/Src/API_debounce.c: In function 'debounceFSM_update':
../Drivers/API/Src/API_debounce.c:106:44: error: 'GPIOx' undeclared (first use in this function); did you mean 'GPIOH'?
  106 |                         HAL_GPIO_TogglePin(GPIOx, GPIO_Pin)(LD1_GPIO_Port, LD1_Pin);
      |                                            ^~~~~
      |                                            GPIOH
../Drivers/API/Src/API_debounce.c:106:44: note: each undeclared identifier is reported only once for each function it appears in
../Drivers/API/Src/API_debounce.c:106:51: error: 'GPIO_Pin' undeclared (first use in this function); did you mean 'GPIO_PIN_3'?
  106 |                         HAL_GPIO_TogglePin(GPIOx, GPIO_Pin)(LD1_GPIO_Port, LD1_Pin);
      |                                                   ^~~~~~~~
      |                                                   GPIO_PIN_3
make: *** [Drivers/API/Src/subdir.mk:22: Drivers/API/Src/API_debounce.o] Error 1
"make -j8 all" terminated with exit code 2. Build might be incomplete.
14:55:28 **** Incremental Build of configuration Debug for project Practica_4 ****
make -j8 all 
arm-none-eabi-gcc "../Drivers/API/Src/API_debounce.c" -mcpu=cortex-m4 -std=gnu11 -g3 -DDEBUG -DUSE_HAL_DRIVER -DSTM32F429xx -c -I../Core/Inc -I../Drivers/STM32F4xx_HAL_Driver/Inc -I../Drivers/STM32F4xx_HAL_Driver/Inc/Legacy -I../Drivers/CMSIS/Device/ST/STM32F4xx/Include -I../Drivers/CMSIS/Include -I"/home/cbiale/Escritorio/UBA/maestria/materias/PMC/MIoT-PdM/Practica_4/Drivers/API/Inc" -O0 -ffunction-sections -fdata-sections -Wall -fstack-usage -fcyclomatic-complexity -MMD -MP -MF"Drivers/API/Src/API_debounce.d" -MT"Drivers/API/Src/API_debounce.o" --specs=nano.specs -mfpu=fpv4-sp-d16 -mfloat-abi=hard -mthumb -o "Drivers/API/Src/API_debounce.o"
arm-none-eabi-gcc -o "Practica_4.elf" @"objects.list"   -mcpu=cortex-m4 -T"/home/cbiale/Escritorio/UBA/maestria/materias/PMC/MIoT-PdM/Practica_4/STM32F429ZITX_FLASH.ld" --specs=nosys.specs -Wl,-Map="Practica_4.map" -Wl,--gc-sections -static --specs=nano.specs -mfpu=fpv4-sp-d16 -mfloat-abi=hard -mthumb -Wl,--start-group -lc -lm -Wl,--end-group
Finished building target: Practica_4.elf
 
arm-none-eabi-size   Practica_4.elf 
arm-none-eabi-objdump -h -S  Practica_4.elf  > "Practica_4.list"
   text	   data	    bss	    dec	    hex	filename
  13204	     20	   3516	  16740	   4164	Practica_4.elf
Finished building: default.size.stdout
 
Finished building: Practica_4.list
 
14:55:35 **** Incremental Build of configuration Debug for project Practica_4 ****
make -j8 all 
arm-none-eabi-size   Practica_4.elf 
   text	   data	    bss	    dec	    hex	filename
  13204	     20	   3516	  16740	   4164	Practica_4.elf
Finished building: default.size.stdout
 
14:55:44 **** Incremental Build of configuration Debug for project Practica_4 ****
make -j8 all 
arm-none-eabi-size   Practica_4.elf 
   text	   data	    bss	    dec	    hex	filename
  13204	     20	   3516	  16740	   4164	Practica_4.elf
Finished building: default.size.stdout
 
14:57:43 **** Incremental Build of configuration Debug for project Practica_4 ****
make -j8 all 
arm-none-eabi-gcc "../Drivers/API/Src/API_debounce.c" -mcpu=cortex-m4 -std=gnu11 -g3 -DDEBUG -DUSE_HAL_DRIVER -DSTM32F429xx -c -I../Core/Inc -I../Drivers/STM32F4xx_HAL_Driver/Inc -I../Drivers/STM32F4xx_HAL_Driver/Inc/Legacy -I../Drivers/CMSIS/Device/ST/STM32F4xx/Include -I../Drivers/CMSIS/Include -I"/home/cbiale/Escritorio/UBA/maestria/materias/PMC/MIoT-PdM/Practica_4/Drivers/API/Inc" -O0 -ffunction-sections -fdata-sections -Wall -fstack-usage -fcyclomatic-complexity -MMD -MP -MF"Drivers/API/Src/API_debounce.d" -MT"Drivers/API/Src/API_debounce.o" --specs=nano.specs -mfpu=fpv4-sp-d16 -mfloat-abi=hard -mthumb -o "Drivers/API/Src/API_debounce.o"
arm-none-eabi-gcc -o "Practica_4.elf" @"objects.list"   -mcpu=cortex-m4 -T"/home/cbiale/Escritorio/UBA/maestria/materias/PMC/MIoT-PdM/Practica_4/STM32F429ZITX_FLASH.ld" --specs=nosys.specs -Wl,-Map="Practica_4.map" -Wl,--gc-sections -static --specs=nano.specs -mfpu=fpv4-sp-d16 -mfloat-abi=hard -mthumb -Wl,--start-group -lc -lm -Wl,--end-group
Finished building target: Practica_4.elf
 
arm-none-eabi-size   Practica_4.elf 
arm-none-eabi-objdump -h -S  Practica_4.elf  > "Practica_4.list"
   text	   data	    bss	    dec	    hex	filename
  13204	     20	   3516	  16740	   4164	Practica_4.elf
Finished building: default.size.stdout
 
Finished building: Practica_4.list
 
14:57:50 **** Incremental Build of configuration Debug for project Practica_4 ****
make -j8 all 
arm-none-eabi-size   Practica_4.elf 
   text	   data	    bss	    dec	    hex	filename
  13204	     20	   3516	  16740	   4164	Practica_4.elf
Finished building: default.size.stdout
 
15:05:13 **** Incremental Build of configuration Debug for project Practica_4 ****
make -j8 all 
arm-none-eabi-gcc "../Drivers/API/Src/API_debounce.c" -mcpu=cortex-m4 -std=gnu11 -g3 -DDEBUG -DUSE_HAL_DRIVER -DSTM32F429xx -c -I../Core/Inc -I../Drivers/STM32F4xx_HAL_Driver/Inc -I../Drivers/STM32F4xx_HAL_Driver/Inc/Legacy -I../Drivers/CMSIS/Device/ST/STM32F4xx/Include -I../Drivers/CMSIS/Include -I"/home/cbiale/Escritorio/UBA/maestria/materias/PMC/MIoT-PdM/Practica_4/Drivers/API/Inc" -O0 -ffunction-sections -fdata-sections -Wall -fstack-usage -fcyclomatic-complexity -MMD -MP -MF"Drivers/API/Src/API_debounce.d" -MT"Drivers/API/Src/API_debounce.o" --specs=nano.specs -mfpu=fpv4-sp-d16 -mfloat-abi=hard -mthumb -o "Drivers/API/Src/API_debounce.o"
arm-none-eabi-gcc -o "Practica_4.elf" @"objects.list"   -mcpu=cortex-m4 -T"/home/cbiale/Escritorio/UBA/maestria/materias/PMC/MIoT-PdM/Practica_4/STM32F429ZITX_FLASH.ld" --specs=nosys.specs -Wl,-Map="Practica_4.map" -Wl,--gc-sections -static --specs=nano.specs -mfpu=fpv4-sp-d16 -mfloat-abi=hard -mthumb -Wl,--start-group -lc -lm -Wl,--end-group
Finished building target: Practica_4.elf
 
arm-none-eabi-size   Practica_4.elf 
arm-none-eabi-objdump -h -S  Practica_4.elf  > "Practica_4.list"
   text	   data	    bss	    dec	    hex	filename
  13284	     20	   3516	  16820	   41b4	Practica_4.elf
Finished building: default.size.stdout
 
Finished building: Practica_4.list
 
15:05:23 **** Incremental Build of configuration Debug for project Practica_4 ****
make -j8 all 
arm-none-eabi-size   Practica_4.elf 
   text	   data	    bss	    dec	    hex	filename
  13284	     20	   3516	  16820	   41b4	Practica_4.elf
Finished building: default.size.stdout
 
15:19:55 **** Incremental Build of configuration Debug for project Practica_4 ****
make -j8 all 
arm-none-eabi-gcc "../Drivers/API/Src/API_debounce.c" -mcpu=cortex-m4 -std=gnu11 -g3 -DDEBUG -DUSE_HAL_DRIVER -DSTM32F429xx -c -I../Core/Inc -I../Drivers/STM32F4xx_HAL_Driver/Inc -I../Drivers/STM32F4xx_HAL_Driver/Inc/Legacy -I../Drivers/CMSIS/Device/ST/STM32F4xx/Include -I../Drivers/CMSIS/Include -I"/home/cbiale/Escritorio/UBA/maestria/materias/PMC/MIoT-PdM/Practica_4/Drivers/API/Inc" -O0 -ffunction-sections -fdata-sections -Wall -fstack-usage -fcyclomatic-complexity -MMD -MP -MF"Drivers/API/Src/API_debounce.d" -MT"Drivers/API/Src/API_debounce.o" --specs=nano.specs -mfpu=fpv4-sp-d16 -mfloat-abi=hard -mthumb -o "Drivers/API/Src/API_debounce.o"
arm-none-eabi-gcc -o "Practica_4.elf" @"objects.list"   -mcpu=cortex-m4 -T"/home/cbiale/Escritorio/UBA/maestria/materias/PMC/MIoT-PdM/Practica_4/STM32F429ZITX_FLASH.ld" --specs=nosys.specs -Wl,-Map="Practica_4.map" -Wl,--gc-sections -static --specs=nano.specs -mfpu=fpv4-sp-d16 -mfloat-abi=hard -mthumb -Wl,--start-group -lc -lm -Wl,--end-group
Finished building target: Practica_4.elf
 
arm-none-eabi-size   Practica_4.elf 
arm-none-eabi-objdump -h -S  Practica_4.elf  > "Practica_4.list"
   text	   data	    bss	    dec	    hex	filename
  13284	     20	   3516	  16820	   41b4	Practica_4.elf
Finished building: default.size.stdout
 
Finished building: Practica_4.list
 
15:20:05 **** Incremental Build of configuration Debug for project Practica_4 ****
make -j8 all 
arm-none-eabi-size   Practica_4.elf 
   text	   data	    bss	    dec	    hex	filename
  13284	     20	   3516	  16820	   41b4	Practica_4.elf
Finished building: default.size.stdout
 
16:32:25 **** Incremental Build of configuration Debug for project Practica_4 ****
make -j8 all 
arm-none-eabi-gcc "../Drivers/API/Src/API_debounce.c" -mcpu=cortex-m4 -std=gnu11 -g3 -DDEBUG -DUSE_HAL_DRIVER -DSTM32F429xx -c -I../Core/Inc -I../Drivers/STM32F4xx_HAL_Driver/Inc -I../Drivers/STM32F4xx_HAL_Driver/Inc/Legacy -I../Drivers/CMSIS/Device/ST/STM32F4xx/Include -I../Drivers/CMSIS/Include -I"/home/cbiale/Escritorio/UBA/maestria/materias/PMC/MIoT-PdM/Practica_4/Drivers/API/Inc" -O0 -ffunction-sections -fdata-sections -Wall -fstack-usage -fcyclomatic-complexity -MMD -MP -MF"Drivers/API/Src/API_debounce.d" -MT"Drivers/API/Src/API_debounce.o" --specs=nano.specs -mfpu=fpv4-sp-d16 -mfloat-abi=hard -mthumb -o "Drivers/API/Src/API_debounce.o"
arm-none-eabi-gcc -o "Practica_4.elf" @"objects.list"   -mcpu=cortex-m4 -T"/home/cbiale/Escritorio/UBA/maestria/materias/PMC/MIoT-PdM/Practica_4/STM32F429ZITX_FLASH.ld" --specs=nosys.specs -Wl,-Map="Practica_4.map" -Wl,--gc-sections -static --specs=nano.specs -mfpu=fpv4-sp-d16 -mfloat-abi=hard -mthumb -Wl,--start-group -lc -lm -Wl,--end-group
Finished building target: Practica_4.elf
 
arm-none-eabi-size   Practica_4.elf 
arm-none-eabi-objdump -h -S  Practica_4.elf  > "Practica_4.list"
   text	   data	    bss	    dec	    hex	filename
  13284	     20	   3516	  16820	   41b4	Practica_4.elf
Finished building: default.size.stdout
 
Finished building: Practica_4.list
 
